Restoring modules from user's plumed2_torch
/mnt/home/lyuliyao/gromacs_2020/bin/gmx_mpi: error while loading shared libraries: libc10.so: cannot open shared object file: No such file or directory
srun: error: amr-137: task 0: Exited with exit code 127
/mnt/home/lyuliyao/gromacs_2020/bin/gmx_mpi: error while loading shared libraries: libc10.so: cannot open shared object file: No such file or directory
srun: error: amr-137: task 0: Exited with exit code 127
/mnt/home/lyuliyao/gromacs_2020/bin/gmx_mpi: error while loading shared libraries: libc10.so: cannot open shared object file: No such file or directory
srun: error: amr-137: task 0: Exited with exit code 127
/mnt/home/lyuliyao/gromacs_2020/bin/gmx_mpi: error while loading shared libraries: libc10.so: cannot open shared object file: No such file or directory
/mnt/home/lyuliyao/gromacs_2020/bin/gmx_mpi: error while loading shared libraries: libc10.so: cannot open shared object file: No such file or directory
srun: error: amr-137: task 0: Exited with exit code 127
srun: error: amr-155: task 511: Exited with exit code 127
/mnt/home/lyuliyao/gromacs_2020/bin/gmx_mpi: error while loading shared libraries: libc10.so: cannot open shared object file: No such file or directory
/mnt/home/lyuliyao/gromacs_2020/bin/gmx_mpi: error while loading shared libraries: libc10.so: cannot open shared object file: No such file or directory
/mnt/home/lyuliyao/gromacs_2020/bin/gmx_mpi: error while loading shared libraries: libc10.so: cannot open shared object file: No such file or directory
/mnt/home/lyuliyao/gromacs_2020/bin/gmx_mpi: error while loading shared libraries: libc10.so: cannot open shared object file: No such file or directory
/mnt/home/lyuliyao/gromacs_2020/bin/gmx_mpi: error while loading shared libraries: libc10.so: cannot open shared object file: No such file or directory
/mnt/home/lyuliyao/gromacs_2020/bin/gmx_mpi: error while loading shared libraries: libc10.so: cannot open shared object file: No such file or directory
/mnt/home/lyuliyao/gromacs_2020/bin/gmx_mpi: error while loading shared libraries: libc10.so: cannot open shared object file: No such file or directory
/mnt/home/lyuliyao/gromacs_2020/bin/gmx_mpi: error while loading shared libraries: libc10.so: cannot open shared object file: No such file or directory
/mnt/home/lyuliyao/gromacs_2020/bin/gmx_mpi: error while loading shared libraries: libc10.so: cannot open shared object file: No such file or directory
/mnt/home/lyuliyao/gromacs_2020/bin/gmx_mpi: error while loading shared libraries: libc10.so: cannot open shared object file: No such file or directory
/mnt/home/lyuliyao/gromacs_2020/bin/gmx_mpi: error while loading shared libraries: libc10.so: cannot open shared object file: No such file or directory
/mnt/home/lyuliyao/gromacs_2020/bin/gmx_mpi: error while loading shared libraries: libc10.so: cannot open shared object file: No such file or directory
/mnt/home/lyuliyao/gromacs_2020/bin/gmx_mpi: error while loading shared libraries: libc10.so: cannot open shared object file: No such file or directory
/mnt/home/lyuliyao/gromacs_2020/bin/gmx_mpi: error while loading shared libraries: libc10.so: cannot open shared object file: No such file or directory
/mnt/home/lyuliyao/gromacs_2020/bin/gmx_mpi: error while loading shared libraries: libc10.so: cannot open shared object file: No such file or directory
/mnt/home/lyuliyao/gromacs_2020/bin/gmx_mpi: error while loading shared libraries: libc10.so: cannot open shared object file: No such file or directory
/mnt/home/lyuliyao/gromacs_2020/bin/gmx_mpi: error while loading shared libraries: libc10.so: cannot open shared object file: No such file or directory
/mnt/home/lyuliyao/gromacs_2020/bin/gmx_mpi: error while loading shared libraries: libc10.so: cannot open shared object file: No such file or directory
/mnt/home/lyuliyao/gromacs_2020/bin/gmx_mpi: error while loading shared libraries: libc10.so: cannot open shared object file: No such file or directory
/mnt/home/lyuliyao/gromacs_2020/bin/gmx_mpi: error while loading shared libraries: libc10.so: cannot open shared object file: No such file or directory
/mnt/home/lyuliyao/gromacs_2020/bin/gmx_mpi: error while loading shared libraries: libc10.so: cannot open shared object file: No such file or directory
/mnt/home/lyuliyao/gromacs_2020/bin/gmx_mpi: error while loading shared libraries: libc10.so: cannot open shared object file: No such file or directory
/mnt/home/lyuliyao/gromacs_2020/bin/gmx_mpi: error while loading shared libraries: libc10.so: cannot open shared object file: No such file or directory
/mnt/home/lyuliyao/gromacs_2020/bin/gmx_mpi: error while loading shared libraries: libc10.so: cannot open shared object file: No such file or directory
/mnt/home/lyuliyao/gromacs_2020/bin/gmx_mpi: error while loading shared libraries: libc10.so: cannot open shared object file: No such file or directory
/mnt/home/lyuliyao/gromacs_2020/bin/gmx_mpi: error while loading shared libraries: libc10.so: cannot open shared object file: No such file or directory
/mnt/home/lyuliyao/gromacs_2020/bin/gmx_mpi: error while loading shared libraries: libc10.so: cannot open shared object file: No such file or directory
/mnt/home/lyuliyao/gromacs_2020/bin/gmx_mpi: error while loading shared libraries: libc10.so: cannot open shared object file: No such file or directory
/mnt/home/lyuliyao/gromacs_2020/bin/gmx_mpi: error while loading shared libraries: libc10.so: cannot open shared object file: No such file or directory
/mnt/home/lyuliyao/gromacs_2020/bin/gmx_mpi: error while loading shared libraries: libc10.so: cannot open shared object file: No such file or directory
/mnt/home/lyuliyao/gromacs_2020/bin/gmx_mpi: error while loading shared libraries: libc10.so: cannot open shared object file: No such file or directory
/mnt/home/lyuliyao/gromacs_2020/bin/gmx_mpi: error while loading shared libraries: libc10.so: cannot open shared object file: No such file or directory
/mnt/home/lyuliyao/gromacs_2020/bin/gmx_mpi: error while loading shared libraries: libc10.so: cannot open shared object file: No such file or directory
/mnt/home/lyuliyao/gromacs_2020/bin/gmx_mpi: error while loading shared libraries: libc10.so: cannot open shared object file: No such file or directory
/mnt/home/lyuliyao/gromacs_2020/bin/gmx_mpi: error while loading shared libraries: libc10.so: cannot open shared object file: No such file or directory
/mnt/home/lyuliyao/gromacs_2020/bin/gmx_mpi: error while loading shared libraries: libc10.so: cannot open shared object file: No such file or directory
/mnt/home/lyuliyao/gromacs_2020/bin/gmx_mpi: error while loading shared libraries: libc10.so: cannot open shared object file: No such file or directory
/mnt/home/lyuliyao/gromacs_2020/bin/gmx_mpi: error while loading shared libraries: libc10.so: cannot open shared object file: No such file or directory
/mnt/home/lyuliyao/gromacs_2020/bin/gmx_mpi: error while loading shared libraries: libc10.so: cannot open shared object file: No such file or directory
/mnt/home/lyuliyao/gromacs_2020/bin/gmx_mpi: error while loading shared libraries: libc10.so: cannot open shared object file: No such file or directory
/mnt/home/lyuliyao/gromacs_2020/bin/gmx_mpi: error while loading shared libraries: libc10.so: cannot open shared object file: No such file or directory
/mnt/home/lyuliyao/gromacs_2020/bin/gmx_mpi: error while loading shared libraries: libc10.so: cannot open shared object file: No such file or directory
/mnt/home/lyuliyao/gromacs_2020/bin/gmx_mpi: error while loading shared libraries: libc10.so: cannot open shared object file: No such file or directory
/mnt/home/lyuliyao/gromacs_2020/bin/gmx_mpi: error while loading shared libraries: libc10.so: cannot open shared object file: No such file or directory
/mnt/home/lyuliyao/gromacs_2020/bin/gmx_mpi: error while loading shared libraries: libc10.so: cannot open shared object file: No such file or directory
/mnt/home/lyuliyao/gromacs_2020/bin/gmx_mpi: error while loading shared libraries: libc10.so: cannot open shared object file: No such file or directory
/mnt/home/lyuliyao/gromacs_2020/bin/gmx_mpi: error while loading shared libraries: libc10.so: cannot open shared object file: No such file or directory
/mnt/home/lyuliyao/gromacs_2020/bin/gmx_mpi: error while loading shared libraries: libc10.so: cannot open shared object file: No such file or directory
/mnt/home/lyuliyao/gromacs_2020/bin/gmx_mpi: error while loading shared libraries: libc10.so: cannot open shared object file: No such file or directory
/mnt/home/lyuliyao/gromacs_2020/bin/gmx_mpi: error while loading shared libraries: libc10.so: cannot open shared object file: No such file or directory
/mnt/home/lyuliyao/gromacs_2020/bin/gmx_mpi: error while loading shared libraries: libc10.so: cannot open shared object file: No such file or directory
/mnt/home/lyuliyao/gromacs_2020/bin/gmx_mpi: error while loading shared libraries: libc10.so: cannot open shared object file: No such file or directory
/mnt/home/lyuliyao/gromacs_2020/bin/gmx_mpi: error while loading shared libraries: libc10.so: cannot open shared object file: No such file or directory
/mnt/home/lyuliyao/gromacs_2020/bin/gmx_mpi: error while loading shared libraries: libc10.so: cannot open shared object file: No such file or directory
/mnt/home/lyuliyao/gromacs_2020/bin/gmx_mpi: error while loading shared libraries: libc10.so: cannot open shared object file: No such file or directory
/mnt/home/lyuliyao/gromacs_2020/bin/gmx_mpi: error while loading shared libraries: libc10.so: cannot open shared object file: No such file or directory
/mnt/home/lyuliyao/gromacs_2020/bin/gmx_mpi: error while loading shared libraries: libc10.so: cannot open shared object file: No such file or directory
/mnt/home/lyuliyao/gromacs_2020/bin/gmx_mpi: error while loading shared libraries: libc10.so: cannot open shared object file: No such file or directory
/mnt/home/lyuliyao/gromacs_2020/bin/gmx_mpi: error while loading shared libraries: libc10.so: cannot open shared object file: No such file or directory
/mnt/home/lyuliyao/gromacs_2020/bin/gmx_mpi: error while loading shared libraries: libc10.so: cannot open shared object file: No such file or directory
/mnt/home/lyuliyao/gromacs_2020/bin/gmx_mpi: error while loading shared libraries: libc10.so: cannot open shared object file: No such file or directory
/mnt/home/lyuliyao/gromacs_2020/bin/gmx_mpi: error while loading shared libraries: libc10.so: cannot open shared object file: No such file or directory
/mnt/home/lyuliyao/gromacs_2020/bin/gmx_mpi: error while loading shared libraries: libc10.so: cannot open shared object file: No such file or directory
/mnt/home/lyuliyao/gromacs_2020/bin/gmx_mpi: error while loading shared libraries: libc10.so: cannot open shared object file: No such file or directory
/mnt/home/lyuliyao/gromacs_2020/bin/gmx_mpi: error while loading shared libraries: libc10.so: cannot open shared object file: No such file or directory
/mnt/home/lyuliyao/gromacs_2020/bin/gmx_mpi: error while loading shared libraries: libc10.so: cannot open shared object file: No such file or directory
/mnt/home/lyuliyao/gromacs_2020/bin/gmx_mpi: error while loading shared libraries: libc10.so: cannot open shared object file: No such file or directory
/mnt/home/lyuliyao/gromacs_2020/bin/gmx_mpi: error while loading shared libraries: libc10.so: cannot open shared object file: No such file or directory
/mnt/home/lyuliyao/gromacs_2020/bin/gmx_mpi: error while loading shared libraries: libc10.so: cannot open shared object file: No such file or directory
/mnt/home/lyuliyao/gromacs_2020/bin/gmx_mpi: error while loading shared libraries: libc10.so: cannot open shared object file: No such file or directory
/mnt/home/lyuliyao/gromacs_2020/bin/gmx_mpi: error while loading shared libraries: libc10.so: cannot open shared object file: No such file or directory
/mnt/home/lyuliyao/gromacs_2020/bin/gmx_mpi: error while loading shared libraries: libc10.so: cannot open shared object file: No such file or directory
/mnt/home/lyuliyao/gromacs_2020/bin/gmx_mpi: error while loading shared libraries: libc10.so: cannot open shared object file: No such file or directory
/mnt/home/lyuliyao/gromacs_2020/bin/gmx_mpi: error while loading shared libraries: libc10.so: cannot open shared object file: No such file or directory
/mnt/home/lyuliyao/gromacs_2020/bin/gmx_mpi: error while loading shared libraries: libc10.so: cannot open shared object file: No such file or directory
/mnt/home/lyuliyao/gromacs_2020/bin/gmx_mpi: error while loading shared libraries: libc10.so: cannot open shared object file: No such file or directory
/mnt/home/lyuliyao/gromacs_2020/bin/gmx_mpi: error while loading shared libraries: libc10.so: cannot open shared object file: No such file or directory
/mnt/home/lyuliyao/gromacs_2020/bin/gmx_mpi: error while loading shared libraries: libc10.so: cannot open shared object file: No such file or directory
/mnt/home/lyuliyao/gromacs_2020/bin/gmx_mpi: error while loading shared libraries: libc10.so: cannot open shared object file: No such file or directory
/mnt/home/lyuliyao/gromacs_2020/bin/gmx_mpi: error while loading shared libraries: libc10.so: cannot open shared object file: No such file or directory
/mnt/home/lyuliyao/gromacs_2020/bin/gmx_mpi: error while loading shared libraries: libc10.so: cannot open shared object file: No such file or directory
/mnt/home/lyuliyao/gromacs_2020/bin/gmx_mpi: error while loading shared libraries: libc10.so: cannot open shared object file: No such file or directory
/mnt/home/lyuliyao/gromacs_2020/bin/gmx_mpi: error while loading shared libraries: libc10.so: cannot open shared object file: No such file or directory
/mnt/home/lyuliyao/gromacs_2020/bin/gmx_mpi: error while loading shared libraries: libc10.so: cannot open shared object file: No such file or directory
/mnt/home/lyuliyao/gromacs_2020/bin/gmx_mpi: error while loading shared libraries: libc10.so: cannot open shared object file: No such file or directory
/mnt/home/lyuliyao/gromacs_2020/bin/gmx_mpi: error while loading shared libraries: libc10.so: cannot open shared object file: No such file or directory
/mnt/home/lyuliyao/gromacs_2020/bin/gmx_mpi: error while loading shared libraries: libc10.so: cannot open shared object file: No such file or directory
/mnt/home/lyuliyao/gromacs_2020/bin/gmx_mpi: error while loading shared libraries: libc10.so: cannot open shared object file: No such file or directory
/mnt/home/lyuliyao/gromacs_2020/bin/gmx_mpi: error while loading shared libraries: libc10.so: cannot open shared object file: No such file or directory
/mnt/home/lyuliyao/gromacs_2020/bin/gmx_mpi: error while loading shared libraries: libc10.so: cannot open shared object file: No such file or directory
srun: error: amr-149: tasks 1-27: Exited with exit code 127
/mnt/home/lyuliyao/gromacs_2020/bin/gmx_mpi: error while loading shared libraries: libc10.so: cannot open shared object file: No such file or directory
/mnt/home/lyuliyao/gromacs_2020/bin/gmx_mpi: error while loading shared libraries: libc10.so: cannot open shared object file: No such file or directory
/mnt/home/lyuliyao/gromacs_2020/bin/gmx_mpi: error while loading shared libraries: libc10.so: cannot open shared object file: No such file or directory
/mnt/home/lyuliyao/gromacs_2020/bin/gmx_mpi: error while loading shared libraries: libc10.so: cannot open shared object file: No such file or directory
/mnt/home/lyuliyao/gromacs_2020/bin/gmx_mpi: error while loading shared libraries: libc10.so: cannot open shared object file: No such file or directory
/mnt/home/lyuliyao/gromacs_2020/bin/gmx_mpi: error while loading shared libraries: libc10.so: cannot open shared object file: No such file or directory
/mnt/home/lyuliyao/gromacs_2020/bin/gmx_mpi: error while loading shared libraries: libc10.so: cannot open shared object file: No such file or directory
/mnt/home/lyuliyao/gromacs_2020/bin/gmx_mpi: error while loading shared libraries: libc10.so: cannot open shared object file: No such file or directory
/mnt/home/lyuliyao/gromacs_2020/bin/gmx_mpi: error while loading shared libraries: libc10.so: cannot open shared object file: No such file or directory
/mnt/home/lyuliyao/gromacs_2020/bin/gmx_mpi: error while loading shared libraries: libc10.so: cannot open shared object file: No such file or directory
/mnt/home/lyuliyao/gromacs_2020/bin/gmx_mpi: error while loading shared libraries: libc10.so: cannot open shared object file: No such file or directory
/mnt/home/lyuliyao/gromacs_2020/bin/gmx_mpi: error while loading shared libraries: libc10.so: cannot open shared object file: No such file or directory
/mnt/home/lyuliyao/gromacs_2020/bin/gmx_mpi: error while loading shared libraries: libc10.so: cannot open shared object file: No such file or directory
/mnt/home/lyuliyao/gromacs_2020/bin/gmx_mpi: error while loading shared libraries: libc10.so: cannot open shared object file: No such file or directory
/mnt/home/lyuliyao/gromacs_2020/bin/gmx_mpi: error while loading shared libraries: libc10.so: cannot open shared object file: No such file or directory
/mnt/home/lyuliyao/gromacs_2020/bin/gmx_mpi: error while loading shared libraries: libc10.so: cannot open shared object file: No such file or directory
/mnt/home/lyuliyao/gromacs_2020/bin/gmx_mpi: error while loading shared libraries: libc10.so: cannot open shared object file: No such file or directory
/mnt/home/lyuliyao/gromacs_2020/bin/gmx_mpi: error while loading shared libraries: libc10.so: cannot open shared object file: No such file or directory
/mnt/home/lyuliyao/gromacs_2020/bin/gmx_mpi: error while loading shared libraries: libc10.so: cannot open shared object file: No such file or directory
/mnt/home/lyuliyao/gromacs_2020/bin/gmx_mpi: error while loading shared libraries: libc10.so: cannot open shared object file: No such file or directory
/mnt/home/lyuliyao/gromacs_2020/bin/gmx_mpi: error while loading shared libraries: libc10.so: cannot open shared object file: No such file or directory
/mnt/home/lyuliyao/gromacs_2020/bin/gmx_mpi: error while loading shared libraries: libc10.so: cannot open shared object file: No such file or directory
/mnt/home/lyuliyao/gromacs_2020/bin/gmx_mpi: error while loading shared libraries: libc10.so: cannot open shared object file: No such file or directory
/mnt/home/lyuliyao/gromacs_2020/bin/gmx_mpi: error while loading shared libraries: libc10.so: cannot open shared object file: No such file or directory
/mnt/home/lyuliyao/gromacs_2020/bin/gmx_mpi: error while loading shared libraries: libc10.so: cannot open shared object file: No such file or directory
/mnt/home/lyuliyao/gromacs_2020/bin/gmx_mpi: error while loading shared libraries: libc10.so: cannot open shared object file: No such file or directory
/mnt/home/lyuliyao/gromacs_2020/bin/gmx_mpi: error while loading shared libraries: libc10.so: cannot open shared object file: No such file or directory
/mnt/home/lyuliyao/gromacs_2020/bin/gmx_mpi: error while loading shared libraries: libc10.so: cannot open shared object file: No such file or directory
/mnt/home/lyuliyao/gromacs_2020/bin/gmx_mpi: error while loading shared libraries: libc10.so: cannot open shared object file: No such file or directory
/mnt/home/lyuliyao/gromacs_2020/bin/gmx_mpi: error while loading shared libraries: libc10.so: cannot open shared object file: No such file or directory
/mnt/home/lyuliyao/gromacs_2020/bin/gmx_mpi: error while loading shared libraries: libc10.so: cannot open shared object file: No such file or directory
/mnt/home/lyuliyao/gromacs_2020/bin/gmx_mpi: error while loading shared libraries: libc10.so: cannot open shared object file: No such file or directory
/mnt/home/lyuliyao/gromacs_2020/bin/gmx_mpi: error while loading shared libraries: libc10.so: cannot open shared object file: No such file or directory
/mnt/home/lyuliyao/gromacs_2020/bin/gmx_mpi: error while loading shared libraries: libc10.so: cannot open shared object file: No such file or directory
/mnt/home/lyuliyao/gromacs_2020/bin/gmx_mpi: error while loading shared libraries: libc10.so: cannot open shared object file: No such file or directory
/mnt/home/lyuliyao/gromacs_2020/bin/gmx_mpi: error while loading shared libraries: libc10.so: cannot open shared object file: No such file or directory
/mnt/home/lyuliyao/gromacs_2020/bin/gmx_mpi: error while loading shared libraries: libc10.so: cannot open shared object file: No such file or directory
/mnt/home/lyuliyao/gromacs_2020/bin/gmx_mpi: error while loading shared libraries: libc10.so: cannot open shared object file: No such file or directory
/mnt/home/lyuliyao/gromacs_2020/bin/gmx_mpi: error while loading shared libraries: libc10.so: cannot open shared object file: No such file or directory
/mnt/home/lyuliyao/gromacs_2020/bin/gmx_mpi: error while loading shared libraries: libc10.so: cannot open shared object file: No such file or directory
/mnt/home/lyuliyao/gromacs_2020/bin/gmx_mpi: error while loading shared libraries: libc10.so: cannot open shared object file: No such file or directory
/mnt/home/lyuliyao/gromacs_2020/bin/gmx_mpi: error while loading shared libraries: libc10.so: cannot open shared object file: No such file or directory
/mnt/home/lyuliyao/gromacs_2020/bin/gmx_mpi: error while loading shared libraries: libc10.so: cannot open shared object file: No such file or directory
/mnt/home/lyuliyao/gromacs_2020/bin/gmx_mpi: error while loading shared libraries: libc10.so: cannot open shared object file: No such file or directory
/mnt/home/lyuliyao/gromacs_2020/bin/gmx_mpi: error while loading shared libraries: libc10.so: cannot open shared object file: No such file or directory
/mnt/home/lyuliyao/gromacs_2020/bin/gmx_mpi: error while loading shared libraries: libc10.so: cannot open shared object file: No such file or directory
/mnt/home/lyuliyao/gromacs_2020/bin/gmx_mpi: error while loading shared libraries: libc10.so: cannot open shared object file: No such file or directory
/mnt/home/lyuliyao/gromacs_2020/bin/gmx_mpi: error while loading shared libraries: libc10.so: cannot open shared object file: No such file or directory
/mnt/home/lyuliyao/gromacs_2020/bin/gmx_mpi: error while loading shared libraries: libc10.so: cannot open shared object file: No such file or directory
/mnt/home/lyuliyao/gromacs_2020/bin/gmx_mpi: error while loading shared libraries: libc10.so: cannot open shared object file: No such file or directory
/mnt/home/lyuliyao/gromacs_2020/bin/gmx_mpi: error while loading shared libraries: libc10.so: cannot open shared object file: No such file or directory
/mnt/home/lyuliyao/gromacs_2020/bin/gmx_mpi: error while loading shared libraries: libc10.so: cannot open shared object file: No such file or directory
/mnt/home/lyuliyao/gromacs_2020/bin/gmx_mpi: error while loading shared libraries: libc10.so: cannot open shared object file: No such file or directory
/mnt/home/lyuliyao/gromacs_2020/bin/gmx_mpi: error while loading shared libraries: libc10.so: cannot open shared object file: No such file or directory
/mnt/home/lyuliyao/gromacs_2020/bin/gmx_mpi: error while loading shared libraries: libc10.so: cannot open shared object file: No such file or directory
/mnt/home/lyuliyao/gromacs_2020/bin/gmx_mpi: error while loading shared libraries: libc10.so: cannot open shared object file: No such file or directory
/mnt/home/lyuliyao/gromacs_2020/bin/gmx_mpi: error while loading shared libraries: libc10.so: cannot open shared object file: No such file or directory
/mnt/home/lyuliyao/gromacs_2020/bin/gmx_mpi: error while loading shared libraries: libc10.so: cannot open shared object file: No such file or directory
/mnt/home/lyuliyao/gromacs_2020/bin/gmx_mpi: error while loading shared libraries: libc10.so: cannot open shared object file: No such file or directory
/mnt/home/lyuliyao/gromacs_2020/bin/gmx_mpi: error while loading shared libraries: libc10.so: cannot open shared object file: No such file or directory
/mnt/home/lyuliyao/gromacs_2020/bin/gmx_mpi: error while loading shared libraries: libc10.so: cannot open shared object file: No such file or directory
/mnt/home/lyuliyao/gromacs_2020/bin/gmx_mpi: error while loading shared libraries: libc10.so: cannot open shared object file: No such file or directory
/mnt/home/lyuliyao/gromacs_2020/bin/gmx_mpi: error while loading shared libraries: libc10.so: cannot open shared object file: No such file or directory
/mnt/home/lyuliyao/gromacs_2020/bin/gmx_mpi: error while loading shared libraries: libc10.so: cannot open shared object file: No such file or directory
/mnt/home/lyuliyao/gromacs_2020/bin/gmx_mpi: error while loading shared libraries: libc10.so: cannot open shared object file: No such file or directory
/mnt/home/lyuliyao/gromacs_2020/bin/gmx_mpi: error while loading shared libraries: libc10.so: cannot open shared object file: No such file or directory
/mnt/home/lyuliyao/gromacs_2020/bin/gmx_mpi: error while loading shared libraries: libc10.so: cannot open shared object file: No such file or directory
/mnt/home/lyuliyao/gromacs_2020/bin/gmx_mpi: error while loading shared libraries: libc10.so: cannot open shared object file: No such file or directory
/mnt/home/lyuliyao/gromacs_2020/bin/gmx_mpi: error while loading shared libraries: libc10.so: cannot open shared object file: No such file or directory
/mnt/home/lyuliyao/gromacs_2020/bin/gmx_mpi: error while loading shared libraries: libc10.so: cannot open shared object file: No such file or directory
/mnt/home/lyuliyao/gromacs_2020/bin/gmx_mpi: error while loading shared libraries: libc10.so: cannot open shared object file: No such file or directory
/mnt/home/lyuliyao/gromacs_2020/bin/gmx_mpi: error while loading shared libraries: libc10.so: cannot open shared object file: No such file or directory
/mnt/home/lyuliyao/gromacs_2020/bin/gmx_mpi: error while loading shared libraries: libc10.so: cannot open shared object file: No such file or directory
/mnt/home/lyuliyao/gromacs_2020/bin/gmx_mpi: error while loading shared libraries: libc10.so: cannot open shared object file: No such file or directory
/mnt/home/lyuliyao/gromacs_2020/bin/gmx_mpi: error while loading shared libraries: libc10.so: cannot open shared object file: No such file or directory
/mnt/home/lyuliyao/gromacs_2020/bin/gmx_mpi: error while loading shared libraries: libc10.so: cannot open shared object file: No such file or directory
/mnt/home/lyuliyao/gromacs_2020/bin/gmx_mpi: error while loading shared libraries: libc10.so: cannot open shared object file: No such file or directory
/mnt/home/lyuliyao/gromacs_2020/bin/gmx_mpi: error while loading shared libraries: libc10.so: cannot open shared object file: No such file or directory
/mnt/home/lyuliyao/gromacs_2020/bin/gmx_mpi: error while loading shared libraries: libc10.so: cannot open shared object file: No such file or directory
/mnt/home/lyuliyao/gromacs_2020/bin/gmx_mpi: error while loading shared libraries: libc10.so: cannot open shared object file: No such file or directory
/mnt/home/lyuliyao/gromacs_2020/bin/gmx_mpi: error while loading shared libraries: libc10.so: cannot open shared object file: No such file or directory
/mnt/home/lyuliyao/gromacs_2020/bin/gmx_mpi: error while loading shared libraries: libc10.so: cannot open shared object file: No such file or directory
/mnt/home/lyuliyao/gromacs_2020/bin/gmx_mpi: error while loading shared libraries: libc10.so: cannot open shared object file: No such file or directory
/mnt/home/lyuliyao/gromacs_2020/bin/gmx_mpi: error while loading shared libraries: libc10.so: cannot open shared object file: No such file or directory
/mnt/home/lyuliyao/gromacs_2020/bin/gmx_mpi: error while loading shared libraries: libc10.so: cannot open shared object file: No such file or directory
/mnt/home/lyuliyao/gromacs_2020/bin/gmx_mpi: error while loading shared libraries: libc10.so: cannot open shared object file: No such file or directory
/mnt/home/lyuliyao/gromacs_2020/bin/gmx_mpi: error while loading shared libraries: libc10.so: cannot open shared object file: No such file or directory
/mnt/home/lyuliyao/gromacs_2020/bin/gmx_mpi: error while loading shared libraries: libc10.so: cannot open shared object file: No such file or directory
/mnt/home/lyuliyao/gromacs_2020/bin/gmx_mpi: error while loading shared libraries: libc10.so: cannot open shared object file: No such file or directory
/mnt/home/lyuliyao/gromacs_2020/bin/gmx_mpi: error while loading shared libraries: libc10.so: cannot open shared object file: No such file or directory
/mnt/home/lyuliyao/gromacs_2020/bin/gmx_mpi: error while loading shared libraries: libc10.so: cannot open shared object file: No such file or directory
/mnt/home/lyuliyao/gromacs_2020/bin/gmx_mpi: error while loading shared libraries: libc10.so: cannot open shared object file: No such file or directory
/mnt/home/lyuliyao/gromacs_2020/bin/gmx_mpi: error while loading shared libraries: libc10.so: cannot open shared object file: No such file or directory
/mnt/home/lyuliyao/gromacs_2020/bin/gmx_mpi: error while loading shared libraries: libc10.so: cannot open shared object file: No such file or directory
/mnt/home/lyuliyao/gromacs_2020/bin/gmx_mpi: error while loading shared libraries: libc10.so: cannot open shared object file: No such file or directory
/mnt/home/lyuliyao/gromacs_2020/bin/gmx_mpi: error while loading shared libraries: libc10.so: cannot open shared object file: No such file or directory
/mnt/home/lyuliyao/gromacs_2020/bin/gmx_mpi: error while loading shared libraries: libc10.so: cannot open shared object file: No such file or directory
/mnt/home/lyuliyao/gromacs_2020/bin/gmx_mpi: error while loading shared libraries: libc10.so: cannot open shared object file: No such file or directory
/mnt/home/lyuliyao/gromacs_2020/bin/gmx_mpi: error while loading shared libraries: libc10.so: cannot open shared object file: No such file or directory
/mnt/home/lyuliyao/gromacs_2020/bin/gmx_mpi: error while loading shared libraries: libc10.so: cannot open shared object file: No such file or directory
/mnt/home/lyuliyao/gromacs_2020/bin/gmx_mpi: error while loading shared libraries: libc10.so: cannot open shared object file: No such file or directory
/mnt/home/lyuliyao/gromacs_2020/bin/gmx_mpi: error while loading shared libraries: libc10.so: cannot open shared object file: No such file or directory
/mnt/home/lyuliyao/gromacs_2020/bin/gmx_mpi: error while loading shared libraries: libc10.so: cannot open shared object file: No such file or directory
/mnt/home/lyuliyao/gromacs_2020/bin/gmx_mpi: error while loading shared libraries: libc10.so: cannot open shared object file: No such file or directory
/mnt/home/lyuliyao/gromacs_2020/bin/gmx_mpi: error while loading shared libraries: libc10.so: cannot open shared object file: No such file or directory
/mnt/home/lyuliyao/gromacs_2020/bin/gmx_mpi: error while loading shared libraries: libc10.so: cannot open shared object file: No such file or directory
/mnt/home/lyuliyao/gromacs_2020/bin/gmx_mpi: error while loading shared libraries: libc10.so: cannot open shared object file: No such file or directory
/mnt/home/lyuliyao/gromacs_2020/bin/gmx_mpi: error while loading shared libraries: libc10.so: cannot open shared object file: No such file or directory
/mnt/home/lyuliyao/gromacs_2020/bin/gmx_mpi: error while loading shared libraries: libc10.so: cannot open shared object file: No such file or directory
/mnt/home/lyuliyao/gromacs_2020/bin/gmx_mpi: error while loading shared libraries: libc10.so: cannot open shared object file: No such file or directory
/mnt/home/lyuliyao/gromacs_2020/bin/gmx_mpi: error while loading shared libraries: libc10.so: cannot open shared object file: No such file or directory
/mnt/home/lyuliyao/gromacs_2020/bin/gmx_mpi: error while loading shared libraries: libc10.so: cannot open shared object file: No such file or directory
/mnt/home/lyuliyao/gromacs_2020/bin/gmx_mpi: error while loading shared libraries: libc10.so: cannot open shared object file: No such file or directory
/mnt/home/lyuliyao/gromacs_2020/bin/gmx_mpi: error while loading shared libraries: libc10.so: cannot open shared object file: No such file or directory
/mnt/home/lyuliyao/gromacs_2020/bin/gmx_mpi: error while loading shared libraries: libc10.so: cannot open shared object file: No such file or directory
/mnt/home/lyuliyao/gromacs_2020/bin/gmx_mpi: error while loading shared libraries: libc10.so: cannot open shared object file: No such file or directory
/mnt/home/lyuliyao/gromacs_2020/bin/gmx_mpi: error while loading shared libraries: libc10.so: cannot open shared object file: No such file or directory
/mnt/home/lyuliyao/gromacs_2020/bin/gmx_mpi: error while loading shared libraries: libc10.so: cannot open shared object file: No such file or directory
/mnt/home/lyuliyao/gromacs_2020/bin/gmx_mpi: error while loading shared libraries: libc10.so: cannot open shared object file: No such file or directory
/mnt/home/lyuliyao/gromacs_2020/bin/gmx_mpi: error while loading shared libraries: libc10.so: cannot open shared object file: No such file or directory
/mnt/home/lyuliyao/gromacs_2020/bin/gmx_mpi: error while loading shared libraries: libc10.so: cannot open shared object file: No such file or directory
/mnt/home/lyuliyao/gromacs_2020/bin/gmx_mpi: error while loading shared libraries: libc10.so: cannot open shared object file: No such file or directory
/mnt/home/lyuliyao/gromacs_2020/bin/gmx_mpi: error while loading shared libraries: libc10.so: cannot open shared object file: No such file or directory
/mnt/home/lyuliyao/gromacs_2020/bin/gmx_mpi: error while loading shared libraries: libc10.so: cannot open shared object file: No such file or directory
/mnt/home/lyuliyao/gromacs_2020/bin/gmx_mpi: error while loading shared libraries: libc10.so: cannot open shared object file: No such file or directory
/mnt/home/lyuliyao/gromacs_2020/bin/gmx_mpi: error while loading shared libraries: libc10.so: cannot open shared object file: No such file or directory
/mnt/home/lyuliyao/gromacs_2020/bin/gmx_mpi: error while loading shared libraries: libc10.so: cannot open shared object file: No such file or directory
/mnt/home/lyuliyao/gromacs_2020/bin/gmx_mpi: error while loading shared libraries: libc10.so: cannot open shared object file: No such file or directory
/mnt/home/lyuliyao/gromacs_2020/bin/gmx_mpi: error while loading shared libraries: libc10.so: cannot open shared object file: No such file or directory
/mnt/home/lyuliyao/gromacs_2020/bin/gmx_mpi: error while loading shared libraries: libc10.so: cannot open shared object file: No such file or directory
/mnt/home/lyuliyao/gromacs_2020/bin/gmx_mpi: error while loading shared libraries: libc10.so: cannot open shared object file: No such file or directory
/mnt/home/lyuliyao/gromacs_2020/bin/gmx_mpi: error while loading shared libraries: libc10.so: cannot open shared object file: No such file or directory
/mnt/home/lyuliyao/gromacs_2020/bin/gmx_mpi: error while loading shared libraries: libc10.so: cannot open shared object file: No such file or directory
/mnt/home/lyuliyao/gromacs_2020/bin/gmx_mpi: error while loading shared libraries: libc10.so: cannot open shared object file: No such file or directory
/mnt/home/lyuliyao/gromacs_2020/bin/gmx_mpi: error while loading shared libraries: libc10.so: cannot open shared object file: No such file or directory
/mnt/home/lyuliyao/gromacs_2020/bin/gmx_mpi: error while loading shared libraries: libc10.so: cannot open shared object file: No such file or directory
/mnt/home/lyuliyao/gromacs_2020/bin/gmx_mpi: error while loading shared libraries: libc10.so: cannot open shared object file: No such file or directory
/mnt/home/lyuliyao/gromacs_2020/bin/gmx_mpi: error while loading shared libraries: libc10.so: cannot open shared object file: No such file or directory
/mnt/home/lyuliyao/gromacs_2020/bin/gmx_mpi: error while loading shared libraries: libc10.so: cannot open shared object file: No such file or directory
/mnt/home/lyuliyao/gromacs_2020/bin/gmx_mpi: error while loading shared libraries: libc10.so: cannot open shared object file: No such file or directory
/mnt/home/lyuliyao/gromacs_2020/bin/gmx_mpi: error while loading shared libraries: libc10.so: cannot open shared object file: No such file or directory
/mnt/home/lyuliyao/gromacs_2020/bin/gmx_mpi: error while loading shared libraries: libc10.so: cannot open shared object file: No such file or directory
/mnt/home/lyuliyao/gromacs_2020/bin/gmx_mpi: error while loading shared libraries: libc10.so: cannot open shared object file: No such file or directory
/mnt/home/lyuliyao/gromacs_2020/bin/gmx_mpi: error while loading shared libraries: libc10.so: cannot open shared object file: No such file or directory
/mnt/home/lyuliyao/gromacs_2020/bin/gmx_mpi: error while loading shared libraries: libc10.so: cannot open shared object file: No such file or directory
/mnt/home/lyuliyao/gromacs_2020/bin/gmx_mpi: error while loading shared libraries: libc10.so: cannot open shared object file: No such file or directory
/mnt/home/lyuliyao/gromacs_2020/bin/gmx_mpi: error while loading shared libraries: libc10.so: cannot open shared object file: No such file or directory
/mnt/home/lyuliyao/gromacs_2020/bin/gmx_mpi: error while loading shared libraries: libc10.so: cannot open shared object file: No such file or directory
/mnt/home/lyuliyao/gromacs_2020/bin/gmx_mpi: error while loading shared libraries: libc10.so: cannot open shared object file: No such file or directory
/mnt/home/lyuliyao/gromacs_2020/bin/gmx_mpi: error while loading shared libraries: libc10.so: cannot open shared object file: No such file or directory
/mnt/home/lyuliyao/gromacs_2020/bin/gmx_mpi: error while loading shared libraries: libc10.so: cannot open shared object file: No such file or directory
/mnt/home/lyuliyao/gromacs_2020/bin/gmx_mpi: error while loading shared libraries: libc10.so: cannot open shared object file: No such file or directory
/mnt/home/lyuliyao/gromacs_2020/bin/gmx_mpi: error while loading shared libraries: libc10.so: cannot open shared object file: No such file or directory
/mnt/home/lyuliyao/gromacs_2020/bin/gmx_mpi: error while loading shared libraries: libc10.so: cannot open shared object file: No such file or directory
/mnt/home/lyuliyao/gromacs_2020/bin/gmx_mpi: error while loading shared libraries: libc10.so: cannot open shared object file: No such file or directory
/mnt/home/lyuliyao/gromacs_2020/bin/gmx_mpi: error while loading shared libraries: libc10.so: cannot open shared object file: No such file or directory
/mnt/home/lyuliyao/gromacs_2020/bin/gmx_mpi: error while loading shared libraries: libc10.so: cannot open shared object file: No such file or directory
/mnt/home/lyuliyao/gromacs_2020/bin/gmx_mpi: error while loading shared libraries: libc10.so: cannot open shared object file: No such file or directory
/mnt/home/lyuliyao/gromacs_2020/bin/gmx_mpi: error while loading shared libraries: libc10.so: cannot open shared object file: No such file or directory
/mnt/home/lyuliyao/gromacs_2020/bin/gmx_mpi: error while loading shared libraries: libc10.so: cannot open shared object file: No such file or directory
/mnt/home/lyuliyao/gromacs_2020/bin/gmx_mpi: error while loading shared libraries: libc10.so: cannot open shared object file: No such file or directory
/mnt/home/lyuliyao/gromacs_2020/bin/gmx_mpi: error while loading shared libraries: libc10.so: cannot open shared object file: No such file or directory
/mnt/home/lyuliyao/gromacs_2020/bin/gmx_mpi: error while loading shared libraries: libc10.so: cannot open shared object file: No such file or directory
/mnt/home/lyuliyao/gromacs_2020/bin/gmx_mpi: error while loading shared libraries: libc10.so: cannot open shared object file: No such file or directory
/mnt/home/lyuliyao/gromacs_2020/bin/gmx_mpi: error while loading shared libraries: libc10.so: cannot open shared object file: No such file or directory
/mnt/home/lyuliyao/gromacs_2020/bin/gmx_mpi: error while loading shared libraries: libc10.so: cannot open shared object file: No such file or directory
/mnt/home/lyuliyao/gromacs_2020/bin/gmx_mpi: error while loading shared libraries: libc10.so: cannot open shared object file: No such file or directory
/mnt/home/lyuliyao/gromacs_2020/bin/gmx_mpi: error while loading shared libraries: libc10.so: cannot open shared object file: No such file or directory
/mnt/home/lyuliyao/gromacs_2020/bin/gmx_mpi: error while loading shared libraries: libc10.so: cannot open shared object file: No such file or directory
/mnt/home/lyuliyao/gromacs_2020/bin/gmx_mpi: error while loading shared libraries: libc10.so: cannot open shared object file: No such file or directory
/mnt/home/lyuliyao/gromacs_2020/bin/gmx_mpi: error while loading shared libraries: libc10.so: cannot open shared object file: No such file or directory
/mnt/home/lyuliyao/gromacs_2020/bin/gmx_mpi: error while loading shared libraries: libc10.so: cannot open shared object file: No such file or directory
/mnt/home/lyuliyao/gromacs_2020/bin/gmx_mpi: error while loading shared libraries: libc10.so: cannot open shared object file: No such file or directory
/mnt/home/lyuliyao/gromacs_2020/bin/gmx_mpi: error while loading shared libraries: libc10.so: cannot open shared object file: No such file or directory
/mnt/home/lyuliyao/gromacs_2020/bin/gmx_mpi: error while loading shared libraries: libc10.so: cannot open shared object file: No such file or directory
/mnt/home/lyuliyao/gromacs_2020/bin/gmx_mpi: error while loading shared libraries: libc10.so: cannot open shared object file: No such file or directory
/mnt/home/lyuliyao/gromacs_2020/bin/gmx_mpi: error while loading shared libraries: libc10.so: cannot open shared object file: No such file or directory
/mnt/home/lyuliyao/gromacs_2020/bin/gmx_mpi: error while loading shared libraries: libc10.so: cannot open shared object file: No such file or directory
/mnt/home/lyuliyao/gromacs_2020/bin/gmx_mpi: error while loading shared libraries: libc10.so: cannot open shared object file: No such file or directory
/mnt/home/lyuliyao/gromacs_2020/bin/gmx_mpi: error while loading shared libraries: libc10.so: cannot open shared object file: No such file or directory
/mnt/home/lyuliyao/gromacs_2020/bin/gmx_mpi: error while loading shared libraries: libc10.so: cannot open shared object file: No such file or directory
/mnt/home/lyuliyao/gromacs_2020/bin/gmx_mpi: error while loading shared libraries: libc10.so: cannot open shared object file: No such file or directory
/mnt/home/lyuliyao/gromacs_2020/bin/gmx_mpi: error while loading shared libraries: libc10.so: cannot open shared object file: No such file or directory
/mnt/home/lyuliyao/gromacs_2020/bin/gmx_mpi: error while loading shared libraries: libc10.so: cannot open shared object file: No such file or directory
/mnt/home/lyuliyao/gromacs_2020/bin/gmx_mpi: error while loading shared libraries: libc10.so: cannot open shared object file: No such file or directory
/mnt/home/lyuliyao/gromacs_2020/bin/gmx_mpi: error while loading shared libraries: libc10.so: cannot open shared object file: No such file or directory
/mnt/home/lyuliyao/gromacs_2020/bin/gmx_mpi: error while loading shared libraries: libc10.so: cannot open shared object file: No such file or directory
/mnt/home/lyuliyao/gromacs_2020/bin/gmx_mpi: error while loading shared libraries: libc10.so: cannot open shared object file: No such file or directory
/mnt/home/lyuliyao/gromacs_2020/bin/gmx_mpi: error while loading shared libraries: libc10.so: cannot open shared object file: No such file or directory
/mnt/home/lyuliyao/gromacs_2020/bin/gmx_mpi: error while loading shared libraries: libc10.so: cannot open shared object file: No such file or directory
/mnt/home/lyuliyao/gromacs_2020/bin/gmx_mpi: error while loading shared libraries: libc10.so: cannot open shared object file: No such file or directory
/mnt/home/lyuliyao/gromacs_2020/bin/gmx_mpi: error while loading shared libraries: libc10.so: cannot open shared object file: No such file or directory
/mnt/home/lyuliyao/gromacs_2020/bin/gmx_mpi: error while loading shared libraries: libc10.so: cannot open shared object file: No such file or directory
/mnt/home/lyuliyao/gromacs_2020/bin/gmx_mpi: error while loading shared libraries: libc10.so: cannot open shared object file: No such file or directory
/mnt/home/lyuliyao/gromacs_2020/bin/gmx_mpi: error while loading shared libraries: libc10.so: cannot open shared object file: No such file or directory
/mnt/home/lyuliyao/gromacs_2020/bin/gmx_mpi: error while loading shared libraries: libc10.so: cannot open shared object file: No such file or directory
/mnt/home/lyuliyao/gromacs_2020/bin/gmx_mpi: error while loading shared libraries: libc10.so: cannot open shared object file: No such file or directory
/mnt/home/lyuliyao/gromacs_2020/bin/gmx_mpi: error while loading shared libraries: libc10.so: cannot open shared object file: No such file or directory
/mnt/home/lyuliyao/gromacs_2020/bin/gmx_mpi: error while loading shared libraries: libc10.so: cannot open shared object file: No such file or directory
/mnt/home/lyuliyao/gromacs_2020/bin/gmx_mpi: error while loading shared libraries: libc10.so: cannot open shared object file: No such file or directory
/mnt/home/lyuliyao/gromacs_2020/bin/gmx_mpi: error while loading shared libraries: libc10.so: cannot open shared object file: No such file or directory
/mnt/home/lyuliyao/gromacs_2020/bin/gmx_mpi: error while loading shared libraries: libc10.so: cannot open shared object file: No such file or directory
/mnt/home/lyuliyao/gromacs_2020/bin/gmx_mpi: error while loading shared libraries: libc10.so: cannot open shared object file: No such file or directory
/mnt/home/lyuliyao/gromacs_2020/bin/gmx_mpi: error while loading shared libraries: libc10.so: cannot open shared object file: No such file or directory
/mnt/home/lyuliyao/gromacs_2020/bin/gmx_mpi: error while loading shared libraries: libc10.so: cannot open shared object file: No such file or directory
/mnt/home/lyuliyao/gromacs_2020/bin/gmx_mpi: error while loading shared libraries: libc10.so: cannot open shared object file: No such file or directory
/mnt/home/lyuliyao/gromacs_2020/bin/gmx_mpi: error while loading shared libraries: libc10.so: cannot open shared object file: No such file or directory
/mnt/home/lyuliyao/gromacs_2020/bin/gmx_mpi: error while loading shared libraries: libc10.so: cannot open shared object file: No such file or directory
/mnt/home/lyuliyao/gromacs_2020/bin/gmx_mpi: error while loading shared libraries: libc10.so: cannot open shared object file: No such file or directory
/mnt/home/lyuliyao/gromacs_2020/bin/gmx_mpi: error while loading shared libraries: libc10.so: cannot open shared object file: No such file or directory
/mnt/home/lyuliyao/gromacs_2020/bin/gmx_mpi: error while loading shared libraries: libc10.so: cannot open shared object file: No such file or directory
/mnt/home/lyuliyao/gromacs_2020/bin/gmx_mpi: error while loading shared libraries: libc10.so: cannot open shared object file: No such file or directory
/mnt/home/lyuliyao/gromacs_2020/bin/gmx_mpi: error while loading shared libraries: libc10.so: cannot open shared object file: No such file or directory
/mnt/home/lyuliyao/gromacs_2020/bin/gmx_mpi: error while loading shared libraries: libc10.so: cannot open shared object file: No such file or directory
/mnt/home/lyuliyao/gromacs_2020/bin/gmx_mpi: error while loading shared libraries: libc10.so: cannot open shared object file: No such file or directory
/mnt/home/lyuliyao/gromacs_2020/bin/gmx_mpi: error while loading shared libraries: libc10.so: cannot open shared object file: No such file or directory
/mnt/home/lyuliyao/gromacs_2020/bin/gmx_mpi: error while loading shared libraries: libc10.so: cannot open shared object file: No such file or directory
/mnt/home/lyuliyao/gromacs_2020/bin/gmx_mpi: error while loading shared libraries: libc10.so: cannot open shared object file: No such file or directory
/mnt/home/lyuliyao/gromacs_2020/bin/gmx_mpi: error while loading shared libraries: libc10.so: cannot open shared object file: No such file or directory
/mnt/home/lyuliyao/gromacs_2020/bin/gmx_mpi: error while loading shared libraries: libc10.so: cannot open shared object file: No such file or directory
/mnt/home/lyuliyao/gromacs_2020/bin/gmx_mpi: error while loading shared libraries: libc10.so: cannot open shared object file: No such file or directory
/mnt/home/lyuliyao/gromacs_2020/bin/gmx_mpi: error while loading shared libraries: libc10.so: cannot open shared object file: No such file or directory
/mnt/home/lyuliyao/gromacs_2020/bin/gmx_mpi: error while loading shared libraries: libc10.so: cannot open shared object file: No such file or directory
/mnt/home/lyuliyao/gromacs_2020/bin/gmx_mpi: error while loading shared libraries: libc10.so: cannot open shared object file: No such file or directory
/mnt/home/lyuliyao/gromacs_2020/bin/gmx_mpi: error while loading shared libraries: libc10.so: cannot open shared object file: No such file or directory
/mnt/home/lyuliyao/gromacs_2020/bin/gmx_mpi: error while loading shared libraries: libc10.so: cannot open shared object file: No such file or directory
/mnt/home/lyuliyao/gromacs_2020/bin/gmx_mpi: error while loading shared libraries: libc10.so: cannot open shared object file: No such file or directory
/mnt/home/lyuliyao/gromacs_2020/bin/gmx_mpi: error while loading shared libraries: libc10.so: cannot open shared object file: No such file or directory
/mnt/home/lyuliyao/gromacs_2020/bin/gmx_mpi: error while loading shared libraries: libc10.so: cannot open shared object file: No such file or directory
/mnt/home/lyuliyao/gromacs_2020/bin/gmx_mpi: error while loading shared libraries: libc10.so: cannot open shared object file: No such file or directory
/mnt/home/lyuliyao/gromacs_2020/bin/gmx_mpi: error while loading shared libraries: libc10.so: cannot open shared object file: No such file or directory
/mnt/home/lyuliyao/gromacs_2020/bin/gmx_mpi: error while loading shared libraries: libc10.so: cannot open shared object file: No such file or directory
/mnt/home/lyuliyao/gromacs_2020/bin/gmx_mpi: error while loading shared libraries: libc10.so: cannot open shared object file: No such file or directory
/mnt/home/lyuliyao/gromacs_2020/bin/gmx_mpi: error while loading shared libraries: libc10.so: cannot open shared object file: No such file or directory
/mnt/home/lyuliyao/gromacs_2020/bin/gmx_mpi: error while loading shared libraries: libc10.so: cannot open shared object file: No such file or directory
/mnt/home/lyuliyao/gromacs_2020/bin/gmx_mpi: error while loading shared libraries: libc10.so: cannot open shared object file: No such file or directory
/mnt/home/lyuliyao/gromacs_2020/bin/gmx_mpi: error while loading shared libraries: libc10.so: cannot open shared object file: No such file or directory
/mnt/home/lyuliyao/gromacs_2020/bin/gmx_mpi: error while loading shared libraries: libc10.so: cannot open shared object file: No such file or directory
/mnt/home/lyuliyao/gromacs_2020/bin/gmx_mpi: error while loading shared libraries: libc10.so: cannot open shared object file: No such file or directory
/mnt/home/lyuliyao/gromacs_2020/bin/gmx_mpi: error while loading shared libraries: libc10.so: cannot open shared object file: No such file or directory
/mnt/home/lyuliyao/gromacs_2020/bin/gmx_mpi: error while loading shared libraries: libc10.so: cannot open shared object file: No such file or directory
/mnt/home/lyuliyao/gromacs_2020/bin/gmx_mpi: error while loading shared libraries: libc10.so: cannot open shared object file: No such file or directory
/mnt/home/lyuliyao/gromacs_2020/bin/gmx_mpi: error while loading shared libraries: libc10.so: cannot open shared object file: No such file or directory
/mnt/home/lyuliyao/gromacs_2020/bin/gmx_mpi: error while loading shared libraries: libc10.so: cannot open shared object file: No such file or directory
/mnt/home/lyuliyao/gromacs_2020/bin/gmx_mpi: error while loading shared libraries: libc10.so: cannot open shared object file: No such file or directory
/mnt/home/lyuliyao/gromacs_2020/bin/gmx_mpi: error while loading shared libraries: libc10.so: cannot open shared object file: No such file or directory
/mnt/home/lyuliyao/gromacs_2020/bin/gmx_mpi: error while loading shared libraries: libc10.so: cannot open shared object file: No such file or directory
/mnt/home/lyuliyao/gromacs_2020/bin/gmx_mpi: error while loading shared libraries: libc10.so: cannot open shared object file: No such file or directory
/mnt/home/lyuliyao/gromacs_2020/bin/gmx_mpi: error while loading shared libraries: libc10.so: cannot open shared object file: No such file or directory
/mnt/home/lyuliyao/gromacs_2020/bin/gmx_mpi: error while loading shared libraries: libc10.so: cannot open shared object file: No such file or directory
/mnt/home/lyuliyao/gromacs_2020/bin/gmx_mpi: error while loading shared libraries: libc10.so: cannot open shared object file: No such file or directory
/mnt/home/lyuliyao/gromacs_2020/bin/gmx_mpi: error while loading shared libraries: libc10.so: cannot open shared object file: No such file or directory
/mnt/home/lyuliyao/gromacs_2020/bin/gmx_mpi: error while loading shared libraries: libc10.so: cannot open shared object file: No such file or directory
/mnt/home/lyuliyao/gromacs_2020/bin/gmx_mpi: error while loading shared libraries: libc10.so: cannot open shared object file: No such file or directory
/mnt/home/lyuliyao/gromacs_2020/bin/gmx_mpi: error while loading shared libraries: libc10.so: cannot open shared object file: No such file or directory
/mnt/home/lyuliyao/gromacs_2020/bin/gmx_mpi: error while loading shared libraries: libc10.so: cannot open shared object file: No such file or directory
/mnt/home/lyuliyao/gromacs_2020/bin/gmx_mpi: error while loading shared libraries: libc10.so: cannot open shared object file: No such file or directory
/mnt/home/lyuliyao/gromacs_2020/bin/gmx_mpi: error while loading shared libraries: libc10.so: cannot open shared object file: No such file or directory
/mnt/home/lyuliyao/gromacs_2020/bin/gmx_mpi: error while loading shared libraries: libc10.so: cannot open shared object file: No such file or directory
/mnt/home/lyuliyao/gromacs_2020/bin/gmx_mpi: error while loading shared libraries: libc10.so: cannot open shared object file: No such file or directory
/mnt/home/lyuliyao/gromacs_2020/bin/gmx_mpi: error while loading shared libraries: libc10.so: cannot open shared object file: No such file or directory
/mnt/home/lyuliyao/gromacs_2020/bin/gmx_mpi: error while loading shared libraries: libc10.so: cannot open shared object file: No such file or directory
/mnt/home/lyuliyao/gromacs_2020/bin/gmx_mpi: error while loading shared libraries: libc10.so: cannot open shared object file: No such file or directory
/mnt/home/lyuliyao/gromacs_2020/bin/gmx_mpi: error while loading shared libraries: libc10.so: cannot open shared object file: No such file or directory
/mnt/home/lyuliyao/gromacs_2020/bin/gmx_mpi: error while loading shared libraries: libc10.so: cannot open shared object file: No such file or directory
/mnt/home/lyuliyao/gromacs_2020/bin/gmx_mpi: error while loading shared libraries: libc10.so: cannot open shared object file: No such file or directory
/mnt/home/lyuliyao/gromacs_2020/bin/gmx_mpi: error while loading shared libraries: libc10.so: cannot open shared object file: No such file or directory
/mnt/home/lyuliyao/gromacs_2020/bin/gmx_mpi: error while loading shared libraries: libc10.so: cannot open shared object file: No such file or directory
/mnt/home/lyuliyao/gromacs_2020/bin/gmx_mpi: error while loading shared libraries: libc10.so: cannot open shared object file: No such file or directory
/mnt/home/lyuliyao/gromacs_2020/bin/gmx_mpi: error while loading shared libraries: libc10.so: cannot open shared object file: No such file or directory
/mnt/home/lyuliyao/gromacs_2020/bin/gmx_mpi: error while loading shared libraries: libc10.so: cannot open shared object file: No such file or directory
/mnt/home/lyuliyao/gromacs_2020/bin/gmx_mpi: error while loading shared libraries: libc10.so: cannot open shared object file: No such file or directory
/mnt/home/lyuliyao/gromacs_2020/bin/gmx_mpi: error while loading shared libraries: libc10.so: cannot open shared object file: No such file or directory
/mnt/home/lyuliyao/gromacs_2020/bin/gmx_mpi: error while loading shared libraries: libc10.so: cannot open shared object file: No such file or directory
/mnt/home/lyuliyao/gromacs_2020/bin/gmx_mpi: error while loading shared libraries: libc10.so: cannot open shared object file: No such file or directory
/mnt/home/lyuliyao/gromacs_2020/bin/gmx_mpi: error while loading shared libraries: libc10.so: cannot open shared object file: No such file or directory
/mnt/home/lyuliyao/gromacs_2020/bin/gmx_mpi: error while loading shared libraries: libc10.so: cannot open shared object file: No such file or directory
/mnt/home/lyuliyao/gromacs_2020/bin/gmx_mpi: error while loading shared libraries: libc10.so: cannot open shared object file: No such file or directory
/mnt/home/lyuliyao/gromacs_2020/bin/gmx_mpi: error while loading shared libraries: libc10.so: cannot open shared object file: No such file or directory
/mnt/home/lyuliyao/gromacs_2020/bin/gmx_mpi: error while loading shared libraries: libc10.so: cannot open shared object file: No such file or directory
/mnt/home/lyuliyao/gromacs_2020/bin/gmx_mpi: error while loading shared libraries: libc10.so: cannot open shared object file: No such file or directory
/mnt/home/lyuliyao/gromacs_2020/bin/gmx_mpi: error while loading shared libraries: libc10.so: cannot open shared object file: No such file or directory
/mnt/home/lyuliyao/gromacs_2020/bin/gmx_mpi: error while loading shared libraries: libc10.so: cannot open shared object file: No such file or directory
/mnt/home/lyuliyao/gromacs_2020/bin/gmx_mpi: error while loading shared libraries: libc10.so: cannot open shared object file: No such file or directory
/mnt/home/lyuliyao/gromacs_2020/bin/gmx_mpi: error while loading shared libraries: libc10.so: cannot open shared object file: No such file or directory
/mnt/home/lyuliyao/gromacs_2020/bin/gmx_mpi: error while loading shared libraries: libc10.so: cannot open shared object file: No such file or directory
/mnt/home/lyuliyao/gromacs_2020/bin/gmx_mpi: error while loading shared libraries: libc10.so: cannot open shared object file: No such file or directory
/mnt/home/lyuliyao/gromacs_2020/bin/gmx_mpi: error while loading shared libraries: libc10.so: cannot open shared object file: No such file or directory
/mnt/home/lyuliyao/gromacs_2020/bin/gmx_mpi: error while loading shared libraries: libc10.so: cannot open shared object file: No such file or directory
/mnt/home/lyuliyao/gromacs_2020/bin/gmx_mpi: error while loading shared libraries: libc10.so: cannot open shared object file: No such file or directory
/mnt/home/lyuliyao/gromacs_2020/bin/gmx_mpi: error while loading shared libraries: libc10.so: cannot open shared object file: No such file or directory
/mnt/home/lyuliyao/gromacs_2020/bin/gmx_mpi: error while loading shared libraries: libc10.so: cannot open shared object file: No such file or directory
/mnt/home/lyuliyao/gromacs_2020/bin/gmx_mpi: error while loading shared libraries: libc10.so: cannot open shared object file: No such file or directory
/mnt/home/lyuliyao/gromacs_2020/bin/gmx_mpi: error while loading shared libraries: libc10.so: cannot open shared object file: No such file or directory
/mnt/home/lyuliyao/gromacs_2020/bin/gmx_mpi: error while loading shared libraries: libc10.so: cannot open shared object file: No such file or directory
/mnt/home/lyuliyao/gromacs_2020/bin/gmx_mpi: error while loading shared libraries: libc10.so: cannot open shared object file: No such file or directory
/mnt/home/lyuliyao/gromacs_2020/bin/gmx_mpi: error while loading shared libraries: libc10.so: cannot open shared object file: No such file or directory
/mnt/home/lyuliyao/gromacs_2020/bin/gmx_mpi: error while loading shared libraries: libc10.so: cannot open shared object file: No such file or directory
/mnt/home/lyuliyao/gromacs_2020/bin/gmx_mpi: error while loading shared libraries: libc10.so: cannot open shared object file: No such file or directory
/mnt/home/lyuliyao/gromacs_2020/bin/gmx_mpi: error while loading shared libraries: libc10.so: cannot open shared object file: No such file or directory
/mnt/home/lyuliyao/gromacs_2020/bin/gmx_mpi: error while loading shared libraries: libc10.so: cannot open shared object file: No such file or directory
/mnt/home/lyuliyao/gromacs_2020/bin/gmx_mpi: error while loading shared libraries: libc10.so: cannot open shared object file: No such file or directory
/mnt/home/lyuliyao/gromacs_2020/bin/gmx_mpi: error while loading shared libraries: libc10.so: cannot open shared object file: No such file or directory
/mnt/home/lyuliyao/gromacs_2020/bin/gmx_mpi: error while loading shared libraries: libc10.so: cannot open shared object file: No such file or directory
/mnt/home/lyuliyao/gromacs_2020/bin/gmx_mpi: error while loading shared libraries: libc10.so: cannot open shared object file: No such file or directory
/mnt/home/lyuliyao/gromacs_2020/bin/gmx_mpi: error while loading shared libraries: libc10.so: cannot open shared object file: No such file or directory
/mnt/home/lyuliyao/gromacs_2020/bin/gmx_mpi: error while loading shared libraries: libc10.so: cannot open shared object file: No such file or directory
/mnt/home/lyuliyao/gromacs_2020/bin/gmx_mpi: error while loading shared libraries: libc10.so: cannot open shared object file: No such file or directory
/mnt/home/lyuliyao/gromacs_2020/bin/gmx_mpi: error while loading shared libraries: libc10.so: cannot open shared object file: No such file or directory
/mnt/home/lyuliyao/gromacs_2020/bin/gmx_mpi: error while loading shared libraries: libc10.so: cannot open shared object file: No such file or directory
/mnt/home/lyuliyao/gromacs_2020/bin/gmx_mpi: error while loading shared libraries: libc10.so: cannot open shared object file: No such file or directory
/mnt/home/lyuliyao/gromacs_2020/bin/gmx_mpi: error while loading shared libraries: libc10.so: cannot open shared object file: No such file or directory
/mnt/home/lyuliyao/gromacs_2020/bin/gmx_mpi: error while loading shared libraries: libc10.so: cannot open shared object file: No such file or directory
/mnt/home/lyuliyao/gromacs_2020/bin/gmx_mpi: error while loading shared libraries: libc10.so: cannot open shared object file: No such file or directory
/mnt/home/lyuliyao/gromacs_2020/bin/gmx_mpi: error while loading shared libraries: libc10.so: cannot open shared object file: No such file or directory
/mnt/home/lyuliyao/gromacs_2020/bin/gmx_mpi: error while loading shared libraries: libc10.so: cannot open shared object file: No such file or directory
/mnt/home/lyuliyao/gromacs_2020/bin/gmx_mpi: error while loading shared libraries: libc10.so: cannot open shared object file: No such file or directory
/mnt/home/lyuliyao/gromacs_2020/bin/gmx_mpi: error while loading shared libraries: libc10.so: cannot open shared object file: No such file or directory
/mnt/home/lyuliyao/gromacs_2020/bin/gmx_mpi: error while loading shared libraries: libc10.so: cannot open shared object file: No such file or directory
/mnt/home/lyuliyao/gromacs_2020/bin/gmx_mpi: error while loading shared libraries: libc10.so: cannot open shared object file: No such file or directory
/mnt/home/lyuliyao/gromacs_2020/bin/gmx_mpi: error while loading shared libraries: libc10.so: cannot open shared object file: No such file or directory
/mnt/home/lyuliyao/gromacs_2020/bin/gmx_mpi: error while loading shared libraries: libc10.so: cannot open shared object file: No such file or directory
/mnt/home/lyuliyao/gromacs_2020/bin/gmx_mpi: error while loading shared libraries: libc10.so: cannot open shared object file: No such file or directory
/mnt/home/lyuliyao/gromacs_2020/bin/gmx_mpi: error while loading shared libraries: libc10.so: cannot open shared object file: No such file or directory
/mnt/home/lyuliyao/gromacs_2020/bin/gmx_mpi: error while loading shared libraries: libc10.so: cannot open shared object file: No such file or directory
/mnt/home/lyuliyao/gromacs_2020/bin/gmx_mpi: error while loading shared libraries: libc10.so: cannot open shared object file: No such file or directory
/mnt/home/lyuliyao/gromacs_2020/bin/gmx_mpi: error while loading shared libraries: libc10.so: cannot open shared object file: No such file or directory
/mnt/home/lyuliyao/gromacs_2020/bin/gmx_mpi: error while loading shared libraries: libc10.so: cannot open shared object file: No such file or directory
/mnt/home/lyuliyao/gromacs_2020/bin/gmx_mpi: error while loading shared libraries: libc10.so: cannot open shared object file: No such file or directory
/mnt/home/lyuliyao/gromacs_2020/bin/gmx_mpi: error while loading shared libraries: libc10.so: cannot open shared object file: No such file or directory
/mnt/home/lyuliyao/gromacs_2020/bin/gmx_mpi: error while loading shared libraries: libc10.so: cannot open shared object file: No such file or directory
/mnt/home/lyuliyao/gromacs_2020/bin/gmx_mpi: error while loading shared libraries: libc10.so: cannot open shared object file: No such file or directory
/mnt/home/lyuliyao/gromacs_2020/bin/gmx_mpi: error while loading shared libraries: libc10.so: cannot open shared object file: No such file or directory
/mnt/home/lyuliyao/gromacs_2020/bin/gmx_mpi: error while loading shared libraries: libc10.so: cannot open shared object file: No such file or directory
/mnt/home/lyuliyao/gromacs_2020/bin/gmx_mpi: error while loading shared libraries: libc10.so: cannot open shared object file: No such file or directory
/mnt/home/lyuliyao/gromacs_2020/bin/gmx_mpi: error while loading shared libraries: libc10.so: cannot open shared object file: No such file or directory
/mnt/home/lyuliyao/gromacs_2020/bin/gmx_mpi: error while loading shared libraries: libc10.so: cannot open shared object file: No such file or directory
/mnt/home/lyuliyao/gromacs_2020/bin/gmx_mpi: error while loading shared libraries: libc10.so: cannot open shared object file: No such file or directory
/mnt/home/lyuliyao/gromacs_2020/bin/gmx_mpi: error while loading shared libraries: libc10.so: cannot open shared object file: No such file or directory
/mnt/home/lyuliyao/gromacs_2020/bin/gmx_mpi: error while loading shared libraries: libc10.so: cannot open shared object file: No such file or directory
/mnt/home/lyuliyao/gromacs_2020/bin/gmx_mpi: error while loading shared libraries: libc10.so: cannot open shared object file: No such file or directory
/mnt/home/lyuliyao/gromacs_2020/bin/gmx_mpi: error while loading shared libraries: libc10.so: cannot open shared object file: No such file or directory
/mnt/home/lyuliyao/gromacs_2020/bin/gmx_mpi: error while loading shared libraries: libc10.so: cannot open shared object file: No such file or directory
/mnt/home/lyuliyao/gromacs_2020/bin/gmx_mpi: error while loading shared libraries: libc10.so: cannot open shared object file: No such file or directory
/mnt/home/lyuliyao/gromacs_2020/bin/gmx_mpi: error while loading shared libraries: libc10.so: cannot open shared object file: No such file or directory
/mnt/home/lyuliyao/gromacs_2020/bin/gmx_mpi: error while loading shared libraries: libc10.so: cannot open shared object file: No such file or directory
/mnt/home/lyuliyao/gromacs_2020/bin/gmx_mpi: error while loading shared libraries: libc10.so: cannot open shared object file: No such file or directory
/mnt/home/lyuliyao/gromacs_2020/bin/gmx_mpi: error while loading shared libraries: libc10.so: cannot open shared object file: No such file or directory
/mnt/home/lyuliyao/gromacs_2020/bin/gmx_mpi: error while loading shared libraries: libc10.so: cannot open shared object file: No such file or directory
/mnt/home/lyuliyao/gromacs_2020/bin/gmx_mpi: error while loading shared libraries: libc10.so: cannot open shared object file: No such file or directory
/mnt/home/lyuliyao/gromacs_2020/bin/gmx_mpi: error while loading shared libraries: libc10.so: cannot open shared object file: No such file or directory
/mnt/home/lyuliyao/gromacs_2020/bin/gmx_mpi: error while loading shared libraries: libc10.so: cannot open shared object file: No such file or directory
/mnt/home/lyuliyao/gromacs_2020/bin/gmx_mpi: error while loading shared libraries: libc10.so: cannot open shared object file: No such file or directory
/mnt/home/lyuliyao/gromacs_2020/bin/gmx_mpi: error while loading shared libraries: libc10.so: cannot open shared object file: No such file or directory
/mnt/home/lyuliyao/gromacs_2020/bin/gmx_mpi: error while loading shared libraries: libc10.so: cannot open shared object file: No such file or directory
/mnt/home/lyuliyao/gromacs_2020/bin/gmx_mpi: error while loading shared libraries: libc10.so: cannot open shared object file: No such file or directory
/mnt/home/lyuliyao/gromacs_2020/bin/gmx_mpi: error while loading shared libraries: libc10.so: cannot open shared object file: No such file or directory
/mnt/home/lyuliyao/gromacs_2020/bin/gmx_mpi: error while loading shared libraries: libc10.so: cannot open shared object file: No such file or directory
/mnt/home/lyuliyao/gromacs_2020/bin/gmx_mpi: error while loading shared libraries: libc10.so: cannot open shared object file: No such file or directory
/mnt/home/lyuliyao/gromacs_2020/bin/gmx_mpi: error while loading shared libraries: libc10.so: cannot open shared object file: No such file or directory
/mnt/home/lyuliyao/gromacs_2020/bin/gmx_mpi: error while loading shared libraries: libc10.so: cannot open shared object file: No such file or directory
/mnt/home/lyuliyao/gromacs_2020/bin/gmx_mpi: error while loading shared libraries: libc10.so: cannot open shared object file: No such file or directory
/mnt/home/lyuliyao/gromacs_2020/bin/gmx_mpi: error while loading shared libraries: libc10.so: cannot open shared object file: No such file or directory
/mnt/home/lyuliyao/gromacs_2020/bin/gmx_mpi: error while loading shared libraries: libc10.so: cannot open shared object file: No such file or directory
/mnt/home/lyuliyao/gromacs_2020/bin/gmx_mpi: error while loading shared libraries: libc10.so: cannot open shared object file: No such file or directory
/mnt/home/lyuliyao/gromacs_2020/bin/gmx_mpi: error while loading shared libraries: libc10.so: cannot open shared object file: No such file or directory
/mnt/home/lyuliyao/gromacs_2020/bin/gmx_mpi: error while loading shared libraries: libc10.so: cannot open shared object file: No such file or directory
/mnt/home/lyuliyao/gromacs_2020/bin/gmx_mpi: error while loading shared libraries: libc10.so: cannot open shared object file: No such file or directory
/mnt/home/lyuliyao/gromacs_2020/bin/gmx_mpi: error while loading shared libraries: libc10.so: cannot open shared object file: No such file or directory
/mnt/home/lyuliyao/gromacs_2020/bin/gmx_mpi: error while loading shared libraries: libc10.so: cannot open shared object file: No such file or directory
/mnt/home/lyuliyao/gromacs_2020/bin/gmx_mpi: error while loading shared libraries: libc10.so: cannot open shared object file: No such file or directory
/mnt/home/lyuliyao/gromacs_2020/bin/gmx_mpi: error while loading shared libraries: libc10.so: cannot open shared object file: No such file or directory
/mnt/home/lyuliyao/gromacs_2020/bin/gmx_mpi: error while loading shared libraries: libc10.so: cannot open shared object file: No such file or directory
/mnt/home/lyuliyao/gromacs_2020/bin/gmx_mpi: error while loading shared libraries: libc10.so: cannot open shared object file: No such file or directory
/mnt/home/lyuliyao/gromacs_2020/bin/gmx_mpi: error while loading shared libraries: libc10.so: cannot open shared object file: No such file or directory
/mnt/home/lyuliyao/gromacs_2020/bin/gmx_mpi: error while loading shared libraries: libc10.so: cannot open shared object file: No such file or directory
/mnt/home/lyuliyao/gromacs_2020/bin/gmx_mpi: error while loading shared libraries: libc10.so: cannot open shared object file: No such file or directory
/mnt/home/lyuliyao/gromacs_2020/bin/gmx_mpi: error while loading shared libraries: libc10.so: cannot open shared object file: No such file or directory
/mnt/home/lyuliyao/gromacs_2020/bin/gmx_mpi: error while loading shared libraries: libc10.so: cannot open shared object file: No such file or directory
/mnt/home/lyuliyao/gromacs_2020/bin/gmx_mpi: error while loading shared libraries: libc10.so: cannot open shared object file: No such file or directory
/mnt/home/lyuliyao/gromacs_2020/bin/gmx_mpi: error while loading shared libraries: libc10.so: cannot open shared object file: No such file or directory
/mnt/home/lyuliyao/gromacs_2020/bin/gmx_mpi: error while loading shared libraries: libc10.so: cannot open shared object file: No such file or directory
/mnt/home/lyuliyao/gromacs_2020/bin/gmx_mpi: error while loading shared libraries: libc10.so: cannot open shared object file: No such file or directory
/mnt/home/lyuliyao/gromacs_2020/bin/gmx_mpi: error while loading shared libraries: libc10.so: cannot open shared object file: No such file or directory
/mnt/home/lyuliyao/gromacs_2020/bin/gmx_mpi: error while loading shared libraries: libc10.so: cannot open shared object file: No such file or directory
/mnt/home/lyuliyao/gromacs_2020/bin/gmx_mpi: error while loading shared libraries: libc10.so: cannot open shared object file: No such file or directory
/mnt/home/lyuliyao/gromacs_2020/bin/gmx_mpi: error while loading shared libraries: libc10.so: cannot open shared object file: No such file or directory
/mnt/home/lyuliyao/gromacs_2020/bin/gmx_mpi: error while loading shared libraries: libc10.so: cannot open shared object file: No such file or directory
/mnt/home/lyuliyao/gromacs_2020/bin/gmx_mpi: error while loading shared libraries: libc10.so: cannot open shared object file: No such file or directory
/mnt/home/lyuliyao/gromacs_2020/bin/gmx_mpi: error while loading shared libraries: libc10.so: cannot open shared object file: No such file or directory
/mnt/home/lyuliyao/gromacs_2020/bin/gmx_mpi: error while loading shared libraries: libc10.so: cannot open shared object file: No such file or directory
/mnt/home/lyuliyao/gromacs_2020/bin/gmx_mpi: error while loading shared libraries: libc10.so: cannot open shared object file: No such file or directory
/mnt/home/lyuliyao/gromacs_2020/bin/gmx_mpi: error while loading shared libraries: libc10.so: cannot open shared object file: No such file or directory
/mnt/home/lyuliyao/gromacs_2020/bin/gmx_mpi: error while loading shared libraries: libc10.so: cannot open shared object file: No such file or directory
/mnt/home/lyuliyao/gromacs_2020/bin/gmx_mpi: error while loading shared libraries: libc10.so: cannot open shared object file: No such file or directory
/mnt/home/lyuliyao/gromacs_2020/bin/gmx_mpi: error while loading shared libraries: libc10.so: cannot open shared object file: No such file or directory
/mnt/home/lyuliyao/gromacs_2020/bin/gmx_mpi: error while loading shared libraries: libc10.so: cannot open shared object file: No such file or directory
/mnt/home/lyuliyao/gromacs_2020/bin/gmx_mpi: error while loading shared libraries: libc10.so: cannot open shared object file: No such file or directory
/mnt/home/lyuliyao/gromacs_2020/bin/gmx_mpi: error while loading shared libraries: libc10.so: cannot open shared object file: No such file or directory
/mnt/home/lyuliyao/gromacs_2020/bin/gmx_mpi: error while loading shared libraries: libc10.so: cannot open shared object file: No such file or directory
/mnt/home/lyuliyao/gromacs_2020/bin/gmx_mpi: error while loading shared libraries: libc10.so: cannot open shared object file: No such file or directory
/mnt/home/lyuliyao/gromacs_2020/bin/gmx_mpi: error while loading shared libraries: libc10.so: cannot open shared object file: No such file or directory
/mnt/home/lyuliyao/gromacs_2020/bin/gmx_mpi: error while loading shared libraries: libc10.so: cannot open shared object file: No such file or directory
/mnt/home/lyuliyao/gromacs_2020/bin/gmx_mpi: error while loading shared libraries: libc10.so: cannot open shared object file: No such file or directory
/mnt/home/lyuliyao/gromacs_2020/bin/gmx_mpi: error while loading shared libraries: libc10.so: cannot open shared object file: No such file or directory
/mnt/home/lyuliyao/gromacs_2020/bin/gmx_mpi: error while loading shared libraries: libc10.so: cannot open shared object file: No such file or directory
/mnt/home/lyuliyao/gromacs_2020/bin/gmx_mpi: error while loading shared libraries: libc10.so: cannot open shared object file: No such file or directory
/mnt/home/lyuliyao/gromacs_2020/bin/gmx_mpi: error while loading shared libraries: libc10.so: cannot open shared object file: No such file or directory
/mnt/home/lyuliyao/gromacs_2020/bin/gmx_mpi: error while loading shared libraries: libc10.so: cannot open shared object file: No such file or directory
/mnt/home/lyuliyao/gromacs_2020/bin/gmx_mpi: error while loading shared libraries: libc10.so: cannot open shared object file: No such file or directory
/mnt/home/lyuliyao/gromacs_2020/bin/gmx_mpi: error while loading shared libraries: libc10.so: cannot open shared object file: No such file or directory
/mnt/home/lyuliyao/gromacs_2020/bin/gmx_mpi: error while loading shared libraries: libc10.so: cannot open shared object file: No such file or directory
/mnt/home/lyuliyao/gromacs_2020/bin/gmx_mpi: error while loading shared libraries: libc10.so: cannot open shared object file: No such file or directory
/mnt/home/lyuliyao/gromacs_2020/bin/gmx_mpi: error while loading shared libraries: libc10.so: cannot open shared object file: No such file or directory
/mnt/home/lyuliyao/gromacs_2020/bin/gmx_mpi: error while loading shared libraries: libc10.so: cannot open shared object file: No such file or directory
/mnt/home/lyuliyao/gromacs_2020/bin/gmx_mpi: error while loading shared libraries: libc10.so: cannot open shared object file: No such file or directory
/mnt/home/lyuliyao/gromacs_2020/bin/gmx_mpi: error while loading shared libraries: libc10.so: cannot open shared object file: No such file or directory
/mnt/home/lyuliyao/gromacs_2020/bin/gmx_mpi: error while loading shared libraries: libc10.so: cannot open shared object file: No such file or directory
/mnt/home/lyuliyao/gromacs_2020/bin/gmx_mpi: error while loading shared libraries: libc10.so: cannot open shared object file: No such file or directory
/mnt/home/lyuliyao/gromacs_2020/bin/gmx_mpi: error while loading shared libraries: libc10.so: cannot open shared object file: No such file or directory
srun: error: amr-154: tasks 448-510: Exited with exit code 127
srun: error: amr-151: tasks 140-232: Exited with exit code 127
srun: error: amr-153: tasks 345-447: Exited with exit code 127
srun: error: amr-150: tasks 28-139: Exited with exit code 127
srun: error: amr-152: tasks 233-344: Exited with exit code 127
rm: 
Try 'rm --help' for more information.
rm: "bck.*": 
JobID                     Submit  Partition    CPUTime    Elapsed     MaxRSS        NodeList  ReqCPUS 
------------ ------------------- ---------- ---------- ---------- ---------- --------------- -------- 
20534042     2023-08-12T08:25:23 general-s+   06:15:28   00:00:44            amr-[137,149-1+      512 
20534042.ba+ 2023-08-18T09:35:40              00:00:44   00:00:44                    amr-137        1 
20534042.ex+ 2023-08-18T09:35:40              06:15:28   00:00:44            amr-[137,149-1+      512 
20534042.0   2023-08-18T09:36:05              00:00:01   00:00:01                    amr-137        1 
20534042.1   2023-08-18T09:36:06              00:00:02   00:00:02                    amr-137        1 
20534042.2   2023-08-18T09:36:09              00:00:02   00:00:02                    amr-137        1 
20534042.3   2023-08-18T09:36:14              01:25:20   00:00:10            amr-[137,149-1+      512 
