30
torch.Size([30, 1600])
./data_save/data2.npz
./data_save/data3.npz
./data_save/data4.npz
./data_save/data5.npz
./data_save/data6.npz
./data_save/data7.npz
./data_save/data8.npz
./data_save/data9.npz
./data_save/data10.npz
./data_save/data11.npz
./data_save/data12.npz
./data_save/data13.npz
./data_save/data14.npz
./data_save/data15.npz
./data_save/data16.npz
./data_save/data17.npz
./data_save/data18.npz
./data_save/data19.npz
./data_save/data20.npz
./data_save/data21.npz
./data_save/data22.npz
./data_save/data23.npz
./data_save/data24.npz
./data_save/data25.npz
./data_save/data26.npz
./data_save/data27.npz
./data_save/data28.npz
./data_save/data29.npz
./data_save/data30.npz
./data_save/data31.npz
./data_save/data32.npz
./data_save/data33.npz
./data_save/data34.npz
./data_save/data35.npz
./data_save/data36.npz
./data_save/data37.npz
./data_save/data38.npz
./data_save/data39.npz
./data_save/data40.npz
./data_save/data41.npz
./data_save/data42.npz
./data_save/data43.npz
./data_save/data44.npz
./data_save/data45.npz
./data_save/data46.npz
./data_save/data47.npz
./data_save/data48.npz
./data_save/data49.npz
./data_save/data50.npz
./data_save/data51.npz
./data_save/data52.npz
./data_save/data53.npz
./data_save/data54.npz
./data_save/data55.npz
./data_save/data56.npz
./data_save/data57.npz
./data_save/data58.npz
./data_save/data59.npz
./data_save/data60.npz
./data_save/data61.npz
./data_save/data62.npz
./data_save/data63.npz
./data_save/data64.npz
./data_save/data65.npz
./data_save/data66.npz
./data_save/data67.npz
./data_save/data68.npz
./data_save/data69.npz
./data_save/data70.npz
./data_save/data71.npz
./data_save/data72.npz
./data_save/data73.npz
./data_save/data74.npz
./data_save/data75.npz
./data_save/data76.npz
./data_save/data77.npz
./data_save/data78.npz
./data_save/data79.npz
./data_save/data80.npz
./data_save/data81.npz
./data_save/data82.npz
./data_save/data83.npz
./data_save/data84.npz
./data_save/data85.npz
./data_save/data86.npz
./data_save/data87.npz
./data_save/data88.npz
./data_save/data89.npz
./data_save/data90.npz
./data_save/data91.npz
./data_save/data92.npz
./data_save/data93.npz
./data_save/data94.npz
./data_save/data95.npz
./data_save/data96.npz
./data_save/data97.npz
./data_save/data98.npz
./data_save/data99.npz
./data_save/data100.npz
./data_save/data101.npz
./data_save/data102.npz
./data_save/data103.npz
torch.Size([30, 164800])
i=  1
loss1 = tensor(0.9929, device='cuda:0')
i=  101
loss1 = tensor(0.8992, device='cuda:0')
i=  201
loss1 = tensor(0.6674, device='cuda:0')
i=  301
loss1 = tensor(0.4939, device='cuda:0')
i=  401
loss1 = tensor(0.4177, device='cuda:0')
i=  501
loss1 = tensor(0.4560, device='cuda:0')
i=  601
loss1 = tensor(0.4141, device='cuda:0')
i=  701
loss1 = tensor(0.3787, device='cuda:0')
i=  801
loss1 = tensor(0.3461, device='cuda:0')
i=  901
loss1 = tensor(0.3342, device='cuda:0')
i=  1001
loss1 = tensor(0.3240, device='cuda:0')
i=  1101
loss1 = tensor(0.3106, device='cuda:0')
i=  1201
loss1 = tensor(0.2920, device='cuda:0')
i=  1301
loss1 = tensor(0.1461, device='cuda:0')
i=  1401
loss1 = tensor(0.2994, device='cuda:0')
i=  1501
loss1 = tensor(0.2995, device='cuda:0')
i=  1601
loss1 = tensor(0.2402, device='cuda:0')
i=  1701
loss1 = tensor(0.2829, device='cuda:0')
i=  1801
loss1 = tensor(0.0910, device='cuda:0')
i=  1901
loss1 = tensor(0.2744, device='cuda:0')
i=  2001
loss1 = tensor(0.2553, device='cuda:0')
i=  2101
loss1 = tensor(0.2706, device='cuda:0')
i=  2201
loss1 = tensor(0.2604, device='cuda:0')
i=  2301
loss1 = tensor(0.2639, device='cuda:0')
i=  2401
loss1 = tensor(0.2709, device='cuda:0')
i=  2501
loss1 = tensor(0.2551, device='cuda:0')
i=  2601
loss1 = tensor(0.2294, device='cuda:0')
i=  2701
loss1 = tensor(0.2485, device='cuda:0')
i=  2801
loss1 = tensor(0.2319, device='cuda:0')
i=  2901
loss1 = tensor(0.2445, device='cuda:0')
i=  3001
loss1 = tensor(0.2546, device='cuda:0')
i=  3101
loss1 = tensor(0.2383, device='cuda:0')
i=  3201
loss1 = tensor(0.2226, device='cuda:0')
i=  3301
loss1 = tensor(0.2193, device='cuda:0')
i=  3401
loss1 = tensor(0.2294, device='cuda:0')
i=  3501
loss1 = tensor(0.2223, device='cuda:0')
i=  3601
loss1 = tensor(0.0741, device='cuda:0')
i=  3701
loss1 = tensor(0.2124, device='cuda:0')
i=  3801
loss1 = tensor(0.2292, device='cuda:0')
i=  3901
loss1 = tensor(0.2292, device='cuda:0')
i=  4001
loss1 = tensor(0.2409, device='cuda:0')
i=  4101
loss1 = tensor(0.2173, device='cuda:0')
i=  4201
loss1 = tensor(0.2445, device='cuda:0')
i=  4301
loss1 = tensor(0.1958, device='cuda:0')
i=  4401
loss1 = tensor(0.2261, device='cuda:0')
i=  4501
loss1 = tensor(0.2183, device='cuda:0')
i=  4601
loss1 = tensor(0.2409, device='cuda:0')
i=  4701
loss1 = tensor(0.2335, device='cuda:0')
i=  4801
loss1 = tensor(0.2113, device='cuda:0')
i=  4901
loss1 = tensor(0.2098, device='cuda:0')
i=  5001
loss1 = tensor(0.2126, device='cuda:0')
i=  5101
loss1 = tensor(0.2019, device='cuda:0')
i=  5201
loss1 = tensor(0.2073, device='cuda:0')
i=  5301
loss1 = tensor(0.2015, device='cuda:0')
i=  5401
loss1 = tensor(0.0814, device='cuda:0')
i=  5501
loss1 = tensor(0.2165, device='cuda:0')
i=  5601
loss1 = tensor(0.2016, device='cuda:0')
i=  5701
loss1 = tensor(0.1718, device='cuda:0')
i=  5801
loss1 = tensor(0.2106, device='cuda:0')
i=  5901
loss1 = tensor(0.0569, device='cuda:0')
i=  6001
loss1 = tensor(0.2077, device='cuda:0')
i=  6101
loss1 = tensor(0.1897, device='cuda:0')
i=  6201
loss1 = tensor(0.2088, device='cuda:0')
i=  6301
loss1 = tensor(0.1959, device='cuda:0')
i=  6401
loss1 = tensor(0.2041, device='cuda:0')
i=  6501
loss1 = tensor(0.2053, device='cuda:0')
i=  6601
loss1 = tensor(0.1944, device='cuda:0')
i=  6701
loss1 = tensor(0.1879, device='cuda:0')
i=  6801
loss1 = tensor(0.1919, device='cuda:0')
i=  6901
loss1 = tensor(0.1858, device='cuda:0')
i=  7001
loss1 = tensor(0.1965, device='cuda:0')
i=  7101
loss1 = tensor(0.1993, device='cuda:0')
i=  7201
loss1 = tensor(0.2078, device='cuda:0')
i=  7301
loss1 = tensor(0.1795, device='cuda:0')
i=  7401
loss1 = tensor(0.1836, device='cuda:0')
i=  7501
loss1 = tensor(0.1934, device='cuda:0')
i=  7601
loss1 = tensor(0.1807, device='cuda:0')
i=  7701
loss1 = tensor(0.0573, device='cuda:0')
i=  7801
loss1 = tensor(0.1872, device='cuda:0')
i=  7901
loss1 = tensor(0.1939, device='cuda:0')
i=  8001
loss1 = tensor(0.1961, device='cuda:0')
i=  8101
loss1 = tensor(0.1979, device='cuda:0')
i=  8201
loss1 = tensor(0.1881, device='cuda:0')
i=  8301
loss1 = tensor(0.2096, device='cuda:0')
i=  8401
loss1 = tensor(0.1637, device='cuda:0')
i=  8501
loss1 = tensor(0.1927, device='cuda:0')
i=  8601
loss1 = tensor(0.1823, device='cuda:0')
i=  8701
loss1 = tensor(0.2018, device='cuda:0')
i=  8801
loss1 = tensor(0.1989, device='cuda:0')
i=  8901
loss1 = tensor(0.1744, device='cuda:0')
i=  9001
loss1 = tensor(0.1860, device='cuda:0')
i=  9101
loss1 = tensor(0.1860, device='cuda:0')
i=  9201
loss1 = tensor(0.1746, device='cuda:0')
i=  9301
loss1 = tensor(0.1809, device='cuda:0')
i=  9401
loss1 = tensor(0.1730, device='cuda:0')
i=  9501
loss1 = tensor(0.0726, device='cuda:0')
i=  9601
loss1 = tensor(0.1825, device='cuda:0')
i=  9701
loss1 = tensor(0.1720, device='cuda:0')
i=  9801
loss1 = tensor(0.1555, device='cuda:0')
i=  9901
loss1 = tensor(0.1817, device='cuda:0')
i=  10001
loss1 = tensor(0.0501, device='cuda:0')
i=  10101
loss1 = tensor(0.1831, device='cuda:0')
i=  10201
loss1 = tensor(0.1696, device='cuda:0')
i=  10301
loss1 = tensor(0.1812, device='cuda:0')
i=  10401
loss1 = tensor(0.1673, device='cuda:0')
i=  10501
loss1 = tensor(0.1785, device='cuda:0')
i=  10601
loss1 = tensor(0.1741, device='cuda:0')
i=  10701
loss1 = tensor(0.1656, device='cuda:0')
i=  10801
loss1 = tensor(0.1694, device='cuda:0')
i=  10901
loss1 = tensor(0.1669, device='cuda:0')
i=  11001
loss1 = tensor(0.1714, device='cuda:0')
i=  11101
loss1 = tensor(0.1725, device='cuda:0')
i=  11201
loss1 = tensor(0.1719, device='cuda:0')
i=  11301
loss1 = tensor(0.1828, device='cuda:0')
i=  11401
loss1 = tensor(0.1645, device='cuda:0')
i=  11501
loss1 = tensor(0.1651, device='cuda:0')
i=  11601
loss1 = tensor(0.1651, device='cuda:0')
i=  11701
loss1 = tensor(0.1595, device='cuda:0')
i=  11801
loss1 = tensor(0.0520, device='cuda:0')
i=  11901
loss1 = tensor(0.1641, device='cuda:0')
i=  12001
loss1 = tensor(0.1714, device='cuda:0')
i=  12101
loss1 = tensor(0.1742, device='cuda:0')
i=  12201
loss1 = tensor(0.1785, device='cuda:0')
i=  12301
loss1 = tensor(0.1658, device='cuda:0')
i=  12401
loss1 = tensor(0.1891, device='cuda:0')
i=  12501
loss1 = tensor(0.1507, device='cuda:0')
i=  12601
loss1 = tensor(0.1738, device='cuda:0')
i=  12701
loss1 = tensor(0.1665, device='cuda:0')
i=  12801
loss1 = tensor(0.1832, device='cuda:0')
i=  12901
loss1 = tensor(0.1794, device='cuda:0')
i=  13001
loss1 = tensor(0.1560, device='cuda:0')
i=  13101
loss1 = tensor(0.1700, device='cuda:0')
i=  13201
loss1 = tensor(0.1646, device='cuda:0')
i=  13301
loss1 = tensor(0.1604, device='cuda:0')
i=  13401
loss1 = tensor(0.1658, device='cuda:0')
i=  13501
loss1 = tensor(0.1607, device='cuda:0')
i=  13601
loss1 = tensor(0.0658, device='cuda:0')
i=  13701
loss1 = tensor(0.1677, device='cuda:0')
i=  13801
loss1 = tensor(0.1554, device='cuda:0')
i=  13901
loss1 = tensor(0.1431, device='cuda:0')
i=  14001
loss1 = tensor(0.1633, device='cuda:0')
i=  14101
loss1 = tensor(0.0448, device='cuda:0')
i=  14201
loss1 = tensor(0.1688, device='cuda:0')
i=  14301
loss1 = tensor(0.1520, device='cuda:0')
i=  14401
loss1 = tensor(0.1722, device='cuda:0')
i=  14501
loss1 = tensor(0.1573, device='cuda:0')
i=  14601
loss1 = tensor(0.1619, device='cuda:0')
i=  14701
loss1 = tensor(0.1696, device='cuda:0')
i=  14801
loss1 = tensor(0.1551, device='cuda:0')
i=  14901
loss1 = tensor(0.1585, device='cuda:0')
i=  15001
loss1 = tensor(0.1547, device='cuda:0')
i=  15101
loss1 = tensor(0.1581, device='cuda:0')
i=  15201
loss1 = tensor(0.1581, device='cuda:0')
i=  15301
loss1 = tensor(0.1593, device='cuda:0')
i=  15401
loss1 = tensor(0.1752, device='cuda:0')
i=  15501
loss1 = tensor(0.1503, device='cuda:0')
i=  15601
loss1 = tensor(0.1513, device='cuda:0')
i=  15701
loss1 = tensor(0.1644, device='cuda:0')
i=  15801
loss1 = tensor(0.1507, device='cuda:0')
i=  15901
loss1 = tensor(0.0481, device='cuda:0')
i=  16001
loss1 = tensor(0.1544, device='cuda:0')
i=  16101
loss1 = tensor(0.1599, device='cuda:0')
i=  16201
loss1 = tensor(0.1686, device='cuda:0')
i=  16301
loss1 = tensor(0.1661, device='cuda:0')
i=  16401
loss1 = tensor(0.1613, device='cuda:0')
i=  16501
loss1 = tensor(0.1750, device='cuda:0')
i=  16601
loss1 = tensor(0.1395, device='cuda:0')
i=  16701
loss1 = tensor(0.1665, device='cuda:0')
i=  16801
loss1 = tensor(0.1513, device='cuda:0')
i=  16901
loss1 = tensor(0.1683, device='cuda:0')
i=  17001
loss1 = tensor(0.1619, device='cuda:0')
i=  17101
loss1 = tensor(0.1468, device='cuda:0')
i=  17201
loss1 = tensor(0.1613, device='cuda:0')
i=  17301
loss1 = tensor(0.1517, device='cuda:0')
i=  17401
loss1 = tensor(0.1531, device='cuda:0')
i=  17501
loss1 = tensor(0.1548, device='cuda:0')
i=  17601
loss1 = tensor(0.1476, device='cuda:0')
i=  17701
loss1 = tensor(0.0627, device='cuda:0')
i=  17801
loss1 = tensor(0.1580, device='cuda:0')
i=  17901
loss1 = tensor(0.1457, device='cuda:0')
i=  18001
loss1 = tensor(0.1342, device='cuda:0')
i=  18101
loss1 = tensor(0.1525, device='cuda:0')
i=  18201
loss1 = tensor(0.0433, device='cuda:0')
i=  18301
loss1 = tensor(0.1535, device='cuda:0')
i=  18401
loss1 = tensor(0.1437, device='cuda:0')
i=  18501
loss1 = tensor(0.1550, device='cuda:0')
i=  18601
loss1 = tensor(0.1459, device='cuda:0')
i=  18701
loss1 = tensor(0.1502, device='cuda:0')
i=  18801
loss1 = tensor(0.1538, device='cuda:0')
i=  18901
loss1 = tensor(0.1431, device='cuda:0')
i=  19001
loss1 = tensor(0.1442, device='cuda:0')
i=  19101
loss1 = tensor(0.1442, device='cuda:0')
i=  19201
loss1 = tensor(0.1499, device='cuda:0')
i=  19301
loss1 = tensor(0.1467, device='cuda:0')
i=  19401
loss1 = tensor(0.1468, device='cuda:0')
i=  19501
loss1 = tensor(0.1634, device='cuda:0')
i=  19601
loss1 = tensor(0.1395, device='cuda:0')
i=  19701
loss1 = tensor(0.1436, device='cuda:0')
i=  19801
loss1 = tensor(0.1469, device='cuda:0')
i=  19901
loss1 = tensor(0.1399, device='cuda:0')
i=  20001
loss1 = tensor(0.0467, device='cuda:0')
i=  20101
loss1 = tensor(0.1420, device='cuda:0')
i=  20201
loss1 = tensor(0.1492, device='cuda:0')
i=  20301
loss1 = tensor(0.1544, device='cuda:0')
i=  20401
loss1 = tensor(0.1500, device='cuda:0')
i=  20501
loss1 = tensor(0.1488, device='cuda:0')
i=  20601
loss1 = tensor(0.1633, device='cuda:0')
i=  20701
loss1 = tensor(0.1318, device='cuda:0')
i=  20801
loss1 = tensor(0.1557, device='cuda:0')
i=  20901
loss1 = tensor(0.1435, device='cuda:0')
i=  21001
loss1 = tensor(0.1559, device='cuda:0')
i=  21101
loss1 = tensor(0.1512, device='cuda:0')
i=  21201
loss1 = tensor(0.1375, device='cuda:0')
i=  21301
loss1 = tensor(0.1508, device='cuda:0')
i=  21401
loss1 = tensor(0.1420, device='cuda:0')
i=  21501
loss1 = tensor(0.1457, device='cuda:0')
i=  21601
loss1 = tensor(0.1465, device='cuda:0')
i=  21701
loss1 = tensor(0.1405, device='cuda:0')
i=  21801
loss1 = tensor(0.0602, device='cuda:0')
i=  21901
loss1 = tensor(0.1470, device='cuda:0')
i=  22001
loss1 = tensor(0.1395, device='cuda:0')
i=  22101
loss1 = tensor(0.1304, device='cuda:0')
i=  22201
loss1 = tensor(0.1451, device='cuda:0')
i=  22301
loss1 = tensor(0.0416, device='cuda:0')
i=  22401
loss1 = tensor(0.1437, device='cuda:0')
i=  22501
loss1 = tensor(0.1352, device='cuda:0')
i=  22601
loss1 = tensor(0.1442, device='cuda:0')
i=  22701
loss1 = tensor(0.1423, device='cuda:0')
i=  22801
loss1 = tensor(0.1390, device='cuda:0')
i=  22901
loss1 = tensor(0.1449, device='cuda:0')
i=  23001
loss1 = tensor(0.1323, device='cuda:0')
i=  23101
loss1 = tensor(0.1348, device='cuda:0')
i=  23201
loss1 = tensor(0.1338, device='cuda:0')
i=  23301
loss1 = tensor(0.1373, device='cuda:0')
i=  23401
loss1 = tensor(0.1338, device='cuda:0')
i=  23501
loss1 = tensor(0.1388, device='cuda:0')
i=  23601
loss1 = tensor(0.1526, device='cuda:0')
i=  23701
loss1 = tensor(0.1292, device='cuda:0')
i=  23801
loss1 = tensor(0.1332, device='cuda:0')
i=  23901
loss1 = tensor(0.1354, device='cuda:0')
i=  24001
loss1 = tensor(0.1318, device='cuda:0')
i=  24101
loss1 = tensor(0.0401, device='cuda:0')
i=  24201
loss1 = tensor(0.1304, device='cuda:0')
i=  24301
loss1 = tensor(0.1402, device='cuda:0')
i=  24401
loss1 = tensor(0.1381, device='cuda:0')
i=  24501
loss1 = tensor(0.1384, device='cuda:0')
i=  24601
loss1 = tensor(0.1363, device='cuda:0')
i=  24701
loss1 = tensor(0.1534, device='cuda:0')
i=  24801
loss1 = tensor(0.1191, device='cuda:0')
i=  24901
loss1 = tensor(0.1441, device='cuda:0')
i=  25001
loss1 = tensor(0.1337, device='cuda:0')
i=  25101
loss1 = tensor(0.1438, device='cuda:0')
i=  25201
loss1 = tensor(0.1422, device='cuda:0')
i=  25301
loss1 = tensor(0.1283, device='cuda:0')
i=  25401
loss1 = tensor(0.1363, device='cuda:0')
i=  25501
loss1 = tensor(0.1317, device='cuda:0')
i=  25601
loss1 = tensor(0.1343, device='cuda:0')
i=  25701
loss1 = tensor(0.1406, device='cuda:0')
i=  25801
loss1 = tensor(0.1295, device='cuda:0')
i=  25901
loss1 = tensor(0.0583, device='cuda:0')
i=  26001
loss1 = tensor(0.1410, device='cuda:0')
i=  26101
loss1 = tensor(0.1301, device='cuda:0')
i=  26201
loss1 = tensor(0.1321, device='cuda:0')
i=  26301
loss1 = tensor(0.1371, device='cuda:0')
i=  26401
loss1 = tensor(0.0388, device='cuda:0')
i=  26501
loss1 = tensor(0.1427, device='cuda:0')
i=  26601
loss1 = tensor(0.1340, device='cuda:0')
i=  26701
loss1 = tensor(0.1437, device='cuda:0')
i=  26801
loss1 = tensor(0.1405, device='cuda:0')
i=  26901
loss1 = tensor(0.1360, device='cuda:0')
i=  27001
loss1 = tensor(0.1399, device='cuda:0')
i=  27101
loss1 = tensor(0.1306, device='cuda:0')
i=  27201
loss1 = tensor(0.1376, device='cuda:0')
i=  27301
loss1 = tensor(0.1324, device='cuda:0')
i=  27401
loss1 = tensor(0.1362, device='cuda:0')
i=  27501
loss1 = tensor(0.1323, device='cuda:0')
i=  27601
loss1 = tensor(0.1319, device='cuda:0')
i=  27701
loss1 = tensor(0.1505, device='cuda:0')
i=  27801
loss1 = tensor(0.1273, device='cuda:0')
i=  27901
loss1 = tensor(0.1309, device='cuda:0')
i=  28001
loss1 = tensor(0.1355, device='cuda:0')
i=  28101
loss1 = tensor(0.1245, device='cuda:0')
i=  28201
loss1 = tensor(0.0414, device='cuda:0')
i=  28301
loss1 = tensor(0.1217, device='cuda:0')
i=  28401
loss1 = tensor(0.1325, device='cuda:0')
i=  28501
loss1 = tensor(0.1358, device='cuda:0')
i=  28601
loss1 = tensor(0.1326, device='cuda:0')
i=  28701
loss1 = tensor(0.1340, device='cuda:0')
i=  28801
loss1 = tensor(0.1400, device='cuda:0')
i=  28901
loss1 = tensor(0.1182, device='cuda:0')
i=  29001
loss1 = tensor(0.1451, device='cuda:0')
i=  29101
loss1 = tensor(0.1268, device='cuda:0')
i=  29201
loss1 = tensor(0.1397, device='cuda:0')
i=  29301
loss1 = tensor(0.1341, device='cuda:0')
i=  29401
loss1 = tensor(0.1243, device='cuda:0')
i=  29501
loss1 = tensor(0.1334, device='cuda:0')
i=  29601
loss1 = tensor(0.1246, device='cuda:0')
i=  29701
loss1 = tensor(0.1304, device='cuda:0')
i=  29801
loss1 = tensor(0.1291, device='cuda:0')
i=  29901
loss1 = tensor(0.1232, device='cuda:0')
i=  30001
loss1 = tensor(0.0538, device='cuda:0')
i=  30101
loss1 = tensor(0.1284, device='cuda:0')
i=  30201
loss1 = tensor(0.1200, device='cuda:0')
i=  30301
loss1 = tensor(0.1156, device='cuda:0')
i=  30401
loss1 = tensor(0.1297, device='cuda:0')
i=  30501
loss1 = tensor(0.0380, device='cuda:0')
i=  30601
loss1 = tensor(0.1300, device='cuda:0')
i=  30701
loss1 = tensor(0.1219, device='cuda:0')
i=  30801
loss1 = tensor(0.1305, device='cuda:0')
i=  30901
loss1 = tensor(0.1232, device='cuda:0')
i=  31001
loss1 = tensor(0.1242, device='cuda:0')
i=  31101
loss1 = tensor(0.1266, device='cuda:0')
i=  31201
loss1 = tensor(0.1206, device='cuda:0')
i=  31301
loss1 = tensor(0.1233, device='cuda:0')
i=  31401
loss1 = tensor(0.1174, device='cuda:0')
i=  31501
loss1 = tensor(0.1251, device='cuda:0')
i=  31601
loss1 = tensor(0.1164, device='cuda:0')
i=  31701
loss1 = tensor(0.1238, device='cuda:0')
i=  31801
loss1 = tensor(0.1389, device='cuda:0')
i=  31901
loss1 = tensor(0.1170, device='cuda:0')
i=  32001
loss1 = tensor(0.1222, device='cuda:0')
i=  32101
loss1 = tensor(0.1199, device='cuda:0')
i=  32201
loss1 = tensor(0.1169, device='cuda:0')
i=  32301
loss1 = tensor(0.0376, device='cuda:0')
i=  32401
loss1 = tensor(0.1176, device='cuda:0')
i=  32501
loss1 = tensor(0.1263, device='cuda:0')
i=  32601
loss1 = tensor(0.1259, device='cuda:0')
i=  32701
loss1 = tensor(0.1247, device='cuda:0')
i=  32801
loss1 = tensor(0.1217, device='cuda:0')
i=  32901
loss1 = tensor(0.1324, device='cuda:0')
i=  33001
loss1 = tensor(0.1099, device='cuda:0')
i=  33101
loss1 = tensor(0.1266, device='cuda:0')
i=  33201
loss1 = tensor(0.1201, device='cuda:0')
i=  33301
loss1 = tensor(0.1315, device='cuda:0')
i=  33401
loss1 = tensor(0.1216, device='cuda:0')
i=  33501
loss1 = tensor(0.1179, device='cuda:0')
i=  33601
loss1 = tensor(0.1214, device='cuda:0')
i=  33701
loss1 = tensor(0.1187, device='cuda:0')
i=  33801
loss1 = tensor(0.1208, device='cuda:0')
i=  33901
loss1 = tensor(0.1225, device='cuda:0')
i=  34001
loss1 = tensor(0.1174, device='cuda:0')
i=  34101
loss1 = tensor(0.0493, device='cuda:0')
i=  34201
loss1 = tensor(0.1240, device='cuda:0')
i=  34301
loss1 = tensor(0.1163, device='cuda:0')
i=  34401
loss1 = tensor(0.1120, device='cuda:0')
i=  34501
loss1 = tensor(0.1247, device='cuda:0')
i=  34601
loss1 = tensor(0.0331, device='cuda:0')
i=  34701
loss1 = tensor(0.1255, device='cuda:0')
i=  34801
loss1 = tensor(0.1170, device='cuda:0')
i=  34901
loss1 = tensor(0.1238, device='cuda:0')
i=  35001
loss1 = tensor(0.1216, device='cuda:0')
i=  35101
loss1 = tensor(0.1203, device='cuda:0')
i=  35201
loss1 = tensor(0.1246, device='cuda:0')
i=  35301
loss1 = tensor(0.1155, device='cuda:0')
i=  35401
loss1 = tensor(0.1187, device='cuda:0')
i=  35501
loss1 = tensor(0.1196, device='cuda:0')
i=  35601
loss1 = tensor(0.1234, device='cuda:0')
i=  35701
loss1 = tensor(0.1179, device='cuda:0')
i=  35801
loss1 = tensor(0.1213, device='cuda:0')
i=  35901
loss1 = tensor(0.1340, device='cuda:0')
i=  36001
loss1 = tensor(0.1173, device='cuda:0')
i=  36101
loss1 = tensor(0.1196, device='cuda:0')
i=  36201
loss1 = tensor(0.1248, device='cuda:0')
i=  36301
loss1 = tensor(0.1159, device='cuda:0')
i=  36401
loss1 = tensor(0.0368, device='cuda:0')
i=  36501
loss1 = tensor(0.1215, device='cuda:0')
i=  36601
loss1 = tensor(0.1220, device='cuda:0')
i=  36701
loss1 = tensor(0.1280, device='cuda:0')
i=  36801
loss1 = tensor(0.1242, device='cuda:0')
i=  36901
loss1 = tensor(0.1219, device='cuda:0')
i=  37001
loss1 = tensor(0.1328, device='cuda:0')
i=  37101
loss1 = tensor(0.1117, device='cuda:0')
i=  37201
loss1 = tensor(0.1252, device='cuda:0')
i=  37301
loss1 = tensor(0.1172, device='cuda:0')
i=  37401
loss1 = tensor(0.1298, device='cuda:0')
i=  37501
loss1 = tensor(0.1261, device='cuda:0')
i=  37601
loss1 = tensor(0.1149, device='cuda:0')
i=  37701
loss1 = tensor(0.1221, device='cuda:0')
i=  37801
loss1 = tensor(0.1182, device='cuda:0')
i=  37901
loss1 = tensor(0.1201, device='cuda:0')
i=  38001
loss1 = tensor(0.1224, device='cuda:0')
i=  38101
loss1 = tensor(0.1169, device='cuda:0')
i=  38201
loss1 = tensor(0.0494, device='cuda:0')
i=  38301
loss1 = tensor(0.1252, device='cuda:0')
i=  38401
loss1 = tensor(0.1150, device='cuda:0')
i=  38501
loss1 = tensor(0.1104, device='cuda:0')
i=  38601
loss1 = tensor(0.1200, device='cuda:0')
i=  38701
loss1 = tensor(0.0332, device='cuda:0')
i=  38801
loss1 = tensor(0.1239, device='cuda:0')
i=  38901
loss1 = tensor(0.1129, device='cuda:0')
i=  39001
loss1 = tensor(0.1242, device='cuda:0')
i=  39101
loss1 = tensor(0.1168, device='cuda:0')
i=  39201
loss1 = tensor(0.1170, device='cuda:0')
i=  39301
loss1 = tensor(0.1220, device='cuda:0')
i=  39401
loss1 = tensor(0.1148, device='cuda:0')
i=  39501
loss1 = tensor(0.1183, device='cuda:0')
i=  39601
loss1 = tensor(0.1132, device='cuda:0')
i=  39701
loss1 = tensor(0.1191, device='cuda:0')
i=  39801
loss1 = tensor(0.1150, device='cuda:0')
i=  39901
loss1 = tensor(0.1173, device='cuda:0')
i=  40001
loss1 = tensor(0.1298, device='cuda:0')
i=  40101
loss1 = tensor(0.1121, device='cuda:0')
i=  40201
loss1 = tensor(0.1137, device='cuda:0')
i=  40301
loss1 = tensor(0.1195, device='cuda:0')
i=  40401
loss1 = tensor(0.1100, device='cuda:0')
i=  40501
loss1 = tensor(0.0337, device='cuda:0')
i=  40601
loss1 = tensor(0.1136, device='cuda:0')
i=  40701
loss1 = tensor(0.1155, device='cuda:0')
i=  40801
loss1 = tensor(0.1195, device='cuda:0')
i=  40901
loss1 = tensor(0.1182, device='cuda:0')
i=  41001
loss1 = tensor(0.1131, device='cuda:0')
i=  41101
loss1 = tensor(0.1268, device='cuda:0')
i=  41201
loss1 = tensor(0.1042, device='cuda:0')
i=  41301
loss1 = tensor(0.1197, device='cuda:0')
i=  41401
loss1 = tensor(0.1126, device='cuda:0')
i=  41501
loss1 = tensor(0.1202, device='cuda:0')
i=  41601
loss1 = tensor(0.1178, device='cuda:0')
i=  41701
loss1 = tensor(0.1089, device='cuda:0')
i=  41801
loss1 = tensor(0.1159, device='cuda:0')
i=  41901
loss1 = tensor(0.1132, device='cuda:0')
i=  42001
loss1 = tensor(0.1135, device='cuda:0')
i=  42101
loss1 = tensor(0.1168, device='cuda:0')
i=  42201
loss1 = tensor(0.1104, device='cuda:0')
i=  42301
loss1 = tensor(0.0444, device='cuda:0')
i=  42401
loss1 = tensor(0.1157, device='cuda:0')
i=  42501
loss1 = tensor(0.1086, device='cuda:0')
i=  42601
loss1 = tensor(0.1055, device='cuda:0')
i=  42701
loss1 = tensor(0.1168, device='cuda:0')
i=  42801
loss1 = tensor(0.0312, device='cuda:0')
i=  42901
loss1 = tensor(0.1191, device='cuda:0')
i=  43001
loss1 = tensor(0.1105, device='cuda:0')
i=  43101
loss1 = tensor(0.1186, device='cuda:0')
i=  43201
loss1 = tensor(0.1137, device='cuda:0')
i=  43301
loss1 = tensor(0.1145, device='cuda:0')
i=  43401
loss1 = tensor(0.1186, device='cuda:0')
i=  43501
loss1 = tensor(0.1099, device='cuda:0')
i=  43601
loss1 = tensor(0.1133, device='cuda:0')
i=  43701
loss1 = tensor(0.1111, device='cuda:0')
i=  43801
loss1 = tensor(0.1152, device='cuda:0')
i=  43901
loss1 = tensor(0.1115, device='cuda:0')
i=  44001
loss1 = tensor(0.1145, device='cuda:0')
i=  44101
loss1 = tensor(0.1299, device='cuda:0')
i=  44201
loss1 = tensor(0.1130, device='cuda:0')
i=  44301
loss1 = tensor(0.1131, device='cuda:0')
i=  44401
loss1 = tensor(0.1171, device='cuda:0')
i=  44501
loss1 = tensor(0.1097, device='cuda:0')
i=  44601
loss1 = tensor(0.0355, device='cuda:0')
i=  44701
loss1 = tensor(0.1105, device='cuda:0')
i=  44801
loss1 = tensor(0.1164, device='cuda:0')
i=  44901
loss1 = tensor(0.1201, device='cuda:0')
i=  45001
loss1 = tensor(0.1175, device='cuda:0')
i=  45101
loss1 = tensor(0.1134, device='cuda:0')
i=  45201
loss1 = tensor(0.1316, device='cuda:0')
i=  45301
loss1 = tensor(0.1039, device='cuda:0')
i=  45401
loss1 = tensor(0.1224, device='cuda:0')
i=  45501
loss1 = tensor(0.1122, device='cuda:0')
i=  45601
loss1 = tensor(0.1240, device='cuda:0')
i=  45701
loss1 = tensor(0.1180, device='cuda:0')
i=  45801
loss1 = tensor(0.1099, device='cuda:0')
i=  45901
loss1 = tensor(0.1193, device='cuda:0')
i=  46001
loss1 = tensor(0.1140, device='cuda:0')
i=  46101
loss1 = tensor(0.1167, device='cuda:0')
i=  46201
loss1 = tensor(0.1185, device='cuda:0')
i=  46301
loss1 = tensor(0.1126, device='cuda:0')
i=  46401
loss1 = tensor(0.0486, device='cuda:0')
i=  46501
loss1 = tensor(0.1181, device='cuda:0')
i=  46601
loss1 = tensor(0.1116, device='cuda:0')
i=  46701
loss1 = tensor(0.1082, device='cuda:0')
i=  46801
loss1 = tensor(0.1154, device='cuda:0')
i=  46901
loss1 = tensor(0.0324, device='cuda:0')
i=  47001
loss1 = tensor(0.1180, device='cuda:0')
i=  47101
loss1 = tensor(0.1118, device='cuda:0')
i=  47201
loss1 = tensor(0.1189, device='cuda:0')
i=  47301
loss1 = tensor(0.1126, device='cuda:0')
i=  47401
loss1 = tensor(0.1180, device='cuda:0')
i=  47501
loss1 = tensor(0.1167, device='cuda:0')
i=  47601
loss1 = tensor(0.1100, device='cuda:0')
i=  47701
loss1 = tensor(0.1178, device='cuda:0')
i=  47801
loss1 = tensor(0.1087, device='cuda:0')
i=  47901
loss1 = tensor(0.1166, device='cuda:0')
i=  48001
loss1 = tensor(0.1117, device='cuda:0')
i=  48101
loss1 = tensor(0.1128, device='cuda:0')
i=  48201
loss1 = tensor(0.1286, device='cuda:0')
i=  48301
loss1 = tensor(0.1085, device='cuda:0')
i=  48401
loss1 = tensor(0.1135, device='cuda:0')
i=  48501
loss1 = tensor(0.1147, device='cuda:0')
i=  48601
loss1 = tensor(0.1052, device='cuda:0')
i=  48701
loss1 = tensor(0.0350, device='cuda:0')
i=  48801
loss1 = tensor(0.1070, device='cuda:0')
i=  48901
loss1 = tensor(0.1142, device='cuda:0')
i=  49001
loss1 = tensor(0.1185, device='cuda:0')
i=  49101
loss1 = tensor(0.1133, device='cuda:0')
i=  49201
loss1 = tensor(0.1154, device='cuda:0')
i=  49301
loss1 = tensor(0.1237, device='cuda:0')
i=  49401
loss1 = tensor(0.1011, device='cuda:0')
i=  49501
loss1 = tensor(0.1162, device='cuda:0')
i=  49601
loss1 = tensor(0.1084, device='cuda:0')
i=  49701
loss1 = tensor(0.1173, device='cuda:0')
i=  49801
loss1 = tensor(0.1165, device='cuda:0')
i=  49901
loss1 = tensor(0.1053, device='cuda:0')
JobID                     Submit  Partition    CPUTime    Elapsed     MaxRSS        NodeList  ReqCPUS 
------------ ------------------- ---------- ---------- ---------- ---------- --------------- -------- 
20533655     2023-08-12T08:23:20 multiscal+   00:02:11   00:02:11                    nvf-017        1 
20533655.ba+ 2023-08-18T04:02:18              00:02:11   00:02:11                    nvf-017        1 
20533655.ex+ 2023-08-18T04:02:18              00:02:11   00:02:11                    nvf-017        1 
