30
torch.Size([30, 1600])
./data_save/data2.npz
./data_save/data3.npz
./data_save/data4.npz
./data_save/data5.npz
./data_save/data6.npz
./data_save/data7.npz
./data_save/data8.npz
./data_save/data9.npz
./data_save/data10.npz
./data_save/data11.npz
./data_save/data12.npz
./data_save/data13.npz
./data_save/data14.npz
./data_save/data15.npz
./data_save/data16.npz
./data_save/data17.npz
./data_save/data18.npz
./data_save/data19.npz
./data_save/data20.npz
./data_save/data21.npz
./data_save/data22.npz
./data_save/data23.npz
./data_save/data24.npz
./data_save/data25.npz
./data_save/data26.npz
./data_save/data27.npz
./data_save/data28.npz
./data_save/data29.npz
./data_save/data30.npz
./data_save/data31.npz
./data_save/data32.npz
./data_save/data33.npz
./data_save/data34.npz
./data_save/data35.npz
./data_save/data36.npz
./data_save/data37.npz
./data_save/data38.npz
./data_save/data39.npz
./data_save/data40.npz
./data_save/data41.npz
./data_save/data42.npz
./data_save/data43.npz
./data_save/data44.npz
./data_save/data45.npz
./data_save/data46.npz
./data_save/data47.npz
./data_save/data48.npz
./data_save/data49.npz
./data_save/data50.npz
./data_save/data51.npz
./data_save/data52.npz
./data_save/data53.npz
./data_save/data54.npz
./data_save/data55.npz
./data_save/data56.npz
./data_save/data57.npz
./data_save/data58.npz
./data_save/data59.npz
./data_save/data60.npz
./data_save/data61.npz
./data_save/data62.npz
./data_save/data63.npz
./data_save/data64.npz
./data_save/data65.npz
./data_save/data66.npz
./data_save/data67.npz
./data_save/data68.npz
./data_save/data69.npz
./data_save/data70.npz
./data_save/data71.npz
./data_save/data72.npz
./data_save/data73.npz
./data_save/data74.npz
./data_save/data75.npz
./data_save/data76.npz
./data_save/data77.npz
./data_save/data78.npz
./data_save/data79.npz
./data_save/data80.npz
./data_save/data81.npz
./data_save/data82.npz
./data_save/data83.npz
./data_save/data84.npz
./data_save/data85.npz
./data_save/data86.npz
./data_save/data87.npz
torch.Size([30, 139200])
i=  1
loss1 = tensor(0.9919, device='cuda:0')
i=  101
loss1 = tensor(0.8979, device='cuda:0')
i=  201
loss1 = tensor(0.7047, device='cuda:0')
i=  301
loss1 = tensor(0.4721, device='cuda:0')
i=  401
loss1 = tensor(0.3902, device='cuda:0')
i=  501
loss1 = tensor(0.3749, device='cuda:0')
i=  601
loss1 = tensor(0.3781, device='cuda:0')
i=  701
loss1 = tensor(0.3371, device='cuda:0')
i=  801
loss1 = tensor(0.3427, device='cuda:0')
i=  901
loss1 = tensor(0.3274, device='cuda:0')
i=  1001
loss1 = tensor(0.3541, device='cuda:0')
i=  1101
loss1 = tensor(0.2805, device='cuda:0')
i=  1201
loss1 = tensor(0.2904, device='cuda:0')
i=  1301
loss1 = tensor(0.2822, device='cuda:0')
i=  1401
loss1 = tensor(0.2822, device='cuda:0')
i=  1501
loss1 = tensor(0.2622, device='cuda:0')
i=  1601
loss1 = tensor(0.2468, device='cuda:0')
i=  1701
loss1 = tensor(0.2473, device='cuda:0')
i=  1801
loss1 = tensor(0.2696, device='cuda:0')
i=  1901
loss1 = tensor(0.2526, device='cuda:0')
i=  2001
loss1 = tensor(0.2469, device='cuda:0')
i=  2101
loss1 = tensor(0.2459, device='cuda:0')
i=  2201
loss1 = tensor(0.2153, device='cuda:0')
i=  2301
loss1 = tensor(0.2377, device='cuda:0')
i=  2401
loss1 = tensor(0.2303, device='cuda:0')
i=  2501
loss1 = tensor(0.2326, device='cuda:0')
i=  2601
loss1 = tensor(0.2359, device='cuda:0')
i=  2701
loss1 = tensor(0.2177, device='cuda:0')
i=  2801
loss1 = tensor(0.2235, device='cuda:0')
i=  2901
loss1 = tensor(0.2295, device='cuda:0')
i=  3001
loss1 = tensor(0.2019, device='cuda:0')
i=  3101
loss1 = tensor(0.2527, device='cuda:0')
i=  3201
loss1 = tensor(0.2130, device='cuda:0')
i=  3301
loss1 = tensor(0.2349, device='cuda:0')
i=  3401
loss1 = tensor(0.2388, device='cuda:0')
i=  3501
loss1 = tensor(0.2018, device='cuda:0')
i=  3601
loss1 = tensor(0.2220, device='cuda:0')
i=  3701
loss1 = tensor(0.2128, device='cuda:0')
i=  3801
loss1 = tensor(0.2020, device='cuda:0')
i=  3901
loss1 = tensor(0.2388, device='cuda:0')
i=  4001
loss1 = tensor(0.2253, device='cuda:0')
i=  4101
loss1 = tensor(0.2027, device='cuda:0')
i=  4201
loss1 = tensor(0.2006, device='cuda:0')
i=  4301
loss1 = tensor(0.2001, device='cuda:0')
i=  4401
loss1 = tensor(0.1911, device='cuda:0')
i=  4501
loss1 = tensor(0.2018, device='cuda:0')
i=  4601
loss1 = tensor(0.2048, device='cuda:0')
i=  4701
loss1 = tensor(0.1841, device='cuda:0')
i=  4801
loss1 = tensor(0.1893, device='cuda:0')
i=  4901
loss1 = tensor(0.1990, device='cuda:0')
i=  5001
loss1 = tensor(0.2088, device='cuda:0')
i=  5101
loss1 = tensor(0.2072, device='cuda:0')
i=  5201
loss1 = tensor(0.1859, device='cuda:0')
i=  5301
loss1 = tensor(0.1937, device='cuda:0')
i=  5401
loss1 = tensor(0.1816, device='cuda:0')
i=  5501
loss1 = tensor(0.2008, device='cuda:0')
i=  5601
loss1 = tensor(0.1876, device='cuda:0')
i=  5701
loss1 = tensor(0.1885, device='cuda:0')
i=  5801
loss1 = tensor(0.1943, device='cuda:0')
i=  5901
loss1 = tensor(0.1817, device='cuda:0')
i=  6001
loss1 = tensor(0.1926, device='cuda:0')
i=  6101
loss1 = tensor(0.1843, device='cuda:0')
i=  6201
loss1 = tensor(0.1817, device='cuda:0')
i=  6301
loss1 = tensor(0.1829, device='cuda:0')
i=  6401
loss1 = tensor(0.1741, device='cuda:0')
i=  6501
loss1 = tensor(0.1706, device='cuda:0')
i=  6601
loss1 = tensor(0.1865, device='cuda:0')
i=  6701
loss1 = tensor(0.1929, device='cuda:0')
i=  6801
loss1 = tensor(0.1898, device='cuda:0')
i=  6901
loss1 = tensor(0.1904, device='cuda:0')
i=  7001
loss1 = tensor(0.1805, device='cuda:0')
i=  7101
loss1 = tensor(0.1776, device='cuda:0')
i=  7201
loss1 = tensor(0.1753, device='cuda:0')
i=  7301
loss1 = tensor(0.1755, device='cuda:0')
i=  7401
loss1 = tensor(0.1770, device='cuda:0')
i=  7501
loss1 = tensor(0.1717, device='cuda:0')
i=  7601
loss1 = tensor(0.1618, device='cuda:0')
i=  7701
loss1 = tensor(0.1704, device='cuda:0')
i=  7801
loss1 = tensor(0.1755, device='cuda:0')
i=  7901
loss1 = tensor(0.1688, device='cuda:0')
i=  8001
loss1 = tensor(0.1700, device='cuda:0')
i=  8101
loss1 = tensor(0.1743, device='cuda:0')
i=  8201
loss1 = tensor(0.1686, device='cuda:0')
i=  8301
loss1 = tensor(0.1714, device='cuda:0')
i=  8401
loss1 = tensor(0.1821, device='cuda:0')
i=  8501
loss1 = tensor(0.1766, device='cuda:0')
i=  8601
loss1 = tensor(0.1601, device='cuda:0')
i=  8701
loss1 = tensor(0.1661, device='cuda:0')
i=  8801
loss1 = tensor(0.1610, device='cuda:0')
i=  8901
loss1 = tensor(0.1715, device='cuda:0')
i=  9001
loss1 = tensor(0.1691, device='cuda:0')
i=  9101
loss1 = tensor(0.1726, device='cuda:0')
i=  9201
loss1 = tensor(0.1706, device='cuda:0')
i=  9301
loss1 = tensor(0.1603, device='cuda:0')
i=  9401
loss1 = tensor(0.1644, device='cuda:0')
i=  9501
loss1 = tensor(0.1728, device='cuda:0')
i=  9601
loss1 = tensor(0.1812, device='cuda:0')
i=  9701
loss1 = tensor(0.1682, device='cuda:0')
i=  9801
loss1 = tensor(0.1577, device='cuda:0')
i=  9901
loss1 = tensor(0.1667, device='cuda:0')
i=  10001
loss1 = tensor(0.1606, device='cuda:0')
i=  10101
loss1 = tensor(0.1563, device='cuda:0')
i=  10201
loss1 = tensor(0.1685, device='cuda:0')
i=  10301
loss1 = tensor(0.1731, device='cuda:0')
i=  10401
loss1 = tensor(0.1581, device='cuda:0')
i=  10501
loss1 = tensor(0.1738, device='cuda:0')
i=  10601
loss1 = tensor(0.1531, device='cuda:0')
i=  10701
loss1 = tensor(0.1667, device='cuda:0')
i=  10801
loss1 = tensor(0.1762, device='cuda:0')
i=  10901
loss1 = tensor(0.1790, device='cuda:0')
i=  11001
loss1 = tensor(0.1736, device='cuda:0')
i=  11101
loss1 = tensor(0.1560, device='cuda:0')
i=  11201
loss1 = tensor(0.1627, device='cuda:0')
i=  11301
loss1 = tensor(0.1771, device='cuda:0')
i=  11401
loss1 = tensor(0.1530, device='cuda:0')
i=  11501
loss1 = tensor(0.1676, device='cuda:0')
i=  11601
loss1 = tensor(0.1694, device='cuda:0')
i=  11701
loss1 = tensor(0.1585, device='cuda:0')
i=  11801
loss1 = tensor(0.1349, device='cuda:0')
i=  11901
loss1 = tensor(0.1531, device='cuda:0')
i=  12001
loss1 = tensor(0.1477, device='cuda:0')
i=  12101
loss1 = tensor(0.1616, device='cuda:0')
i=  12201
loss1 = tensor(0.1527, device='cuda:0')
i=  12301
loss1 = tensor(0.1536, device='cuda:0')
i=  12401
loss1 = tensor(0.1383, device='cuda:0')
i=  12501
loss1 = tensor(0.1338, device='cuda:0')
i=  12601
loss1 = tensor(0.1512, device='cuda:0')
i=  12701
loss1 = tensor(0.1352, device='cuda:0')
i=  12801
loss1 = tensor(0.1436, device='cuda:0')
i=  12901
loss1 = tensor(0.1482, device='cuda:0')
i=  13001
loss1 = tensor(0.1363, device='cuda:0')
i=  13101
loss1 = tensor(0.1438, device='cuda:0')
i=  13201
loss1 = tensor(0.1488, device='cuda:0')
i=  13301
loss1 = tensor(0.1359, device='cuda:0')
i=  13401
loss1 = tensor(0.1373, device='cuda:0')
i=  13501
loss1 = tensor(0.1396, device='cuda:0')
i=  13601
loss1 = tensor(0.1502, device='cuda:0')
i=  13701
loss1 = tensor(0.1487, device='cuda:0')
i=  13801
loss1 = tensor(0.1470, device='cuda:0')
i=  13901
loss1 = tensor(0.1466, device='cuda:0')
i=  14001
loss1 = tensor(0.1612, device='cuda:0')
i=  14101
loss1 = tensor(0.1541, device='cuda:0')
i=  14201
loss1 = tensor(0.1585, device='cuda:0')
i=  14301
loss1 = tensor(0.1438, device='cuda:0')
i=  14401
loss1 = tensor(0.1353, device='cuda:0')
i=  14501
loss1 = tensor(0.1462, device='cuda:0')
i=  14601
loss1 = tensor(0.1552, device='cuda:0')
i=  14701
loss1 = tensor(0.1530, device='cuda:0')
i=  14801
loss1 = tensor(0.1396, device='cuda:0')
i=  14901
loss1 = tensor(0.1550, device='cuda:0')
i=  15001
loss1 = tensor(0.1349, device='cuda:0')
i=  15101
loss1 = tensor(0.1408, device='cuda:0')
i=  15201
loss1 = tensor(0.1441, device='cuda:0')
i=  15301
loss1 = tensor(0.1513, device='cuda:0')
i=  15401
loss1 = tensor(0.1356, device='cuda:0')
i=  15501
loss1 = tensor(0.1327, device='cuda:0')
i=  15601
loss1 = tensor(0.1406, device='cuda:0')
i=  15701
loss1 = tensor(0.1436, device='cuda:0')
i=  15801
loss1 = tensor(0.1323, device='cuda:0')
i=  15901
loss1 = tensor(0.1305, device='cuda:0')
i=  16001
loss1 = tensor(0.1365, device='cuda:0')
i=  16101
loss1 = tensor(0.1255, device='cuda:0')
i=  16201
loss1 = tensor(0.1324, device='cuda:0')
i=  16301
loss1 = tensor(0.1366, device='cuda:0')
i=  16401
loss1 = tensor(0.1333, device='cuda:0')
i=  16501
loss1 = tensor(0.1408, device='cuda:0')
i=  16601
loss1 = tensor(0.1284, device='cuda:0')
i=  16701
loss1 = tensor(0.1393, device='cuda:0')
i=  16801
loss1 = tensor(0.1335, device='cuda:0')
i=  16901
loss1 = tensor(0.1302, device='cuda:0')
i=  17001
loss1 = tensor(0.1610, device='cuda:0')
i=  17101
loss1 = tensor(0.1324, device='cuda:0')
i=  17201
loss1 = tensor(0.1489, device='cuda:0')
i=  17301
loss1 = tensor(0.1505, device='cuda:0')
i=  17401
loss1 = tensor(0.1377, device='cuda:0')
i=  17501
loss1 = tensor(0.1453, device='cuda:0')
i=  17601
loss1 = tensor(0.1397, device='cuda:0')
i=  17701
loss1 = tensor(0.1416, device='cuda:0')
i=  17801
loss1 = tensor(0.1483, device='cuda:0')
i=  17901
loss1 = tensor(0.1421, device='cuda:0')
i=  18001
loss1 = tensor(0.1483, device='cuda:0')
i=  18101
loss1 = tensor(0.1435, device='cuda:0')
i=  18201
loss1 = tensor(0.1405, device='cuda:0')
i=  18301
loss1 = tensor(0.1376, device='cuda:0')
i=  18401
loss1 = tensor(0.1440, device='cuda:0')
i=  18501
loss1 = tensor(0.1386, device='cuda:0')
i=  18601
loss1 = tensor(0.1288, device='cuda:0')
i=  18701
loss1 = tensor(0.1287, device='cuda:0')
i=  18801
loss1 = tensor(0.1380, device='cuda:0')
i=  18901
loss1 = tensor(0.1391, device='cuda:0')
i=  19001
loss1 = tensor(0.1405, device='cuda:0')
i=  19101
loss1 = tensor(0.1302, device='cuda:0')
i=  19201
loss1 = tensor(0.1287, device='cuda:0')
i=  19301
loss1 = tensor(0.1216, device='cuda:0')
i=  19401
loss1 = tensor(0.1336, device='cuda:0')
i=  19501
loss1 = tensor(0.1304, device='cuda:0')
i=  19601
loss1 = tensor(0.1242, device='cuda:0')
i=  19701
loss1 = tensor(0.1276, device='cuda:0')
i=  19801
loss1 = tensor(0.1261, device='cuda:0')
i=  19901
loss1 = tensor(0.1299, device='cuda:0')
i=  20001
loss1 = tensor(0.1239, device='cuda:0')
i=  20101
loss1 = tensor(0.1242, device='cuda:0')
i=  20201
loss1 = tensor(0.1248, device='cuda:0')
i=  20301
loss1 = tensor(0.1222, device='cuda:0')
i=  20401
loss1 = tensor(0.1222, device='cuda:0')
i=  20501
loss1 = tensor(0.1310, device='cuda:0')
i=  20601
loss1 = tensor(0.1319, device='cuda:0')
i=  20701
loss1 = tensor(0.1339, device='cuda:0')
i=  20801
loss1 = tensor(0.1368, device='cuda:0')
i=  20901
loss1 = tensor(0.1265, device='cuda:0')
i=  21001
loss1 = tensor(0.1316, device='cuda:0')
i=  21101
loss1 = tensor(0.1272, device='cuda:0')
i=  21201
loss1 = tensor(0.1330, device='cuda:0')
i=  21301
loss1 = tensor(0.1318, device='cuda:0')
i=  21401
loss1 = tensor(0.1300, device='cuda:0')
i=  21501
loss1 = tensor(0.1256, device='cuda:0')
i=  21601
loss1 = tensor(0.1310, device='cuda:0')
i=  21701
loss1 = tensor(0.1328, device='cuda:0')
i=  21801
loss1 = tensor(0.1301, device='cuda:0')
i=  21901
loss1 = tensor(0.1351, device='cuda:0')
i=  22001
loss1 = tensor(0.1325, device='cuda:0')
i=  22101
loss1 = tensor(0.1291, device='cuda:0')
i=  22201
loss1 = tensor(0.1340, device='cuda:0')
i=  22301
loss1 = tensor(0.1414, device='cuda:0')
i=  22401
loss1 = tensor(0.1352, device='cuda:0')
i=  22501
loss1 = tensor(0.1320, device='cuda:0')
i=  22601
loss1 = tensor(0.1417, device='cuda:0')
i=  22701
loss1 = tensor(0.1301, device='cuda:0')
i=  22801
loss1 = tensor(0.1395, device='cuda:0')
i=  22901
loss1 = tensor(0.1427, device='cuda:0')
i=  23001
loss1 = tensor(0.1464, device='cuda:0')
i=  23101
loss1 = tensor(0.1367, device='cuda:0')
i=  23201
loss1 = tensor(0.1372, device='cuda:0')
i=  23301
loss1 = tensor(0.1422, device='cuda:0')
i=  23401
loss1 = tensor(0.1407, device='cuda:0')
i=  23501
loss1 = tensor(0.1441, device='cuda:0')
i=  23601
loss1 = tensor(0.1436, device='cuda:0')
i=  23701
loss1 = tensor(0.1339, device='cuda:0')
i=  23801
loss1 = tensor(0.1332, device='cuda:0')
i=  23901
loss1 = tensor(0.1338, device='cuda:0')
i=  24001
loss1 = tensor(0.1310, device='cuda:0')
i=  24101
loss1 = tensor(0.1305, device='cuda:0')
i=  24201
loss1 = tensor(0.1372, device='cuda:0')
i=  24301
loss1 = tensor(0.1324, device='cuda:0')
i=  24401
loss1 = tensor(0.1372, device='cuda:0')
i=  24501
loss1 = tensor(0.1180, device='cuda:0')
i=  24601
loss1 = tensor(0.1294, device='cuda:0')
i=  24701
loss1 = tensor(0.1335, device='cuda:0')
i=  24801
loss1 = tensor(0.1348, device='cuda:0')
i=  24901
loss1 = tensor(0.1286, device='cuda:0')
i=  25001
loss1 = tensor(0.1229, device='cuda:0')
i=  25101
loss1 = tensor(0.1249, device='cuda:0')
i=  25201
loss1 = tensor(0.1338, device='cuda:0')
i=  25301
loss1 = tensor(0.1227, device='cuda:0')
i=  25401
loss1 = tensor(0.1271, device='cuda:0')
i=  25501
loss1 = tensor(0.1216, device='cuda:0')
i=  25601
loss1 = tensor(0.1200, device='cuda:0')
i=  25701
loss1 = tensor(0.1089, device='cuda:0')
i=  25801
loss1 = tensor(0.1204, device='cuda:0')
i=  25901
loss1 = tensor(0.1158, device='cuda:0')
i=  26001
loss1 = tensor(0.1281, device='cuda:0')
i=  26101
loss1 = tensor(0.1208, device='cuda:0')
i=  26201
loss1 = tensor(0.1181, device='cuda:0')
i=  26301
loss1 = tensor(0.1155, device='cuda:0')
i=  26401
loss1 = tensor(0.1089, device='cuda:0')
i=  26501
loss1 = tensor(0.1265, device='cuda:0')
i=  26601
loss1 = tensor(0.1155, device='cuda:0')
i=  26701
loss1 = tensor(0.1222, device='cuda:0')
i=  26801
loss1 = tensor(0.1156, device='cuda:0')
i=  26901
loss1 = tensor(0.1145, device='cuda:0')
i=  27001
loss1 = tensor(0.1229, device='cuda:0')
i=  27101
loss1 = tensor(0.1196, device='cuda:0')
i=  27201
loss1 = tensor(0.1158, device='cuda:0')
i=  27301
loss1 = tensor(0.1178, device='cuda:0')
i=  27401
loss1 = tensor(0.1220, device='cuda:0')
i=  27501
loss1 = tensor(0.1241, device='cuda:0')
i=  27601
loss1 = tensor(0.1208, device='cuda:0')
i=  27701
loss1 = tensor(0.1234, device='cuda:0')
i=  27801
loss1 = tensor(0.1173, device='cuda:0')
i=  27901
loss1 = tensor(0.1319, device='cuda:0')
i=  28001
loss1 = tensor(0.1248, device='cuda:0')
i=  28101
loss1 = tensor(0.1256, device='cuda:0')
i=  28201
loss1 = tensor(0.1145, device='cuda:0')
i=  28301
loss1 = tensor(0.1096, device='cuda:0')
i=  28401
loss1 = tensor(0.1201, device='cuda:0')
i=  28501
loss1 = tensor(0.1228, device='cuda:0')
i=  28601
loss1 = tensor(0.1271, device='cuda:0')
i=  28701
loss1 = tensor(0.1185, device='cuda:0')
i=  28801
loss1 = tensor(0.1300, device='cuda:0')
i=  28901
loss1 = tensor(0.1107, device='cuda:0')
i=  29001
loss1 = tensor(0.1253, device='cuda:0')
i=  29101
loss1 = tensor(0.1244, device='cuda:0')
i=  29201
loss1 = tensor(0.1251, device='cuda:0')
i=  29301
loss1 = tensor(0.1211, device='cuda:0')
i=  29401
loss1 = tensor(0.1238, device='cuda:0')
i=  29501
loss1 = tensor(0.1205, device='cuda:0')
i=  29601
loss1 = tensor(0.1260, device='cuda:0')
i=  29701
loss1 = tensor(0.1235, device='cuda:0')
i=  29801
loss1 = tensor(0.1204, device='cuda:0')
i=  29901
loss1 = tensor(0.1281, device='cuda:0')
i=  30001
loss1 = tensor(0.1195, device='cuda:0')
i=  30101
loss1 = tensor(0.1221, device='cuda:0')
i=  30201
loss1 = tensor(0.1206, device='cuda:0')
i=  30301
loss1 = tensor(0.1205, device='cuda:0')
i=  30401
loss1 = tensor(0.1277, device='cuda:0')
i=  30501
loss1 = tensor(0.1147, device='cuda:0')
i=  30601
loss1 = tensor(0.1217, device='cuda:0')
i=  30701
loss1 = tensor(0.1201, device='cuda:0')
i=  30801
loss1 = tensor(0.1145, device='cuda:0')
i=  30901
loss1 = tensor(0.1327, device='cuda:0')
i=  31001
loss1 = tensor(0.1144, device='cuda:0')
i=  31101
loss1 = tensor(0.1273, device='cuda:0')
i=  31201
loss1 = tensor(0.1260, device='cuda:0')
i=  31301
loss1 = tensor(0.1147, device='cuda:0')
i=  31401
loss1 = tensor(0.1205, device='cuda:0')
i=  31501
loss1 = tensor(0.1133, device='cuda:0')
i=  31601
loss1 = tensor(0.1107, device='cuda:0')
i=  31701
loss1 = tensor(0.1224, device='cuda:0')
i=  31801
loss1 = tensor(0.1155, device='cuda:0')
i=  31901
loss1 = tensor(0.1157, device='cuda:0')
i=  32001
loss1 = tensor(0.1149, device='cuda:0')
i=  32101
loss1 = tensor(0.1135, device='cuda:0')
i=  32201
loss1 = tensor(0.1097, device='cuda:0')
i=  32301
loss1 = tensor(0.1112, device='cuda:0')
i=  32401
loss1 = tensor(0.1192, device='cuda:0')
i=  32501
loss1 = tensor(0.1073, device='cuda:0')
i=  32601
loss1 = tensor(0.1063, device='cuda:0')
i=  32701
loss1 = tensor(0.1117, device='cuda:0')
i=  32801
loss1 = tensor(0.1166, device='cuda:0')
i=  32901
loss1 = tensor(0.1185, device='cuda:0')
i=  33001
loss1 = tensor(0.1059, device='cuda:0')
i=  33101
loss1 = tensor(0.1135, device='cuda:0')
i=  33201
loss1 = tensor(0.1082, device='cuda:0')
i=  33301
loss1 = tensor(0.1158, device='cuda:0')
i=  33401
loss1 = tensor(0.1146, device='cuda:0')
i=  33501
loss1 = tensor(0.1119, device='cuda:0')
i=  33601
loss1 = tensor(0.1112, device='cuda:0')
i=  33701
loss1 = tensor(0.1086, device='cuda:0')
i=  33801
loss1 = tensor(0.1150, device='cuda:0')
i=  33901
loss1 = tensor(0.1103, device='cuda:0')
i=  34001
loss1 = tensor(0.1138, device='cuda:0')
i=  34101
loss1 = tensor(0.1136, device='cuda:0')
i=  34201
loss1 = tensor(0.1077, device='cuda:0')
i=  34301
loss1 = tensor(0.1096, device='cuda:0')
i=  34401
loss1 = tensor(0.1170, device='cuda:0')
i=  34501
loss1 = tensor(0.1188, device='cuda:0')
i=  34601
loss1 = tensor(0.1207, device='cuda:0')
i=  34701
loss1 = tensor(0.1261, device='cuda:0')
i=  34801
loss1 = tensor(0.1140, device='cuda:0')
i=  34901
loss1 = tensor(0.1155, device='cuda:0')
i=  35001
loss1 = tensor(0.1124, device='cuda:0')
i=  35101
loss1 = tensor(0.1190, device='cuda:0')
i=  35201
loss1 = tensor(0.1186, device='cuda:0')
i=  35301
loss1 = tensor(0.1150, device='cuda:0')
i=  35401
loss1 = tensor(0.1136, device='cuda:0')
i=  35501
loss1 = tensor(0.1126, device='cuda:0')
i=  35601
loss1 = tensor(0.1170, device='cuda:0')
i=  35701
loss1 = tensor(0.1161, device='cuda:0')
i=  35801
loss1 = tensor(0.1144, device='cuda:0')
i=  35901
loss1 = tensor(0.1165, device='cuda:0')
i=  36001
loss1 = tensor(0.1121, device='cuda:0')
i=  36101
loss1 = tensor(0.1133, device='cuda:0')
i=  36201
loss1 = tensor(0.1172, device='cuda:0')
i=  36301
loss1 = tensor(0.1142, device='cuda:0')
i=  36401
loss1 = tensor(0.1115, device='cuda:0')
i=  36501
loss1 = tensor(0.1147, device='cuda:0')
i=  36601
loss1 = tensor(0.1047, device='cuda:0')
i=  36701
loss1 = tensor(0.1162, device='cuda:0')
i=  36801
loss1 = tensor(0.1164, device='cuda:0')
i=  36901
loss1 = tensor(0.1123, device='cuda:0')
i=  37001
loss1 = tensor(0.1146, device='cuda:0')
i=  37101
loss1 = tensor(0.1115, device='cuda:0')
i=  37201
loss1 = tensor(0.1093, device='cuda:0')
i=  37301
loss1 = tensor(0.1115, device='cuda:0')
i=  37401
loss1 = tensor(0.1187, device='cuda:0')
i=  37501
loss1 = tensor(0.1130, device='cuda:0')
i=  37601
loss1 = tensor(0.1076, device='cuda:0')
i=  37701
loss1 = tensor(0.1106, device='cuda:0')
i=  37801
loss1 = tensor(0.1105, device='cuda:0')
i=  37901
loss1 = tensor(0.1048, device='cuda:0')
i=  38001
loss1 = tensor(0.1087, device='cuda:0')
i=  38101
loss1 = tensor(0.1149, device='cuda:0')
i=  38201
loss1 = tensor(0.1083, device='cuda:0')
i=  38301
loss1 = tensor(0.1103, device='cuda:0')
i=  38401
loss1 = tensor(0.1035, device='cuda:0')
i=  38501
loss1 = tensor(0.1074, device='cuda:0')
i=  38601
loss1 = tensor(0.1119, device='cuda:0')
i=  38701
loss1 = tensor(0.1141, device='cuda:0')
i=  38801
loss1 = tensor(0.1106, device='cuda:0')
i=  38901
loss1 = tensor(0.1034, device='cuda:0')
i=  39001
loss1 = tensor(0.1046, device='cuda:0')
i=  39101
loss1 = tensor(0.1201, device='cuda:0')
i=  39201
loss1 = tensor(0.1072, device='cuda:0')
i=  39301
loss1 = tensor(0.1110, device='cuda:0')
i=  39401
loss1 = tensor(0.1123, device='cuda:0')
i=  39501
loss1 = tensor(0.1092, device='cuda:0')
i=  39601
loss1 = tensor(0.0972, device='cuda:0')
i=  39701
loss1 = tensor(0.1046, device='cuda:0')
i=  39801
loss1 = tensor(0.1073, device='cuda:0')
i=  39901
loss1 = tensor(0.1140, device='cuda:0')
i=  40001
loss1 = tensor(0.1079, device='cuda:0')
i=  40101
loss1 = tensor(0.1085, device='cuda:0')
i=  40201
loss1 = tensor(0.1069, device='cuda:0')
i=  40301
loss1 = tensor(0.1002, device='cuda:0')
i=  40401
loss1 = tensor(0.1116, device='cuda:0')
i=  40501
loss1 = tensor(0.1053, device='cuda:0')
i=  40601
loss1 = tensor(0.1094, device='cuda:0')
i=  40701
loss1 = tensor(0.1032, device='cuda:0')
i=  40801
loss1 = tensor(0.1035, device='cuda:0')
i=  40901
loss1 = tensor(0.1110, device='cuda:0')
i=  41001
loss1 = tensor(0.1051, device='cuda:0')
i=  41101
loss1 = tensor(0.1017, device='cuda:0')
i=  41201
loss1 = tensor(0.1067, device='cuda:0')
i=  41301
loss1 = tensor(0.1086, device='cuda:0')
i=  41401
loss1 = tensor(0.1049, device='cuda:0')
i=  41501
loss1 = tensor(0.1104, device='cuda:0')
i=  41601
loss1 = tensor(0.1098, device='cuda:0')
i=  41701
loss1 = tensor(0.0996, device='cuda:0')
i=  41801
loss1 = tensor(0.1180, device='cuda:0')
i=  41901
loss1 = tensor(0.1115, device='cuda:0')
i=  42001
loss1 = tensor(0.1087, device='cuda:0')
i=  42101
loss1 = tensor(0.0992, device='cuda:0')
i=  42201
loss1 = tensor(0.0965, device='cuda:0')
i=  42301
loss1 = tensor(0.1018, device='cuda:0')
i=  42401
loss1 = tensor(0.1054, device='cuda:0')
i=  42501
loss1 = tensor(0.1117, device='cuda:0')
i=  42601
loss1 = tensor(0.1067, device='cuda:0')
i=  42701
loss1 = tensor(0.1103, device='cuda:0')
i=  42801
loss1 = tensor(0.0942, device='cuda:0')
i=  42901
loss1 = tensor(0.1086, device='cuda:0')
i=  43001
loss1 = tensor(0.1058, device='cuda:0')
i=  43101
loss1 = tensor(0.1063, device='cuda:0')
i=  43201
loss1 = tensor(0.1006, device='cuda:0')
i=  43301
loss1 = tensor(0.1039, device='cuda:0')
i=  43401
loss1 = tensor(0.1004, device='cuda:0')
i=  43501
loss1 = tensor(0.1046, device='cuda:0')
i=  43601
loss1 = tensor(0.1027, device='cuda:0')
i=  43701
loss1 = tensor(0.1018, device='cuda:0')
i=  43801
loss1 = tensor(0.1043, device='cuda:0')
i=  43901
loss1 = tensor(0.0976, device='cuda:0')
i=  44001
loss1 = tensor(0.1027, device='cuda:0')
i=  44101
loss1 = tensor(0.0998, device='cuda:0')
i=  44201
loss1 = tensor(0.0985, device='cuda:0')
i=  44301
loss1 = tensor(0.1072, device='cuda:0')
i=  44401
loss1 = tensor(0.0982, device='cuda:0')
i=  44501
loss1 = tensor(0.1017, device='cuda:0')
i=  44601
loss1 = tensor(0.0995, device='cuda:0')
i=  44701
loss1 = tensor(0.0973, device='cuda:0')
i=  44801
loss1 = tensor(0.1136, device='cuda:0')
i=  44901
loss1 = tensor(0.0990, device='cuda:0')
i=  45001
loss1 = tensor(0.1091, device='cuda:0')
i=  45101
loss1 = tensor(0.1079, device='cuda:0')
i=  45201
loss1 = tensor(0.1005, device='cuda:0')
i=  45301
loss1 = tensor(0.1103, device='cuda:0')
i=  45401
loss1 = tensor(0.0995, device='cuda:0')
i=  45501
loss1 = tensor(0.0972, device='cuda:0')
i=  45601
loss1 = tensor(0.1098, device='cuda:0')
i=  45701
loss1 = tensor(0.1029, device='cuda:0')
i=  45801
loss1 = tensor(0.1005, device='cuda:0')
i=  45901
loss1 = tensor(0.1004, device='cuda:0')
i=  46001
loss1 = tensor(0.1047, device='cuda:0')
i=  46101
loss1 = tensor(0.0999, device='cuda:0')
i=  46201
loss1 = tensor(0.1035, device='cuda:0')
i=  46301
loss1 = tensor(0.1084, device='cuda:0')
i=  46401
loss1 = tensor(0.1008, device='cuda:0')
i=  46501
loss1 = tensor(0.0947, device='cuda:0')
i=  46601
loss1 = tensor(0.1015, device='cuda:0')
i=  46701
loss1 = tensor(0.1093, device='cuda:0')
i=  46801
loss1 = tensor(0.1109, device='cuda:0')
i=  46901
loss1 = tensor(0.1003, device='cuda:0')
i=  47001
loss1 = tensor(0.1027, device='cuda:0')
i=  47101
loss1 = tensor(0.1051, device='cuda:0')
i=  47201
loss1 = tensor(0.1040, device='cuda:0')
i=  47301
loss1 = tensor(0.1077, device='cuda:0')
i=  47401
loss1 = tensor(0.1048, device='cuda:0')
i=  47501
loss1 = tensor(0.1047, device='cuda:0')
i=  47601
loss1 = tensor(0.1039, device='cuda:0')
i=  47701
loss1 = tensor(0.1088, device='cuda:0')
i=  47801
loss1 = tensor(0.1031, device='cuda:0')
i=  47901
loss1 = tensor(0.1061, device='cuda:0')
i=  48001
loss1 = tensor(0.1088, device='cuda:0')
i=  48101
loss1 = tensor(0.1049, device='cuda:0')
i=  48201
loss1 = tensor(0.1020, device='cuda:0')
i=  48301
loss1 = tensor(0.1075, device='cuda:0')
i=  48401
loss1 = tensor(0.1137, device='cuda:0')
i=  48501
loss1 = tensor(0.1121, device='cuda:0')
i=  48601
loss1 = tensor(0.1127, device='cuda:0')
i=  48701
loss1 = tensor(0.1064, device='cuda:0')
i=  48801
loss1 = tensor(0.1094, device='cuda:0')
i=  48901
loss1 = tensor(0.0996, device='cuda:0')
i=  49001
loss1 = tensor(0.1076, device='cuda:0')
i=  49101
loss1 = tensor(0.1134, device='cuda:0')
i=  49201
loss1 = tensor(0.1025, device='cuda:0')
i=  49301
loss1 = tensor(0.1008, device='cuda:0')
i=  49401
loss1 = tensor(0.1045, device='cuda:0')
i=  49501
loss1 = tensor(0.1088, device='cuda:0')
i=  49601
loss1 = tensor(0.0999, device='cuda:0')
i=  49701
loss1 = tensor(0.1020, device='cuda:0')
i=  49801
loss1 = tensor(0.1064, device='cuda:0')
i=  49901
loss1 = tensor(0.0982, device='cuda:0')
JobID                     Submit  Partition    CPUTime    Elapsed     MaxRSS        NodeList  ReqCPUS 
------------ ------------------- ---------- ---------- ---------- ---------- --------------- -------- 
20533585     2023-08-12T08:22:49 multiscal+   00:02:40   00:02:40                    nvf-017        1 
20533585.ba+ 2023-08-17T16:30:41              00:02:40   00:02:40                    nvf-017        1 
20533585.ex+ 2023-08-17T16:30:41              00:02:40   00:02:40                    nvf-017        1 
