Restoring modules from user's plumed2_torch
/mnt/home/lyuliyao/gromacs_2020/bin/gmx_mpi: error while loading shared libraries: libc10.so: cannot open shared object file: No such file or directory
srun: error: amr-164: task 0: Exited with exit code 127
/mnt/home/lyuliyao/gromacs_2020/bin/gmx_mpi: error while loading shared libraries: libc10.so: cannot open shared object file: No such file or directory
srun: error: amr-164: task 0: Exited with exit code 127
/mnt/home/lyuliyao/gromacs_2020/bin/gmx_mpi: error while loading shared libraries: libc10.so: cannot open shared object file: No such file or directory
srun: error: amr-164: task 0: Exited with exit code 127
/mnt/home/lyuliyao/gromacs_2020/bin/gmx_mpi: error while loading shared libraries: libc10.so: cannot open shared object file: No such file or directory
/mnt/home/lyuliyao/gromacs_2020/bin/gmx_mpi: error while loading shared libraries: libc10.so: cannot open shared object file: No such file or directory
srun: error: amr-170: task 510: Exited with exit code 127
srun: error: amr-176: task 511: Exited with exit code 127
/mnt/home/lyuliyao/gromacs_2020/bin/gmx_mpi: error while loading shared libraries: libc10.so: cannot open shared object file: No such file or directory
/mnt/home/lyuliyao/gromacs_2020/bin/gmx_mpi: error while loading shared libraries: libc10.so: cannot open shared object file: No such file or directory
/mnt/home/lyuliyao/gromacs_2020/bin/gmx_mpi: error while loading shared libraries: libc10.so: cannot open shared object file: No such file or directory
/mnt/home/lyuliyao/gromacs_2020/bin/gmx_mpi: error while loading shared libraries: libc10.so: cannot open shared object file: No such file or directory
/mnt/home/lyuliyao/gromacs_2020/bin/gmx_mpi: error while loading shared libraries: libc10.so: cannot open shared object file: No such file or directory
/mnt/home/lyuliyao/gromacs_2020/bin/gmx_mpi: error while loading shared libraries: libc10.so: cannot open shared object file: No such file or directory
/mnt/home/lyuliyao/gromacs_2020/bin/gmx_mpi: error while loading shared libraries: libc10.so: cannot open shared object file: No such file or directory
/mnt/home/lyuliyao/gromacs_2020/bin/gmx_mpi: error while loading shared libraries: libc10.so: cannot open shared object file: No such file or directory
/mnt/home/lyuliyao/gromacs_2020/bin/gmx_mpi: error while loading shared libraries: libc10.so: cannot open shared object file: No such file or directory
/mnt/home/lyuliyao/gromacs_2020/bin/gmx_mpi: error while loading shared libraries: libc10.so: cannot open shared object file: No such file or directory
/mnt/home/lyuliyao/gromacs_2020/bin/gmx_mpi: error while loading shared libraries: libc10.so: cannot open shared object file: No such file or directory
/mnt/home/lyuliyao/gromacs_2020/bin/gmx_mpi: error while loading shared libraries: libc10.so: cannot open shared object file: No such file or directory
/mnt/home/lyuliyao/gromacs_2020/bin/gmx_mpi: error while loading shared libraries: libc10.so: cannot open shared object file: No such file or directory
/mnt/home/lyuliyao/gromacs_2020/bin/gmx_mpi: error while loading shared libraries: libc10.so: cannot open shared object file: No such file or directory
/mnt/home/lyuliyao/gromacs_2020/bin/gmx_mpi: error while loading shared libraries: libc10.so: cannot open shared object file: No such file or directory
/mnt/home/lyuliyao/gromacs_2020/bin/gmx_mpi: error while loading shared libraries: libc10.so: cannot open shared object file: No such file or directory
/mnt/home/lyuliyao/gromacs_2020/bin/gmx_mpi: error while loading shared libraries: libc10.so: cannot open shared object file: No such file or directory
/mnt/home/lyuliyao/gromacs_2020/bin/gmx_mpi: error while loading shared libraries: libc10.so: cannot open shared object file: No such file or directory
/mnt/home/lyuliyao/gromacs_2020/bin/gmx_mpi: error while loading shared libraries: libc10.so: cannot open shared object file: No such file or directory
/mnt/home/lyuliyao/gromacs_2020/bin/gmx_mpi: error while loading shared libraries: libc10.so: cannot open shared object file: No such file or directory
/mnt/home/lyuliyao/gromacs_2020/bin/gmx_mpi: error while loading shared libraries: libc10.so: cannot open shared object file: No such file or directory
/mnt/home/lyuliyao/gromacs_2020/bin/gmx_mpi: error while loading shared libraries: libc10.so: cannot open shared object file: No such file or directory
/mnt/home/lyuliyao/gromacs_2020/bin/gmx_mpi: error while loading shared libraries: libc10.so: cannot open shared object file: No such file or directory
/mnt/home/lyuliyao/gromacs_2020/bin/gmx_mpi: error while loading shared libraries: libc10.so: cannot open shared object file: No such file or directory
/mnt/home/lyuliyao/gromacs_2020/bin/gmx_mpi: error while loading shared libraries: libc10.so: cannot open shared object file: No such file or directory
/mnt/home/lyuliyao/gromacs_2020/bin/gmx_mpi: error while loading shared libraries: libc10.so: cannot open shared object file: No such file or directory
/mnt/home/lyuliyao/gromacs_2020/bin/gmx_mpi: error while loading shared libraries: libc10.so: cannot open shared object file: No such file or directory
/mnt/home/lyuliyao/gromacs_2020/bin/gmx_mpi: error while loading shared libraries: libc10.so: cannot open shared object file: No such file or directory
/mnt/home/lyuliyao/gromacs_2020/bin/gmx_mpi: error while loading shared libraries: libc10.so: cannot open shared object file: No such file or directory
/mnt/home/lyuliyao/gromacs_2020/bin/gmx_mpi: error while loading shared libraries: libc10.so: cannot open shared object file: No such file or directory
/mnt/home/lyuliyao/gromacs_2020/bin/gmx_mpi: error while loading shared libraries: libc10.so: cannot open shared object file: No such file or directory
/mnt/home/lyuliyao/gromacs_2020/bin/gmx_mpi: error while loading shared libraries: libc10.so: cannot open shared object file: No such file or directory
/mnt/home/lyuliyao/gromacs_2020/bin/gmx_mpi: error while loading shared libraries: libc10.so: cannot open shared object file: No such file or directory
/mnt/home/lyuliyao/gromacs_2020/bin/gmx_mpi: error while loading shared libraries: libc10.so: cannot open shared object file: No such file or directory
/mnt/home/lyuliyao/gromacs_2020/bin/gmx_mpi: error while loading shared libraries: libc10.so: cannot open shared object file: No such file or directory
/mnt/home/lyuliyao/gromacs_2020/bin/gmx_mpi: error while loading shared libraries: libc10.so: cannot open shared object file: No such file or directory
/mnt/home/lyuliyao/gromacs_2020/bin/gmx_mpi: error while loading shared libraries: libc10.so: cannot open shared object file: No such file or directory
/mnt/home/lyuliyao/gromacs_2020/bin/gmx_mpi: error while loading shared libraries: libc10.so: cannot open shared object file: No such file or directory
/mnt/home/lyuliyao/gromacs_2020/bin/gmx_mpi: error while loading shared libraries: libc10.so: cannot open shared object file: No such file or directory
/mnt/home/lyuliyao/gromacs_2020/bin/gmx_mpi: error while loading shared libraries: libc10.so: cannot open shared object file: No such file or directory
/mnt/home/lyuliyao/gromacs_2020/bin/gmx_mpi: error while loading shared libraries: libc10.so: cannot open shared object file: No such file or directory
/mnt/home/lyuliyao/gromacs_2020/bin/gmx_mpi: error while loading shared libraries: libc10.so: cannot open shared object file: No such file or directory
/mnt/home/lyuliyao/gromacs_2020/bin/gmx_mpi: error while loading shared libraries: libc10.so: cannot open shared object file: No such file or directory
/mnt/home/lyuliyao/gromacs_2020/bin/gmx_mpi: error while loading shared libraries: libc10.so: cannot open shared object file: No such file or directory
/mnt/home/lyuliyao/gromacs_2020/bin/gmx_mpi: error while loading shared libraries: libc10.so: cannot open shared object file: No such file or directory
/mnt/home/lyuliyao/gromacs_2020/bin/gmx_mpi: error while loading shared libraries: libc10.so: cannot open shared object file: No such file or directory
/mnt/home/lyuliyao/gromacs_2020/bin/gmx_mpi: error while loading shared libraries: libc10.so: cannot open shared object file: No such file or directory
/mnt/home/lyuliyao/gromacs_2020/bin/gmx_mpi: error while loading shared libraries: libc10.so: cannot open shared object file: No such file or directory
/mnt/home/lyuliyao/gromacs_2020/bin/gmx_mpi: error while loading shared libraries: libc10.so: cannot open shared object file: No such file or directory
/mnt/home/lyuliyao/gromacs_2020/bin/gmx_mpi: error while loading shared libraries: libc10.so: cannot open shared object file: No such file or directory
/mnt/home/lyuliyao/gromacs_2020/bin/gmx_mpi: error while loading shared libraries: libc10.so: cannot open shared object file: No such file or directory
/mnt/home/lyuliyao/gromacs_2020/bin/gmx_mpi: error while loading shared libraries: libc10.so: cannot open shared object file: No such file or directory
/mnt/home/lyuliyao/gromacs_2020/bin/gmx_mpi: error while loading shared libraries: libc10.so: cannot open shared object file: No such file or directory
/mnt/home/lyuliyao/gromacs_2020/bin/gmx_mpi: error while loading shared libraries: libc10.so: cannot open shared object file: No such file or directory
/mnt/home/lyuliyao/gromacs_2020/bin/gmx_mpi: error while loading shared libraries: libc10.so: cannot open shared object file: No such file or directory
/mnt/home/lyuliyao/gromacs_2020/bin/gmx_mpi: error while loading shared libraries: libc10.so: cannot open shared object file: No such file or directory
/mnt/home/lyuliyao/gromacs_2020/bin/gmx_mpi: error while loading shared libraries: libc10.so: cannot open shared object file: No such file or directory
/mnt/home/lyuliyao/gromacs_2020/bin/gmx_mpi: error while loading shared libraries: libc10.so: cannot open shared object file: No such file or directory
/mnt/home/lyuliyao/gromacs_2020/bin/gmx_mpi: error while loading shared libraries: libc10.so: cannot open shared object file: No such file or directory
/mnt/home/lyuliyao/gromacs_2020/bin/gmx_mpi: error while loading shared libraries: libc10.so: cannot open shared object file: No such file or directory
/mnt/home/lyuliyao/gromacs_2020/bin/gmx_mpi: error while loading shared libraries: libc10.so: cannot open shared object file: No such file or directory
/mnt/home/lyuliyao/gromacs_2020/bin/gmx_mpi: error while loading shared libraries: libc10.so: cannot open shared object file: No such file or directory
/mnt/home/lyuliyao/gromacs_2020/bin/gmx_mpi: error while loading shared libraries: libc10.so: cannot open shared object file: No such file or directory
/mnt/home/lyuliyao/gromacs_2020/bin/gmx_mpi: error while loading shared libraries: libc10.so: cannot open shared object file: No such file or directory
/mnt/home/lyuliyao/gromacs_2020/bin/gmx_mpi: error while loading shared libraries: libc10.so: cannot open shared object file: No such file or directory
/mnt/home/lyuliyao/gromacs_2020/bin/gmx_mpi: error while loading shared libraries: libc10.so: cannot open shared object file: No such file or directory
/mnt/home/lyuliyao/gromacs_2020/bin/gmx_mpi: error while loading shared libraries: libc10.so: cannot open shared object file: No such file or directory
/mnt/home/lyuliyao/gromacs_2020/bin/gmx_mpi: error while loading shared libraries: libc10.so: cannot open shared object file: No such file or directory
/mnt/home/lyuliyao/gromacs_2020/bin/gmx_mpi: error while loading shared libraries: libc10.so: cannot open shared object file: No such file or directory
/mnt/home/lyuliyao/gromacs_2020/bin/gmx_mpi: error while loading shared libraries: libc10.so: cannot open shared object file: No such file or directory
/mnt/home/lyuliyao/gromacs_2020/bin/gmx_mpi: error while loading shared libraries: libc10.so: cannot open shared object file: No such file or directory
/mnt/home/lyuliyao/gromacs_2020/bin/gmx_mpi: error while loading shared libraries: libc10.so: cannot open shared object file: No such file or directory
/mnt/home/lyuliyao/gromacs_2020/bin/gmx_mpi: error while loading shared libraries: libc10.so: cannot open shared object file: No such file or directory
/mnt/home/lyuliyao/gromacs_2020/bin/gmx_mpi: error while loading shared libraries: libc10.so: cannot open shared object file: No such file or directory
/mnt/home/lyuliyao/gromacs_2020/bin/gmx_mpi: error while loading shared libraries: libc10.so: cannot open shared object file: No such file or directory
/mnt/home/lyuliyao/gromacs_2020/bin/gmx_mpi: error while loading shared libraries: libc10.so: cannot open shared object file: No such file or directory
/mnt/home/lyuliyao/gromacs_2020/bin/gmx_mpi: error while loading shared libraries: libc10.so: cannot open shared object file: No such file or directory
/mnt/home/lyuliyao/gromacs_2020/bin/gmx_mpi: error while loading shared libraries: libc10.so: cannot open shared object file: No such file or directory
/mnt/home/lyuliyao/gromacs_2020/bin/gmx_mpi: error while loading shared libraries: libc10.so: cannot open shared object file: No such file or directory
/mnt/home/lyuliyao/gromacs_2020/bin/gmx_mpi: error while loading shared libraries: libc10.so: cannot open shared object file: No such file or directory
/mnt/home/lyuliyao/gromacs_2020/bin/gmx_mpi: error while loading shared libraries: libc10.so: cannot open shared object file: No such file or directory
/mnt/home/lyuliyao/gromacs_2020/bin/gmx_mpi: error while loading shared libraries: libc10.so: cannot open shared object file: No such file or directory
/mnt/home/lyuliyao/gromacs_2020/bin/gmx_mpi: error while loading shared libraries: libc10.so: cannot open shared object file: No such file or directory
/mnt/home/lyuliyao/gromacs_2020/bin/gmx_mpi: error while loading shared libraries: libc10.so: cannot open shared object file: No such file or directory
/mnt/home/lyuliyao/gromacs_2020/bin/gmx_mpi: error while loading shared libraries: libc10.so: cannot open shared object file: No such file or directory
/mnt/home/lyuliyao/gromacs_2020/bin/gmx_mpi: error while loading shared libraries: libc10.so: cannot open shared object file: No such file or directory
/mnt/home/lyuliyao/gromacs_2020/bin/gmx_mpi: error while loading shared libraries: libc10.so: cannot open shared object file: No such file or directory
/mnt/home/lyuliyao/gromacs_2020/bin/gmx_mpi: error while loading shared libraries: libc10.so: cannot open shared object file: No such file or directory
/mnt/home/lyuliyao/gromacs_2020/bin/gmx_mpi: error while loading shared libraries: libc10.so: cannot open shared object file: No such file or directory
/mnt/home/lyuliyao/gromacs_2020/bin/gmx_mpi: error while loading shared libraries: libc10.so: cannot open shared object file: No such file or directory
/mnt/home/lyuliyao/gromacs_2020/bin/gmx_mpi: error while loading shared libraries: libc10.so: cannot open shared object file: No such file or directory
/mnt/home/lyuliyao/gromacs_2020/bin/gmx_mpi: error while loading shared libraries: libc10.so: cannot open shared object file: No such file or directory
/mnt/home/lyuliyao/gromacs_2020/bin/gmx_mpi: error while loading shared libraries: libc10.so: cannot open shared object file: No such file or directory
/mnt/home/lyuliyao/gromacs_2020/bin/gmx_mpi: error while loading shared libraries: libc10.so: cannot open shared object file: No such file or directory
/mnt/home/lyuliyao/gromacs_2020/bin/gmx_mpi: error while loading shared libraries: libc10.so: cannot open shared object file: No such file or directory
/mnt/home/lyuliyao/gromacs_2020/bin/gmx_mpi: error while loading shared libraries: libc10.so: cannot open shared object file: No such file or directory
/mnt/home/lyuliyao/gromacs_2020/bin/gmx_mpi: error while loading shared libraries: libc10.so: cannot open shared object file: No such file or directory
/mnt/home/lyuliyao/gromacs_2020/bin/gmx_mpi: error while loading shared libraries: libc10.so: cannot open shared object file: No such file or directory
/mnt/home/lyuliyao/gromacs_2020/bin/gmx_mpi: error while loading shared libraries: libc10.so: cannot open shared object file: No such file or directory
/mnt/home/lyuliyao/gromacs_2020/bin/gmx_mpi: error while loading shared libraries: libc10.so: cannot open shared object file: No such file or directory
/mnt/home/lyuliyao/gromacs_2020/bin/gmx_mpi: error while loading shared libraries: libc10.so: cannot open shared object file: No such file or directory
/mnt/home/lyuliyao/gromacs_2020/bin/gmx_mpi: error while loading shared libraries: libc10.so: cannot open shared object file: No such file or directory
/mnt/home/lyuliyao/gromacs_2020/bin/gmx_mpi: error while loading shared libraries: libc10.so: cannot open shared object file: No such file or directory
/mnt/home/lyuliyao/gromacs_2020/bin/gmx_mpi: error while loading shared libraries: libc10.so: cannot open shared object file: No such file or directory
/mnt/home/lyuliyao/gromacs_2020/bin/gmx_mpi: error while loading shared libraries: libc10.so: cannot open shared object file: No such file or directory
/mnt/home/lyuliyao/gromacs_2020/bin/gmx_mpi: error while loading shared libraries: libc10.so: cannot open shared object file: No such file or directory
/mnt/home/lyuliyao/gromacs_2020/bin/gmx_mpi: error while loading shared libraries: libc10.so: cannot open shared object file: No such file or directory
/mnt/home/lyuliyao/gromacs_2020/bin/gmx_mpi: error while loading shared libraries: libc10.so: cannot open shared object file: No such file or directory
/mnt/home/lyuliyao/gromacs_2020/bin/gmx_mpi: error while loading shared libraries: libc10.so: cannot open shared object file: No such file or directory
/mnt/home/lyuliyao/gromacs_2020/bin/gmx_mpi: error while loading shared libraries: libc10.so: cannot open shared object file: No such file or directory
/mnt/home/lyuliyao/gromacs_2020/bin/gmx_mpi: error while loading shared libraries: libc10.so: cannot open shared object file: No such file or directory
/mnt/home/lyuliyao/gromacs_2020/bin/gmx_mpi: error while loading shared libraries: libc10.so: cannot open shared object file: No such file or directory
/mnt/home/lyuliyao/gromacs_2020/bin/gmx_mpi: error while loading shared libraries: libc10.so: cannot open shared object file: No such file or directory
/mnt/home/lyuliyao/gromacs_2020/bin/gmx_mpi: error while loading shared libraries: libc10.so: cannot open shared object file: No such file or directory
/mnt/home/lyuliyao/gromacs_2020/bin/gmx_mpi: error while loading shared libraries: libc10.so: cannot open shared object file: No such file or directory
/mnt/home/lyuliyao/gromacs_2020/bin/gmx_mpi: error while loading shared libraries: libc10.so: cannot open shared object file: No such file or directory
/mnt/home/lyuliyao/gromacs_2020/bin/gmx_mpi: error while loading shared libraries: libc10.so: cannot open shared object file: No such file or directory
/mnt/home/lyuliyao/gromacs_2020/bin/gmx_mpi: error while loading shared libraries: libc10.so: cannot open shared object file: No such file or directory
/mnt/home/lyuliyao/gromacs_2020/bin/gmx_mpi: error while loading shared libraries: libc10.so: cannot open shared object file: No such file or directory
/mnt/home/lyuliyao/gromacs_2020/bin/gmx_mpi: error while loading shared libraries: libc10.so: cannot open shared object file: No such file or directory
/mnt/home/lyuliyao/gromacs_2020/bin/gmx_mpi: error while loading shared libraries: libc10.so: cannot open shared object file: No such file or directory
/mnt/home/lyuliyao/gromacs_2020/bin/gmx_mpi: error while loading shared libraries: libc10.so: cannot open shared object file: No such file or directory
/mnt/home/lyuliyao/gromacs_2020/bin/gmx_mpi: error while loading shared libraries: libc10.so: cannot open shared object file: No such file or directory
/mnt/home/lyuliyao/gromacs_2020/bin/gmx_mpi: error while loading shared libraries: libc10.so: cannot open shared object file: No such file or directory
/mnt/home/lyuliyao/gromacs_2020/bin/gmx_mpi: error while loading shared libraries: libc10.so: cannot open shared object file: No such file or directory
/mnt/home/lyuliyao/gromacs_2020/bin/gmx_mpi: error while loading shared libraries: libc10.so: cannot open shared object file: No such file or directory
/mnt/home/lyuliyao/gromacs_2020/bin/gmx_mpi: error while loading shared libraries: libc10.so: cannot open shared object file: No such file or directory
/mnt/home/lyuliyao/gromacs_2020/bin/gmx_mpi: error while loading shared libraries: libc10.so: cannot open shared object file: No such file or directory
/mnt/home/lyuliyao/gromacs_2020/bin/gmx_mpi: error while loading shared libraries: libc10.so: cannot open shared object file: No such file or directory
/mnt/home/lyuliyao/gromacs_2020/bin/gmx_mpi: error while loading shared libraries: libc10.so: cannot open shared object file: No such file or directory
/mnt/home/lyuliyao/gromacs_2020/bin/gmx_mpi: error while loading shared libraries: libc10.so: cannot open shared object file: No such file or directory
/mnt/home/lyuliyao/gromacs_2020/bin/gmx_mpi: error while loading shared libraries: libc10.so: cannot open shared object file: No such file or directory
/mnt/home/lyuliyao/gromacs_2020/bin/gmx_mpi: error while loading shared libraries: libc10.so: cannot open shared object file: No such file or directory
/mnt/home/lyuliyao/gromacs_2020/bin/gmx_mpi: error while loading shared libraries: libc10.so: cannot open shared object file: No such file or directory
/mnt/home/lyuliyao/gromacs_2020/bin/gmx_mpi: error while loading shared libraries: libc10.so: cannot open shared object file: No such file or directory
/mnt/home/lyuliyao/gromacs_2020/bin/gmx_mpi: error while loading shared libraries: libc10.so: cannot open shared object file: No such file or directory
/mnt/home/lyuliyao/gromacs_2020/bin/gmx_mpi: error while loading shared libraries: libc10.so: cannot open shared object file: No such file or directory
/mnt/home/lyuliyao/gromacs_2020/bin/gmx_mpi: error while loading shared libraries: libc10.so: cannot open shared object file: No such file or directory
/mnt/home/lyuliyao/gromacs_2020/bin/gmx_mpi: error while loading shared libraries: libc10.so: cannot open shared object file: No such file or directory
/mnt/home/lyuliyao/gromacs_2020/bin/gmx_mpi: error while loading shared libraries: libc10.so: cannot open shared object file: No such file or directory
/mnt/home/lyuliyao/gromacs_2020/bin/gmx_mpi: error while loading shared libraries: libc10.so: cannot open shared object file: No such file or directory
/mnt/home/lyuliyao/gromacs_2020/bin/gmx_mpi: error while loading shared libraries: libc10.so: cannot open shared object file: No such file or directory
/mnt/home/lyuliyao/gromacs_2020/bin/gmx_mpi: error while loading shared libraries: libc10.so: cannot open shared object file: No such file or directory
/mnt/home/lyuliyao/gromacs_2020/bin/gmx_mpi: error while loading shared libraries: libc10.so: cannot open shared object file: No such file or directory
/mnt/home/lyuliyao/gromacs_2020/bin/gmx_mpi: error while loading shared libraries: libc10.so: cannot open shared object file: No such file or directory
/mnt/home/lyuliyao/gromacs_2020/bin/gmx_mpi: error while loading shared libraries: libc10.so: cannot open shared object file: No such file or directory
/mnt/home/lyuliyao/gromacs_2020/bin/gmx_mpi: error while loading shared libraries: libc10.so: cannot open shared object file: No such file or directory
/mnt/home/lyuliyao/gromacs_2020/bin/gmx_mpi: error while loading shared libraries: libc10.so: cannot open shared object file: No such file or directory
/mnt/home/lyuliyao/gromacs_2020/bin/gmx_mpi: error while loading shared libraries: libc10.so: cannot open shared object file: No such file or directory
/mnt/home/lyuliyao/gromacs_2020/bin/gmx_mpi: error while loading shared libraries: libc10.so: cannot open shared object file: No such file or directory
/mnt/home/lyuliyao/gromacs_2020/bin/gmx_mpi: error while loading shared libraries: libc10.so: cannot open shared object file: No such file or directory
/mnt/home/lyuliyao/gromacs_2020/bin/gmx_mpi: error while loading shared libraries: libc10.so: cannot open shared object file: No such file or directory
/mnt/home/lyuliyao/gromacs_2020/bin/gmx_mpi: error while loading shared libraries: libc10.so: cannot open shared object file: No such file or directory
/mnt/home/lyuliyao/gromacs_2020/bin/gmx_mpi: error while loading shared libraries: libc10.so: cannot open shared object file: No such file or directory
/mnt/home/lyuliyao/gromacs_2020/bin/gmx_mpi: error while loading shared libraries: libc10.so: cannot open shared object file: No such file or directory
/mnt/home/lyuliyao/gromacs_2020/bin/gmx_mpi: error while loading shared libraries: libc10.so: cannot open shared object file: No such file or directory
/mnt/home/lyuliyao/gromacs_2020/bin/gmx_mpi: error while loading shared libraries: libc10.so: cannot open shared object file: No such file or directory
/mnt/home/lyuliyao/gromacs_2020/bin/gmx_mpi: error while loading shared libraries: libc10.so: cannot open shared object file: No such file or directory
/mnt/home/lyuliyao/gromacs_2020/bin/gmx_mpi: error while loading shared libraries: libc10.so: cannot open shared object file: No such file or directory
/mnt/home/lyuliyao/gromacs_2020/bin/gmx_mpi: error while loading shared libraries: libc10.so: cannot open shared object file: No such file or directory
/mnt/home/lyuliyao/gromacs_2020/bin/gmx_mpi: error while loading shared libraries: libc10.so: cannot open shared object file: No such file or directory
/mnt/home/lyuliyao/gromacs_2020/bin/gmx_mpi: error while loading shared libraries: libc10.so: cannot open shared object file: No such file or directory
/mnt/home/lyuliyao/gromacs_2020/bin/gmx_mpi: error while loading shared libraries: libc10.so: cannot open shared object file: No such file or directory
/mnt/home/lyuliyao/gromacs_2020/bin/gmx_mpi: error while loading shared libraries: libc10.so: cannot open shared object file: No such file or directory
/mnt/home/lyuliyao/gromacs_2020/bin/gmx_mpi: error while loading shared libraries: libc10.so: cannot open shared object file: No such file or directory
/mnt/home/lyuliyao/gromacs_2020/bin/gmx_mpi: error while loading shared libraries: libc10.so: cannot open shared object file: No such file or directory
/mnt/home/lyuliyao/gromacs_2020/bin/gmx_mpi: error while loading shared libraries: libc10.so: cannot open shared object file: No such file or directory
/mnt/home/lyuliyao/gromacs_2020/bin/gmx_mpi: error while loading shared libraries: libc10.so: cannot open shared object file: No such file or directory
/mnt/home/lyuliyao/gromacs_2020/bin/gmx_mpi: error while loading shared libraries: libc10.so: cannot open shared object file: No such file or directory
/mnt/home/lyuliyao/gromacs_2020/bin/gmx_mpi: error while loading shared libraries: libc10.so: cannot open shared object file: No such file or directory
/mnt/home/lyuliyao/gromacs_2020/bin/gmx_mpi: error while loading shared libraries: libc10.so: cannot open shared object file: No such file or directory
/mnt/home/lyuliyao/gromacs_2020/bin/gmx_mpi: error while loading shared libraries: libc10.so: cannot open shared object file: No such file or directory
/mnt/home/lyuliyao/gromacs_2020/bin/gmx_mpi: error while loading shared libraries: libc10.so: cannot open shared object file: No such file or directory
/mnt/home/lyuliyao/gromacs_2020/bin/gmx_mpi: error while loading shared libraries: libc10.so: cannot open shared object file: No such file or directory
/mnt/home/lyuliyao/gromacs_2020/bin/gmx_mpi: error while loading shared libraries: libc10.so: cannot open shared object file: No such file or directory
/mnt/home/lyuliyao/gromacs_2020/bin/gmx_mpi: error while loading shared libraries: libc10.so: cannot open shared object file: No such file or directory
/mnt/home/lyuliyao/gromacs_2020/bin/gmx_mpi: error while loading shared libraries: libc10.so: cannot open shared object file: No such file or directory
/mnt/home/lyuliyao/gromacs_2020/bin/gmx_mpi: error while loading shared libraries: libc10.so: cannot open shared object file: No such file or directory
/mnt/home/lyuliyao/gromacs_2020/bin/gmx_mpi: error while loading shared libraries: libc10.so: cannot open shared object file: No such file or directory
/mnt/home/lyuliyao/gromacs_2020/bin/gmx_mpi: error while loading shared libraries: libc10.so: cannot open shared object file: No such file or directory
/mnt/home/lyuliyao/gromacs_2020/bin/gmx_mpi: error while loading shared libraries: libc10.so: cannot open shared object file: No such file or directory
/mnt/home/lyuliyao/gromacs_2020/bin/gmx_mpi: error while loading shared libraries: libc10.so: cannot open shared object file: No such file or directory
/mnt/home/lyuliyao/gromacs_2020/bin/gmx_mpi: error while loading shared libraries: libc10.so: cannot open shared object file: No such file or directory
/mnt/home/lyuliyao/gromacs_2020/bin/gmx_mpi: error while loading shared libraries: libc10.so: cannot open shared object file: No such file or directory
/mnt/home/lyuliyao/gromacs_2020/bin/gmx_mpi: error while loading shared libraries: libc10.so: cannot open shared object file: No such file or directory
/mnt/home/lyuliyao/gromacs_2020/bin/gmx_mpi: error while loading shared libraries: libc10.so: cannot open shared object file: No such file or directory
/mnt/home/lyuliyao/gromacs_2020/bin/gmx_mpi: error while loading shared libraries: libc10.so: cannot open shared object file: No such file or directory
/mnt/home/lyuliyao/gromacs_2020/bin/gmx_mpi: error while loading shared libraries: libc10.so: cannot open shared object file: No such file or directory
/mnt/home/lyuliyao/gromacs_2020/bin/gmx_mpi: error while loading shared libraries: libc10.so: cannot open shared object file: No such file or directory
/mnt/home/lyuliyao/gromacs_2020/bin/gmx_mpi: error while loading shared libraries: libc10.so: cannot open shared object file: No such file or directory
/mnt/home/lyuliyao/gromacs_2020/bin/gmx_mpi: error while loading shared libraries: libc10.so: cannot open shared object file: No such file or directory
/mnt/home/lyuliyao/gromacs_2020/bin/gmx_mpi: error while loading shared libraries: libc10.so: cannot open shared object file: No such file or directory
/mnt/home/lyuliyao/gromacs_2020/bin/gmx_mpi: error while loading shared libraries: libc10.so: cannot open shared object file: No such file or directory
/mnt/home/lyuliyao/gromacs_2020/bin/gmx_mpi: error while loading shared libraries: libc10.so: cannot open shared object file: No such file or directory
/mnt/home/lyuliyao/gromacs_2020/bin/gmx_mpi: error while loading shared libraries: libc10.so: cannot open shared object file: No such file or directory
/mnt/home/lyuliyao/gromacs_2020/bin/gmx_mpi: error while loading shared libraries: libc10.so: cannot open shared object file: No such file or directory
/mnt/home/lyuliyao/gromacs_2020/bin/gmx_mpi: error while loading shared libraries: libc10.so: cannot open shared object file: No such file or directory
/mnt/home/lyuliyao/gromacs_2020/bin/gmx_mpi: error while loading shared libraries: libc10.so: cannot open shared object file: No such file or directory
/mnt/home/lyuliyao/gromacs_2020/bin/gmx_mpi: error while loading shared libraries: libc10.so: cannot open shared object file: No such file or directory
/mnt/home/lyuliyao/gromacs_2020/bin/gmx_mpi: error while loading shared libraries: libc10.so: cannot open shared object file: No such file or directory
/mnt/home/lyuliyao/gromacs_2020/bin/gmx_mpi: error while loading shared libraries: libc10.so: cannot open shared object file: No such file or directory
srun: error: amr-169: tasks 471-509: Exited with exit code 127
srun: error: amr-164: tasks 0-45: Exited with exit code 127
/mnt/home/lyuliyao/gromacs_2020/bin/gmx_mpi: error while loading shared libraries: libc10.so: cannot open shared object file: No such file or directory
/mnt/home/lyuliyao/gromacs_2020/bin/gmx_mpi: error while loading shared libraries: libc10.so: cannot open shared object file: No such file or directory
/mnt/home/lyuliyao/gromacs_2020/bin/gmx_mpi: error while loading shared libraries: libc10.so: cannot open shared object file: No such file or directory
/mnt/home/lyuliyao/gromacs_2020/bin/gmx_mpi: error while loading shared libraries: libc10.so: cannot open shared object file: No such file or directory
/mnt/home/lyuliyao/gromacs_2020/bin/gmx_mpi: error while loading shared libraries: libc10.so: cannot open shared object file: No such file or directory
/mnt/home/lyuliyao/gromacs_2020/bin/gmx_mpi: error while loading shared libraries: libc10.so: cannot open shared object file: No such file or directory
/mnt/home/lyuliyao/gromacs_2020/bin/gmx_mpi: error while loading shared libraries: libc10.so: cannot open shared object file: No such file or directory
/mnt/home/lyuliyao/gromacs_2020/bin/gmx_mpi: error while loading shared libraries: libc10.so: cannot open shared object file: No such file or directory
/mnt/home/lyuliyao/gromacs_2020/bin/gmx_mpi: error while loading shared libraries: libc10.so: cannot open shared object file: No such file or directory
/mnt/home/lyuliyao/gromacs_2020/bin/gmx_mpi: error while loading shared libraries: libc10.so: cannot open shared object file: No such file or directory
/mnt/home/lyuliyao/gromacs_2020/bin/gmx_mpi: error while loading shared libraries: libc10.so: cannot open shared object file: No such file or directory
/mnt/home/lyuliyao/gromacs_2020/bin/gmx_mpi: error while loading shared libraries: libc10.so: cannot open shared object file: No such file or directory
/mnt/home/lyuliyao/gromacs_2020/bin/gmx_mpi: error while loading shared libraries: libc10.so: cannot open shared object file: No such file or directory
/mnt/home/lyuliyao/gromacs_2020/bin/gmx_mpi: error while loading shared libraries: libc10.so: cannot open shared object file: No such file or directory
/mnt/home/lyuliyao/gromacs_2020/bin/gmx_mpi: error while loading shared libraries: libc10.so: cannot open shared object file: No such file or directory
/mnt/home/lyuliyao/gromacs_2020/bin/gmx_mpi: error while loading shared libraries: libc10.so: cannot open shared object file: No such file or directory
/mnt/home/lyuliyao/gromacs_2020/bin/gmx_mpi: error while loading shared libraries: libc10.so: cannot open shared object file: No such file or directory
/mnt/home/lyuliyao/gromacs_2020/bin/gmx_mpi: error while loading shared libraries: libc10.so: cannot open shared object file: No such file or directory
/mnt/home/lyuliyao/gromacs_2020/bin/gmx_mpi: error while loading shared libraries: libc10.so: cannot open shared object file: No such file or directory
/mnt/home/lyuliyao/gromacs_2020/bin/gmx_mpi: error while loading shared libraries: libc10.so: cannot open shared object file: No such file or directory
/mnt/home/lyuliyao/gromacs_2020/bin/gmx_mpi: error while loading shared libraries: libc10.so: cannot open shared object file: No such file or directory
/mnt/home/lyuliyao/gromacs_2020/bin/gmx_mpi: error while loading shared libraries: libc10.so: cannot open shared object file: No such file or directory
/mnt/home/lyuliyao/gromacs_2020/bin/gmx_mpi: error while loading shared libraries: libc10.so: cannot open shared object file: No such file or directory
/mnt/home/lyuliyao/gromacs_2020/bin/gmx_mpi: error while loading shared libraries: libc10.so: cannot open shared object file: No such file or directory
/mnt/home/lyuliyao/gromacs_2020/bin/gmx_mpi: error while loading shared libraries: libc10.so: cannot open shared object file: No such file or directory
/mnt/home/lyuliyao/gromacs_2020/bin/gmx_mpi: error while loading shared libraries: libc10.so: cannot open shared object file: No such file or directory
/mnt/home/lyuliyao/gromacs_2020/bin/gmx_mpi: error while loading shared libraries: libc10.so: cannot open shared object file: No such file or directory
/mnt/home/lyuliyao/gromacs_2020/bin/gmx_mpi: error while loading shared libraries: libc10.so: cannot open shared object file: No such file or directory
/mnt/home/lyuliyao/gromacs_2020/bin/gmx_mpi: error while loading shared libraries: libc10.so: cannot open shared object file: No such file or directory
/mnt/home/lyuliyao/gromacs_2020/bin/gmx_mpi: error while loading shared libraries: libc10.so: cannot open shared object file: No such file or directory
/mnt/home/lyuliyao/gromacs_2020/bin/gmx_mpi: error while loading shared libraries: libc10.so: cannot open shared object file: No such file or directory
/mnt/home/lyuliyao/gromacs_2020/bin/gmx_mpi: error while loading shared libraries: libc10.so: cannot open shared object file: No such file or directory
/mnt/home/lyuliyao/gromacs_2020/bin/gmx_mpi: error while loading shared libraries: libc10.so: cannot open shared object file: No such file or directory
/mnt/home/lyuliyao/gromacs_2020/bin/gmx_mpi: error while loading shared libraries: libc10.so: cannot open shared object file: No such file or directory
/mnt/home/lyuliyao/gromacs_2020/bin/gmx_mpi: error while loading shared libraries: libc10.so: cannot open shared object file: No such file or directory
/mnt/home/lyuliyao/gromacs_2020/bin/gmx_mpi: error while loading shared libraries: libc10.so: cannot open shared object file: No such file or directory
/mnt/home/lyuliyao/gromacs_2020/bin/gmx_mpi: error while loading shared libraries: libc10.so: cannot open shared object file: No such file or directory
/mnt/home/lyuliyao/gromacs_2020/bin/gmx_mpi: error while loading shared libraries: libc10.so: cannot open shared object file: No such file or directory
/mnt/home/lyuliyao/gromacs_2020/bin/gmx_mpi: error while loading shared libraries: libc10.so: cannot open shared object file: No such file or directory
/mnt/home/lyuliyao/gromacs_2020/bin/gmx_mpi: error while loading shared libraries: libc10.so: cannot open shared object file: No such file or directory
/mnt/home/lyuliyao/gromacs_2020/bin/gmx_mpi: error while loading shared libraries: libc10.so: cannot open shared object file: No such file or directory
/mnt/home/lyuliyao/gromacs_2020/bin/gmx_mpi: error while loading shared libraries: libc10.so: cannot open shared object file: No such file or directory
/mnt/home/lyuliyao/gromacs_2020/bin/gmx_mpi: error while loading shared libraries: libc10.so: cannot open shared object file: No such file or directory
/mnt/home/lyuliyao/gromacs_2020/bin/gmx_mpi: error while loading shared libraries: libc10.so: cannot open shared object file: No such file or directory
/mnt/home/lyuliyao/gromacs_2020/bin/gmx_mpi: error while loading shared libraries: libc10.so: cannot open shared object file: No such file or directory
/mnt/home/lyuliyao/gromacs_2020/bin/gmx_mpi: error while loading shared libraries: libc10.so: cannot open shared object file: No such file or directory
/mnt/home/lyuliyao/gromacs_2020/bin/gmx_mpi: error while loading shared libraries: libc10.so: cannot open shared object file: No such file or directory
/mnt/home/lyuliyao/gromacs_2020/bin/gmx_mpi: error while loading shared libraries: libc10.so: cannot open shared object file: No such file or directory
/mnt/home/lyuliyao/gromacs_2020/bin/gmx_mpi: error while loading shared libraries: libc10.so: cannot open shared object file: No such file or directory
/mnt/home/lyuliyao/gromacs_2020/bin/gmx_mpi: error while loading shared libraries: libc10.so: cannot open shared object file: No such file or directory
/mnt/home/lyuliyao/gromacs_2020/bin/gmx_mpi: error while loading shared libraries: libc10.so: cannot open shared object file: No such file or directory
/mnt/home/lyuliyao/gromacs_2020/bin/gmx_mpi: error while loading shared libraries: libc10.so: cannot open shared object file: No such file or directory
/mnt/home/lyuliyao/gromacs_2020/bin/gmx_mpi: error while loading shared libraries: libc10.so: cannot open shared object file: No such file or directory
/mnt/home/lyuliyao/gromacs_2020/bin/gmx_mpi: error while loading shared libraries: libc10.so: cannot open shared object file: No such file or directory
/mnt/home/lyuliyao/gromacs_2020/bin/gmx_mpi: error while loading shared libraries: libc10.so: cannot open shared object file: No such file or directory
/mnt/home/lyuliyao/gromacs_2020/bin/gmx_mpi: error while loading shared libraries: libc10.so: cannot open shared object file: No such file or directory
/mnt/home/lyuliyao/gromacs_2020/bin/gmx_mpi: error while loading shared libraries: libc10.so: cannot open shared object file: No such file or directory
/mnt/home/lyuliyao/gromacs_2020/bin/gmx_mpi: error while loading shared libraries: libc10.so: cannot open shared object file: No such file or directory
/mnt/home/lyuliyao/gromacs_2020/bin/gmx_mpi: error while loading shared libraries: libc10.so: cannot open shared object file: No such file or directory
/mnt/home/lyuliyao/gromacs_2020/bin/gmx_mpi: error while loading shared libraries: libc10.so: cannot open shared object file: No such file or directory
/mnt/home/lyuliyao/gromacs_2020/bin/gmx_mpi: error while loading shared libraries: libc10.so: cannot open shared object file: No such file or directory
/mnt/home/lyuliyao/gromacs_2020/bin/gmx_mpi: error while loading shared libraries: libc10.so: cannot open shared object file: No such file or directory
/mnt/home/lyuliyao/gromacs_2020/bin/gmx_mpi: error while loading shared libraries: libc10.so: cannot open shared object file: No such file or directory
/mnt/home/lyuliyao/gromacs_2020/bin/gmx_mpi: error while loading shared libraries: libc10.so: cannot open shared object file: No such file or directory
/mnt/home/lyuliyao/gromacs_2020/bin/gmx_mpi: error while loading shared libraries: libc10.so: cannot open shared object file: No such file or directory
/mnt/home/lyuliyao/gromacs_2020/bin/gmx_mpi: error while loading shared libraries: libc10.so: cannot open shared object file: No such file or directory
/mnt/home/lyuliyao/gromacs_2020/bin/gmx_mpi: error while loading shared libraries: libc10.so: cannot open shared object file: No such file or directory
/mnt/home/lyuliyao/gromacs_2020/bin/gmx_mpi: error while loading shared libraries: libc10.so: cannot open shared object file: No such file or directory
/mnt/home/lyuliyao/gromacs_2020/bin/gmx_mpi: error while loading shared libraries: libc10.so: cannot open shared object file: No such file or directory
/mnt/home/lyuliyao/gromacs_2020/bin/gmx_mpi: error while loading shared libraries: libc10.so: cannot open shared object file: No such file or directory
/mnt/home/lyuliyao/gromacs_2020/bin/gmx_mpi: error while loading shared libraries: libc10.so: cannot open shared object file: No such file or directory
/mnt/home/lyuliyao/gromacs_2020/bin/gmx_mpi: error while loading shared libraries: libc10.so: cannot open shared object file: No such file or directory
/mnt/home/lyuliyao/gromacs_2020/bin/gmx_mpi: error while loading shared libraries: libc10.so: cannot open shared object file: No such file or directory
/mnt/home/lyuliyao/gromacs_2020/bin/gmx_mpi: error while loading shared libraries: libc10.so: cannot open shared object file: No such file or directory
/mnt/home/lyuliyao/gromacs_2020/bin/gmx_mpi: error while loading shared libraries: libc10.so: cannot open shared object file: No such file or directory
/mnt/home/lyuliyao/gromacs_2020/bin/gmx_mpi: error while loading shared libraries: libc10.so: cannot open shared object file: No such file or directory
/mnt/home/lyuliyao/gromacs_2020/bin/gmx_mpi: error while loading shared libraries: libc10.so: cannot open shared object file: No such file or directory
/mnt/home/lyuliyao/gromacs_2020/bin/gmx_mpi: error while loading shared libraries: libc10.so: cannot open shared object file: No such file or directory
/mnt/home/lyuliyao/gromacs_2020/bin/gmx_mpi: error while loading shared libraries: libc10.so: cannot open shared object file: No such file or directory
/mnt/home/lyuliyao/gromacs_2020/bin/gmx_mpi: error while loading shared libraries: libc10.so: cannot open shared object file: No such file or directory
/mnt/home/lyuliyao/gromacs_2020/bin/gmx_mpi: error while loading shared libraries: libc10.so: cannot open shared object file: No such file or directory
/mnt/home/lyuliyao/gromacs_2020/bin/gmx_mpi: error while loading shared libraries: libc10.so: cannot open shared object file: No such file or directory
/mnt/home/lyuliyao/gromacs_2020/bin/gmx_mpi: error while loading shared libraries: libc10.so: cannot open shared object file: No such file or directory
/mnt/home/lyuliyao/gromacs_2020/bin/gmx_mpi: error while loading shared libraries: libc10.so: cannot open shared object file: No such file or directory
/mnt/home/lyuliyao/gromacs_2020/bin/gmx_mpi: error while loading shared libraries: libc10.so: cannot open shared object file: No such file or directory
/mnt/home/lyuliyao/gromacs_2020/bin/gmx_mpi: error while loading shared libraries: libc10.so: cannot open shared object file: No such file or directory
/mnt/home/lyuliyao/gromacs_2020/bin/gmx_mpi: error while loading shared libraries: libc10.so: cannot open shared object file: No such file or directory
/mnt/home/lyuliyao/gromacs_2020/bin/gmx_mpi: error while loading shared libraries: libc10.so: cannot open shared object file: No such file or directory
/mnt/home/lyuliyao/gromacs_2020/bin/gmx_mpi: error while loading shared libraries: libc10.so: cannot open shared object file: No such file or directory
/mnt/home/lyuliyao/gromacs_2020/bin/gmx_mpi: error while loading shared libraries: libc10.so: cannot open shared object file: No such file or directory
/mnt/home/lyuliyao/gromacs_2020/bin/gmx_mpi: error while loading shared libraries: libc10.so: cannot open shared object file: No such file or directory
/mnt/home/lyuliyao/gromacs_2020/bin/gmx_mpi: error while loading shared libraries: libc10.so: cannot open shared object file: No such file or directory
/mnt/home/lyuliyao/gromacs_2020/bin/gmx_mpi: error while loading shared libraries: libc10.so: cannot open shared object file: No such file or directory
/mnt/home/lyuliyao/gromacs_2020/bin/gmx_mpi: error while loading shared libraries: libc10.so: cannot open shared object file: No such file or directory
/mnt/home/lyuliyao/gromacs_2020/bin/gmx_mpi: error while loading shared libraries: libc10.so: cannot open shared object file: No such file or directory
/mnt/home/lyuliyao/gromacs_2020/bin/gmx_mpi: error while loading shared libraries: libc10.so: cannot open shared object file: No such file or directory
/mnt/home/lyuliyao/gromacs_2020/bin/gmx_mpi: error while loading shared libraries: libc10.so: cannot open shared object file: No such file or directory
/mnt/home/lyuliyao/gromacs_2020/bin/gmx_mpi: error while loading shared libraries: libc10.so: cannot open shared object file: No such file or directory
/mnt/home/lyuliyao/gromacs_2020/bin/gmx_mpi: error while loading shared libraries: libc10.so: cannot open shared object file: No such file or directory
/mnt/home/lyuliyao/gromacs_2020/bin/gmx_mpi: error while loading shared libraries: libc10.so: cannot open shared object file: No such file or directory
/mnt/home/lyuliyao/gromacs_2020/bin/gmx_mpi: error while loading shared libraries: libc10.so: cannot open shared object file: No such file or directory
/mnt/home/lyuliyao/gromacs_2020/bin/gmx_mpi: error while loading shared libraries: libc10.so: cannot open shared object file: No such file or directory
/mnt/home/lyuliyao/gromacs_2020/bin/gmx_mpi: error while loading shared libraries: libc10.so: cannot open shared object file: No such file or directory
/mnt/home/lyuliyao/gromacs_2020/bin/gmx_mpi: error while loading shared libraries: libc10.so: cannot open shared object file: No such file or directory
/mnt/home/lyuliyao/gromacs_2020/bin/gmx_mpi: error while loading shared libraries: libc10.so: cannot open shared object file: No such file or directory
/mnt/home/lyuliyao/gromacs_2020/bin/gmx_mpi: error while loading shared libraries: libc10.so: cannot open shared object file: No such file or directory
/mnt/home/lyuliyao/gromacs_2020/bin/gmx_mpi: error while loading shared libraries: libc10.so: cannot open shared object file: No such file or directory
/mnt/home/lyuliyao/gromacs_2020/bin/gmx_mpi: error while loading shared libraries: libc10.so: cannot open shared object file: No such file or directory
/mnt/home/lyuliyao/gromacs_2020/bin/gmx_mpi: error while loading shared libraries: libc10.so: cannot open shared object file: No such file or directory
/mnt/home/lyuliyao/gromacs_2020/bin/gmx_mpi: error while loading shared libraries: libc10.so: cannot open shared object file: No such file or directory
/mnt/home/lyuliyao/gromacs_2020/bin/gmx_mpi: error while loading shared libraries: libc10.so: cannot open shared object file: No such file or directory
/mnt/home/lyuliyao/gromacs_2020/bin/gmx_mpi: error while loading shared libraries: libc10.so: cannot open shared object file: No such file or directory
/mnt/home/lyuliyao/gromacs_2020/bin/gmx_mpi: error while loading shared libraries: libc10.so: cannot open shared object file: No such file or directory
/mnt/home/lyuliyao/gromacs_2020/bin/gmx_mpi: error while loading shared libraries: libc10.so: cannot open shared object file: No such file or directory
/mnt/home/lyuliyao/gromacs_2020/bin/gmx_mpi: error while loading shared libraries: libc10.so: cannot open shared object file: No such file or directory
/mnt/home/lyuliyao/gromacs_2020/bin/gmx_mpi: error while loading shared libraries: libc10.so: cannot open shared object file: No such file or directory
/mnt/home/lyuliyao/gromacs_2020/bin/gmx_mpi: error while loading shared libraries: libc10.so: cannot open shared object file: No such file or directory
/mnt/home/lyuliyao/gromacs_2020/bin/gmx_mpi: error while loading shared libraries: libc10.so: cannot open shared object file: No such file or directory
/mnt/home/lyuliyao/gromacs_2020/bin/gmx_mpi: error while loading shared libraries: libc10.so: cannot open shared object file: No such file or directory
/mnt/home/lyuliyao/gromacs_2020/bin/gmx_mpi: error while loading shared libraries: libc10.so: cannot open shared object file: No such file or directory
/mnt/home/lyuliyao/gromacs_2020/bin/gmx_mpi: error while loading shared libraries: libc10.so: cannot open shared object file: No such file or directory
/mnt/home/lyuliyao/gromacs_2020/bin/gmx_mpi: error while loading shared libraries: libc10.so: cannot open shared object file: No such file or directory
/mnt/home/lyuliyao/gromacs_2020/bin/gmx_mpi: error while loading shared libraries: libc10.so: cannot open shared object file: No such file or directory
/mnt/home/lyuliyao/gromacs_2020/bin/gmx_mpi: error while loading shared libraries: libc10.so: cannot open shared object file: No such file or directory
/mnt/home/lyuliyao/gromacs_2020/bin/gmx_mpi: error while loading shared libraries: libc10.so: cannot open shared object file: No such file or directory
/mnt/home/lyuliyao/gromacs_2020/bin/gmx_mpi: error while loading shared libraries: libc10.so: cannot open shared object file: No such file or directory
/mnt/home/lyuliyao/gromacs_2020/bin/gmx_mpi: error while loading shared libraries: libc10.so: cannot open shared object file: No such file or directory
/mnt/home/lyuliyao/gromacs_2020/bin/gmx_mpi: error while loading shared libraries: libc10.so: cannot open shared object file: No such file or directory
/mnt/home/lyuliyao/gromacs_2020/bin/gmx_mpi: error while loading shared libraries: libc10.so: cannot open shared object file: No such file or directory
/mnt/home/lyuliyao/gromacs_2020/bin/gmx_mpi: error while loading shared libraries: libc10.so: cannot open shared object file: No such file or directory
/mnt/home/lyuliyao/gromacs_2020/bin/gmx_mpi: error while loading shared libraries: libc10.so: cannot open shared object file: No such file or directory
/mnt/home/lyuliyao/gromacs_2020/bin/gmx_mpi: error while loading shared libraries: libc10.so: cannot open shared object file: No such file or directory
/mnt/home/lyuliyao/gromacs_2020/bin/gmx_mpi: error while loading shared libraries: libc10.so: cannot open shared object file: No such file or directory
/mnt/home/lyuliyao/gromacs_2020/bin/gmx_mpi: error while loading shared libraries: libc10.so: cannot open shared object file: No such file or directory
/mnt/home/lyuliyao/gromacs_2020/bin/gmx_mpi: error while loading shared libraries: libc10.so: cannot open shared object file: No such file or directory
/mnt/home/lyuliyao/gromacs_2020/bin/gmx_mpi: error while loading shared libraries: libc10.so: cannot open shared object file: No such file or directory
/mnt/home/lyuliyao/gromacs_2020/bin/gmx_mpi: error while loading shared libraries: libc10.so: cannot open shared object file: No such file or directory
/mnt/home/lyuliyao/gromacs_2020/bin/gmx_mpi: error while loading shared libraries: libc10.so: cannot open shared object file: No such file or directory
/mnt/home/lyuliyao/gromacs_2020/bin/gmx_mpi: error while loading shared libraries: libc10.so: cannot open shared object file: No such file or directory
/mnt/home/lyuliyao/gromacs_2020/bin/gmx_mpi: error while loading shared libraries: libc10.so: cannot open shared object file: No such file or directory
/mnt/home/lyuliyao/gromacs_2020/bin/gmx_mpi: error while loading shared libraries: libc10.so: cannot open shared object file: No such file or directory
/mnt/home/lyuliyao/gromacs_2020/bin/gmx_mpi: error while loading shared libraries: libc10.so: cannot open shared object file: No such file or directory
/mnt/home/lyuliyao/gromacs_2020/bin/gmx_mpi: error while loading shared libraries: libc10.so: cannot open shared object file: No such file or directory
/mnt/home/lyuliyao/gromacs_2020/bin/gmx_mpi: error while loading shared libraries: libc10.so: cannot open shared object file: No such file or directory
/mnt/home/lyuliyao/gromacs_2020/bin/gmx_mpi: error while loading shared libraries: libc10.so: cannot open shared object file: No such file or directory
/mnt/home/lyuliyao/gromacs_2020/bin/gmx_mpi: error while loading shared libraries: libc10.so: cannot open shared object file: No such file or directory
/mnt/home/lyuliyao/gromacs_2020/bin/gmx_mpi: error while loading shared libraries: libc10.so: cannot open shared object file: No such file or directory
/mnt/home/lyuliyao/gromacs_2020/bin/gmx_mpi: error while loading shared libraries: libc10.so: cannot open shared object file: No such file or directory
/mnt/home/lyuliyao/gromacs_2020/bin/gmx_mpi: error while loading shared libraries: libc10.so: cannot open shared object file: No such file or directory
/mnt/home/lyuliyao/gromacs_2020/bin/gmx_mpi: error while loading shared libraries: libc10.so: cannot open shared object file: No such file or directory
/mnt/home/lyuliyao/gromacs_2020/bin/gmx_mpi: error while loading shared libraries: libc10.so: cannot open shared object file: No such file or directory
/mnt/home/lyuliyao/gromacs_2020/bin/gmx_mpi: error while loading shared libraries: libc10.so: cannot open shared object file: No such file or directory
/mnt/home/lyuliyao/gromacs_2020/bin/gmx_mpi: error while loading shared libraries: libc10.so: cannot open shared object file: No such file or directory
/mnt/home/lyuliyao/gromacs_2020/bin/gmx_mpi: error while loading shared libraries: libc10.so: cannot open shared object file: No such file or directory
/mnt/home/lyuliyao/gromacs_2020/bin/gmx_mpi: error while loading shared libraries: libc10.so: cannot open shared object file: No such file or directory
/mnt/home/lyuliyao/gromacs_2020/bin/gmx_mpi: error while loading shared libraries: libc10.so: cannot open shared object file: No such file or directory
/mnt/home/lyuliyao/gromacs_2020/bin/gmx_mpi: error while loading shared libraries: libc10.so: cannot open shared object file: No such file or directory
/mnt/home/lyuliyao/gromacs_2020/bin/gmx_mpi: error while loading shared libraries: libc10.so: cannot open shared object file: No such file or directory
/mnt/home/lyuliyao/gromacs_2020/bin/gmx_mpi: error while loading shared libraries: libc10.so: cannot open shared object file: No such file or directory
/mnt/home/lyuliyao/gromacs_2020/bin/gmx_mpi: error while loading shared libraries: libc10.so: cannot open shared object file: No such file or directory
/mnt/home/lyuliyao/gromacs_2020/bin/gmx_mpi: error while loading shared libraries: libc10.so: cannot open shared object file: No such file or directory
/mnt/home/lyuliyao/gromacs_2020/bin/gmx_mpi: error while loading shared libraries: libc10.so: cannot open shared object file: No such file or directory
/mnt/home/lyuliyao/gromacs_2020/bin/gmx_mpi: error while loading shared libraries: libc10.so: cannot open shared object file: No such file or directory
/mnt/home/lyuliyao/gromacs_2020/bin/gmx_mpi: error while loading shared libraries: libc10.so: cannot open shared object file: No such file or directory
/mnt/home/lyuliyao/gromacs_2020/bin/gmx_mpi: error while loading shared libraries: libc10.so: cannot open shared object file: No such file or directory
/mnt/home/lyuliyao/gromacs_2020/bin/gmx_mpi: error while loading shared libraries: libc10.so: cannot open shared object file: No such file or directory
/mnt/home/lyuliyao/gromacs_2020/bin/gmx_mpi: error while loading shared libraries: libc10.so: cannot open shared object file: No such file or directory
/mnt/home/lyuliyao/gromacs_2020/bin/gmx_mpi: error while loading shared libraries: libc10.so: cannot open shared object file: No such file or directory
/mnt/home/lyuliyao/gromacs_2020/bin/gmx_mpi: error while loading shared libraries: libc10.so: cannot open shared object file: No such file or directory
/mnt/home/lyuliyao/gromacs_2020/bin/gmx_mpi: error while loading shared libraries: libc10.so: cannot open shared object file: No such file or directory
/mnt/home/lyuliyao/gromacs_2020/bin/gmx_mpi: error while loading shared libraries: libc10.so: cannot open shared object file: No such file or directory
/mnt/home/lyuliyao/gromacs_2020/bin/gmx_mpi: error while loading shared libraries: libc10.so: cannot open shared object file: No such file or directory
/mnt/home/lyuliyao/gromacs_2020/bin/gmx_mpi: error while loading shared libraries: libc10.so: cannot open shared object file: No such file or directory
/mnt/home/lyuliyao/gromacs_2020/bin/gmx_mpi: error while loading shared libraries: libc10.so: cannot open shared object file: No such file or directory
/mnt/home/lyuliyao/gromacs_2020/bin/gmx_mpi: error while loading shared libraries: libc10.so: cannot open shared object file: No such file or directory
/mnt/home/lyuliyao/gromacs_2020/bin/gmx_mpi: error while loading shared libraries: libc10.so: cannot open shared object file: No such file or directory
/mnt/home/lyuliyao/gromacs_2020/bin/gmx_mpi: error while loading shared libraries: libc10.so: cannot open shared object file: No such file or directory
/mnt/home/lyuliyao/gromacs_2020/bin/gmx_mpi: error while loading shared libraries: libc10.so: cannot open shared object file: No such file or directory
/mnt/home/lyuliyao/gromacs_2020/bin/gmx_mpi: error while loading shared libraries: libc10.so: cannot open shared object file: No such file or directory
/mnt/home/lyuliyao/gromacs_2020/bin/gmx_mpi: error while loading shared libraries: libc10.so: cannot open shared object file: No such file or directory
/mnt/home/lyuliyao/gromacs_2020/bin/gmx_mpi: error while loading shared libraries: libc10.so: cannot open shared object file: No such file or directory
/mnt/home/lyuliyao/gromacs_2020/bin/gmx_mpi: error while loading shared libraries: libc10.so: cannot open shared object file: No such file or directory
/mnt/home/lyuliyao/gromacs_2020/bin/gmx_mpi: error while loading shared libraries: libc10.so: cannot open shared object file: No such file or directory
/mnt/home/lyuliyao/gromacs_2020/bin/gmx_mpi: error while loading shared libraries: libc10.so: cannot open shared object file: No such file or directory
/mnt/home/lyuliyao/gromacs_2020/bin/gmx_mpi: error while loading shared libraries: libc10.so: cannot open shared object file: No such file or directory
/mnt/home/lyuliyao/gromacs_2020/bin/gmx_mpi: error while loading shared libraries: libc10.so: cannot open shared object file: No such file or directory
/mnt/home/lyuliyao/gromacs_2020/bin/gmx_mpi: error while loading shared libraries: libc10.so: cannot open shared object file: No such file or directory
/mnt/home/lyuliyao/gromacs_2020/bin/gmx_mpi: error while loading shared libraries: libc10.so: cannot open shared object file: No such file or directory
/mnt/home/lyuliyao/gromacs_2020/bin/gmx_mpi: error while loading shared libraries: libc10.so: cannot open shared object file: No such file or directory
/mnt/home/lyuliyao/gromacs_2020/bin/gmx_mpi: error while loading shared libraries: libc10.so: cannot open shared object file: No such file or directory
/mnt/home/lyuliyao/gromacs_2020/bin/gmx_mpi: error while loading shared libraries: libc10.so: cannot open shared object file: No such file or directory
/mnt/home/lyuliyao/gromacs_2020/bin/gmx_mpi: error while loading shared libraries: libc10.so: cannot open shared object file: No such file or directory
/mnt/home/lyuliyao/gromacs_2020/bin/gmx_mpi: error while loading shared libraries: libc10.so: cannot open shared object file: No such file or directory
/mnt/home/lyuliyao/gromacs_2020/bin/gmx_mpi: error while loading shared libraries: libc10.so: cannot open shared object file: No such file or directory
/mnt/home/lyuliyao/gromacs_2020/bin/gmx_mpi: error while loading shared libraries: libc10.so: cannot open shared object file: No such file or directory
/mnt/home/lyuliyao/gromacs_2020/bin/gmx_mpi: error while loading shared libraries: libc10.so: cannot open shared object file: No such file or directory
/mnt/home/lyuliyao/gromacs_2020/bin/gmx_mpi: error while loading shared libraries: libc10.so: cannot open shared object file: No such file or directory
/mnt/home/lyuliyao/gromacs_2020/bin/gmx_mpi: error while loading shared libraries: libc10.so: cannot open shared object file: No such file or directory
/mnt/home/lyuliyao/gromacs_2020/bin/gmx_mpi: error while loading shared libraries: libc10.so: cannot open shared object file: No such file or directory
/mnt/home/lyuliyao/gromacs_2020/bin/gmx_mpi: error while loading shared libraries: libc10.so: cannot open shared object file: No such file or directory
/mnt/home/lyuliyao/gromacs_2020/bin/gmx_mpi: error while loading shared libraries: libc10.so: cannot open shared object file: No such file or directory
/mnt/home/lyuliyao/gromacs_2020/bin/gmx_mpi: error while loading shared libraries: libc10.so: cannot open shared object file: No such file or directory
/mnt/home/lyuliyao/gromacs_2020/bin/gmx_mpi: error while loading shared libraries: libc10.so: cannot open shared object file: No such file or directory
/mnt/home/lyuliyao/gromacs_2020/bin/gmx_mpi: error while loading shared libraries: libc10.so: cannot open shared object file: No such file or directory
/mnt/home/lyuliyao/gromacs_2020/bin/gmx_mpi: error while loading shared libraries: libc10.so: cannot open shared object file: No such file or directory
/mnt/home/lyuliyao/gromacs_2020/bin/gmx_mpi: error while loading shared libraries: libc10.so: cannot open shared object file: No such file or directory
/mnt/home/lyuliyao/gromacs_2020/bin/gmx_mpi: error while loading shared libraries: libc10.so: cannot open shared object file: No such file or directory
/mnt/home/lyuliyao/gromacs_2020/bin/gmx_mpi: error while loading shared libraries: libc10.so: cannot open shared object file: No such file or directory
/mnt/home/lyuliyao/gromacs_2020/bin/gmx_mpi: error while loading shared libraries: libc10.so: cannot open shared object file: No such file or directory
/mnt/home/lyuliyao/gromacs_2020/bin/gmx_mpi: error while loading shared libraries: libc10.so: cannot open shared object file: No such file or directory
/mnt/home/lyuliyao/gromacs_2020/bin/gmx_mpi: error while loading shared libraries: libc10.so: cannot open shared object file: No such file or directory
/mnt/home/lyuliyao/gromacs_2020/bin/gmx_mpi: error while loading shared libraries: libc10.so: cannot open shared object file: No such file or directory
/mnt/home/lyuliyao/gromacs_2020/bin/gmx_mpi: error while loading shared libraries: libc10.so: cannot open shared object file: No such file or directory
/mnt/home/lyuliyao/gromacs_2020/bin/gmx_mpi: error while loading shared libraries: libc10.so: cannot open shared object file: No such file or directory
/mnt/home/lyuliyao/gromacs_2020/bin/gmx_mpi: error while loading shared libraries: libc10.so: cannot open shared object file: No such file or directory
/mnt/home/lyuliyao/gromacs_2020/bin/gmx_mpi: error while loading shared libraries: libc10.so: cannot open shared object file: No such file or directory
/mnt/home/lyuliyao/gromacs_2020/bin/gmx_mpi: error while loading shared libraries: libc10.so: cannot open shared object file: No such file or directory
/mnt/home/lyuliyao/gromacs_2020/bin/gmx_mpi: error while loading shared libraries: libc10.so: cannot open shared object file: No such file or directory
/mnt/home/lyuliyao/gromacs_2020/bin/gmx_mpi: error while loading shared libraries: libc10.so: cannot open shared object file: No such file or directory
/mnt/home/lyuliyao/gromacs_2020/bin/gmx_mpi: error while loading shared libraries: libc10.so: cannot open shared object file: No such file or directory
/mnt/home/lyuliyao/gromacs_2020/bin/gmx_mpi: error while loading shared libraries: libc10.so: cannot open shared object file: No such file or directory
/mnt/home/lyuliyao/gromacs_2020/bin/gmx_mpi: error while loading shared libraries: libc10.so: cannot open shared object file: No such file or directory
/mnt/home/lyuliyao/gromacs_2020/bin/gmx_mpi: error while loading shared libraries: libc10.so: cannot open shared object file: No such file or directory
/mnt/home/lyuliyao/gromacs_2020/bin/gmx_mpi: error while loading shared libraries: libc10.so: cannot open shared object file: No such file or directory
/mnt/home/lyuliyao/gromacs_2020/bin/gmx_mpi: error while loading shared libraries: libc10.so: cannot open shared object file: No such file or directory
/mnt/home/lyuliyao/gromacs_2020/bin/gmx_mpi: error while loading shared libraries: libc10.so: cannot open shared object file: No such file or directory
/mnt/home/lyuliyao/gromacs_2020/bin/gmx_mpi: error while loading shared libraries: libc10.so: cannot open shared object file: No such file or directory
/mnt/home/lyuliyao/gromacs_2020/bin/gmx_mpi: error while loading shared libraries: libc10.so: cannot open shared object file: No such file or directory
/mnt/home/lyuliyao/gromacs_2020/bin/gmx_mpi: error while loading shared libraries: libc10.so: cannot open shared object file: No such file or directory
/mnt/home/lyuliyao/gromacs_2020/bin/gmx_mpi: error while loading shared libraries: libc10.so: cannot open shared object file: No such file or directory
/mnt/home/lyuliyao/gromacs_2020/bin/gmx_mpi: error while loading shared libraries: libc10.so: cannot open shared object file: No such file or directory
/mnt/home/lyuliyao/gromacs_2020/bin/gmx_mpi: error while loading shared libraries: libc10.so: cannot open shared object file: No such file or directory
/mnt/home/lyuliyao/gromacs_2020/bin/gmx_mpi: error while loading shared libraries: libc10.so: cannot open shared object file: No such file or directory
/mnt/home/lyuliyao/gromacs_2020/bin/gmx_mpi: error while loading shared libraries: libc10.so: cannot open shared object file: No such file or directory
/mnt/home/lyuliyao/gromacs_2020/bin/gmx_mpi: error while loading shared libraries: libc10.so: cannot open shared object file: No such file or directory
/mnt/home/lyuliyao/gromacs_2020/bin/gmx_mpi: error while loading shared libraries: libc10.so: cannot open shared object file: No such file or directory
/mnt/home/lyuliyao/gromacs_2020/bin/gmx_mpi: error while loading shared libraries: libc10.so: cannot open shared object file: No such file or directory
/mnt/home/lyuliyao/gromacs_2020/bin/gmx_mpi: error while loading shared libraries: libc10.so: cannot open shared object file: No such file or directory
/mnt/home/lyuliyao/gromacs_2020/bin/gmx_mpi: error while loading shared libraries: libc10.so: cannot open shared object file: No such file or directory
/mnt/home/lyuliyao/gromacs_2020/bin/gmx_mpi: error while loading shared libraries: libc10.so: cannot open shared object file: No such file or directory
/mnt/home/lyuliyao/gromacs_2020/bin/gmx_mpi: error while loading shared libraries: libc10.so: cannot open shared object file: No such file or directory
/mnt/home/lyuliyao/gromacs_2020/bin/gmx_mpi: error while loading shared libraries: libc10.so: cannot open shared object file: No such file or directory
/mnt/home/lyuliyao/gromacs_2020/bin/gmx_mpi: error while loading shared libraries: libc10.so: cannot open shared object file: No such file or directory
/mnt/home/lyuliyao/gromacs_2020/bin/gmx_mpi: error while loading shared libraries: libc10.so: cannot open shared object file: No such file or directory
/mnt/home/lyuliyao/gromacs_2020/bin/gmx_mpi: error while loading shared libraries: libc10.so: cannot open shared object file: No such file or directory
/mnt/home/lyuliyao/gromacs_2020/bin/gmx_mpi: error while loading shared libraries: libc10.so: cannot open shared object file: No such file or directory
/mnt/home/lyuliyao/gromacs_2020/bin/gmx_mpi: error while loading shared libraries: libc10.so: cannot open shared object file: No such file or directory
/mnt/home/lyuliyao/gromacs_2020/bin/gmx_mpi: error while loading shared libraries: libc10.so: cannot open shared object file: No such file or directory
/mnt/home/lyuliyao/gromacs_2020/bin/gmx_mpi: error while loading shared libraries: libc10.so: cannot open shared object file: No such file or directory
/mnt/home/lyuliyao/gromacs_2020/bin/gmx_mpi: error while loading shared libraries: libc10.so: cannot open shared object file: No such file or directory
/mnt/home/lyuliyao/gromacs_2020/bin/gmx_mpi: error while loading shared libraries: libc10.so: cannot open shared object file: No such file or directory
/mnt/home/lyuliyao/gromacs_2020/bin/gmx_mpi: error while loading shared libraries: libc10.so: cannot open shared object file: No such file or directory
/mnt/home/lyuliyao/gromacs_2020/bin/gmx_mpi: error while loading shared libraries: libc10.so: cannot open shared object file: No such file or directory
/mnt/home/lyuliyao/gromacs_2020/bin/gmx_mpi: error while loading shared libraries: libc10.so: cannot open shared object file: No such file or directory
/mnt/home/lyuliyao/gromacs_2020/bin/gmx_mpi: error while loading shared libraries: libc10.so: cannot open shared object file: No such file or directory
/mnt/home/lyuliyao/gromacs_2020/bin/gmx_mpi: error while loading shared libraries: libc10.so: cannot open shared object file: No such file or directory
/mnt/home/lyuliyao/gromacs_2020/bin/gmx_mpi: error while loading shared libraries: libc10.so: cannot open shared object file: No such file or directory
/mnt/home/lyuliyao/gromacs_2020/bin/gmx_mpi: error while loading shared libraries: libc10.so: cannot open shared object file: No such file or directory
/mnt/home/lyuliyao/gromacs_2020/bin/gmx_mpi: error while loading shared libraries: libc10.so: cannot open shared object file: No such file or directory
/mnt/home/lyuliyao/gromacs_2020/bin/gmx_mpi: error while loading shared libraries: libc10.so: cannot open shared object file: No such file or directory
/mnt/home/lyuliyao/gromacs_2020/bin/gmx_mpi: error while loading shared libraries: libc10.so: cannot open shared object file: No such file or directory
/mnt/home/lyuliyao/gromacs_2020/bin/gmx_mpi: error while loading shared libraries: libc10.so: cannot open shared object file: No such file or directory
/mnt/home/lyuliyao/gromacs_2020/bin/gmx_mpi: error while loading shared libraries: libc10.so: cannot open shared object file: No such file or directory
/mnt/home/lyuliyao/gromacs_2020/bin/gmx_mpi: error while loading shared libraries: libc10.so: cannot open shared object file: No such file or directory
/mnt/home/lyuliyao/gromacs_2020/bin/gmx_mpi: error while loading shared libraries: libc10.so: cannot open shared object file: No such file or directory
/mnt/home/lyuliyao/gromacs_2020/bin/gmx_mpi: error while loading shared libraries: libc10.so: cannot open shared object file: No such file or directory
/mnt/home/lyuliyao/gromacs_2020/bin/gmx_mpi: error while loading shared libraries: libc10.so: cannot open shared object file: No such file or directory
/mnt/home/lyuliyao/gromacs_2020/bin/gmx_mpi: error while loading shared libraries: libc10.so: cannot open shared object file: No such file or directory
/mnt/home/lyuliyao/gromacs_2020/bin/gmx_mpi: error while loading shared libraries: libc10.so: cannot open shared object file: No such file or directory
/mnt/home/lyuliyao/gromacs_2020/bin/gmx_mpi: error while loading shared libraries: libc10.so: cannot open shared object file: No such file or directory
/mnt/home/lyuliyao/gromacs_2020/bin/gmx_mpi: error while loading shared libraries: libc10.so: cannot open shared object file: No such file or directory
/mnt/home/lyuliyao/gromacs_2020/bin/gmx_mpi: error while loading shared libraries: libc10.so: cannot open shared object file: No such file or directory
/mnt/home/lyuliyao/gromacs_2020/bin/gmx_mpi: error while loading shared libraries: libc10.so: cannot open shared object file: No such file or directory
/mnt/home/lyuliyao/gromacs_2020/bin/gmx_mpi: error while loading shared libraries: libc10.so: cannot open shared object file: No such file or directory
/mnt/home/lyuliyao/gromacs_2020/bin/gmx_mpi: error while loading shared libraries: libc10.so: cannot open shared object file: No such file or directory
/mnt/home/lyuliyao/gromacs_2020/bin/gmx_mpi: error while loading shared libraries: libc10.so: cannot open shared object file: No such file or directory
/mnt/home/lyuliyao/gromacs_2020/bin/gmx_mpi: error while loading shared libraries: libc10.so: cannot open shared object file: No such file or directory
/mnt/home/lyuliyao/gromacs_2020/bin/gmx_mpi: error while loading shared libraries: libc10.so: cannot open shared object file: No such file or directory
/mnt/home/lyuliyao/gromacs_2020/bin/gmx_mpi: error while loading shared libraries: libc10.so: cannot open shared object file: No such file or directory
/mnt/home/lyuliyao/gromacs_2020/bin/gmx_mpi: error while loading shared libraries: libc10.so: cannot open shared object file: No such file or directory
/mnt/home/lyuliyao/gromacs_2020/bin/gmx_mpi: error while loading shared libraries: libc10.so: cannot open shared object file: No such file or directory
/mnt/home/lyuliyao/gromacs_2020/bin/gmx_mpi: error while loading shared libraries: libc10.so: cannot open shared object file: No such file or directory
/mnt/home/lyuliyao/gromacs_2020/bin/gmx_mpi: error while loading shared libraries: libc10.so: cannot open shared object file: No such file or directory
/mnt/home/lyuliyao/gromacs_2020/bin/gmx_mpi: error while loading shared libraries: libc10.so: cannot open shared object file: No such file or directory
/mnt/home/lyuliyao/gromacs_2020/bin/gmx_mpi: error while loading shared libraries: libc10.so: cannot open shared object file: No such file or directory
/mnt/home/lyuliyao/gromacs_2020/bin/gmx_mpi: error while loading shared libraries: libc10.so: cannot open shared object file: No such file or directory
/mnt/home/lyuliyao/gromacs_2020/bin/gmx_mpi: error while loading shared libraries: libc10.so: cannot open shared object file: No such file or directory
/mnt/home/lyuliyao/gromacs_2020/bin/gmx_mpi: error while loading shared libraries: libc10.so: cannot open shared object file: No such file or directory
/mnt/home/lyuliyao/gromacs_2020/bin/gmx_mpi: error while loading shared libraries: libc10.so: cannot open shared object file: No such file or directory
/mnt/home/lyuliyao/gromacs_2020/bin/gmx_mpi: error while loading shared libraries: libc10.so: cannot open shared object file: No such file or directory
/mnt/home/lyuliyao/gromacs_2020/bin/gmx_mpi: error while loading shared libraries: libc10.so: cannot open shared object file: No such file or directory
/mnt/home/lyuliyao/gromacs_2020/bin/gmx_mpi: error while loading shared libraries: libc10.so: cannot open shared object file: No such file or directory
/mnt/home/lyuliyao/gromacs_2020/bin/gmx_mpi: error while loading shared libraries: libc10.so: cannot open shared object file: No such file or directory
/mnt/home/lyuliyao/gromacs_2020/bin/gmx_mpi: error while loading shared libraries: libc10.so: cannot open shared object file: No such file or directory
/mnt/home/lyuliyao/gromacs_2020/bin/gmx_mpi: error while loading shared libraries: libc10.so: cannot open shared object file: No such file or directory
/mnt/home/lyuliyao/gromacs_2020/bin/gmx_mpi: error while loading shared libraries: libc10.so: cannot open shared object file: No such file or directory
/mnt/home/lyuliyao/gromacs_2020/bin/gmx_mpi: error while loading shared libraries: libc10.so: cannot open shared object file: No such file or directory
/mnt/home/lyuliyao/gromacs_2020/bin/gmx_mpi: error while loading shared libraries: libc10.so: cannot open shared object file: No such file or directory
/mnt/home/lyuliyao/gromacs_2020/bin/gmx_mpi: error while loading shared libraries: libc10.so: cannot open shared object file: No such file or directory
/mnt/home/lyuliyao/gromacs_2020/bin/gmx_mpi: error while loading shared libraries: libc10.so: cannot open shared object file: No such file or directory
/mnt/home/lyuliyao/gromacs_2020/bin/gmx_mpi: error while loading shared libraries: libc10.so: cannot open shared object file: No such file or directory
/mnt/home/lyuliyao/gromacs_2020/bin/gmx_mpi: error while loading shared libraries: libc10.so: cannot open shared object file: No such file or directory
/mnt/home/lyuliyao/gromacs_2020/bin/gmx_mpi: error while loading shared libraries: libc10.so: cannot open shared object file: No such file or directory
/mnt/home/lyuliyao/gromacs_2020/bin/gmx_mpi: error while loading shared libraries: libc10.so: cannot open shared object file: No such file or directory
/mnt/home/lyuliyao/gromacs_2020/bin/gmx_mpi: error while loading shared libraries: libc10.so: cannot open shared object file: No such file or directory
/mnt/home/lyuliyao/gromacs_2020/bin/gmx_mpi: error while loading shared libraries: libc10.so: cannot open shared object file: No such file or directory
/mnt/home/lyuliyao/gromacs_2020/bin/gmx_mpi: error while loading shared libraries: libc10.so: cannot open shared object file: No such file or directory
/mnt/home/lyuliyao/gromacs_2020/bin/gmx_mpi: error while loading shared libraries: libc10.so: cannot open shared object file: No such file or directory
/mnt/home/lyuliyao/gromacs_2020/bin/gmx_mpi: error while loading shared libraries: libc10.so: cannot open shared object file: No such file or directory
srun: error: amr-165: tasks 46-161: Exited with exit code 127
srun: error: amr-168: tasks 375-470: Exited with exit code 127
srun: error: amr-166: tasks 162-264: Exited with exit code 127
srun: error: amr-167: tasks 265-374: Exited with exit code 127
rm: 
Try 'rm --help' for more information.
rm: "bck.*": 
JobID                     Submit  Partition    CPUTime    Elapsed     MaxRSS        NodeList  ReqCPUS 
------------ ------------------- ---------- ---------- ---------- ---------- --------------- -------- 
20533658     2023-08-12T08:23:21 general-s+   03:33:20   00:00:25            amr-[164-170,1+      512 
20533658.ba+ 2023-08-18T04:07:37              00:19:10   00:00:25                    amr-164       46 
20533658.ex+ 2023-08-18T04:07:37              03:33:20   00:00:25            amr-[164-170,1+      512 
20533658.0   2023-08-18T04:07:42              00:00:46   00:00:01                    amr-164       46 
20533658.1   2023-08-18T04:07:43              00:00:46   00:00:01                    amr-164       46 
20533658.2   2023-08-18T04:07:47              00:01:32   00:00:02                    amr-164       46 
20533658.3   2023-08-18T04:07:49              01:50:56   00:00:13            amr-[164-170,1+      512 
