30
torch.Size([30, 1600])
./data_save/data2.npz
./data_save/data3.npz
./data_save/data4.npz
./data_save/data5.npz
./data_save/data6.npz
./data_save/data7.npz
./data_save/data8.npz
./data_save/data9.npz
./data_save/data10.npz
./data_save/data11.npz
./data_save/data12.npz
./data_save/data13.npz
./data_save/data14.npz
./data_save/data15.npz
./data_save/data16.npz
./data_save/data17.npz
./data_save/data18.npz
./data_save/data19.npz
./data_save/data20.npz
./data_save/data21.npz
./data_save/data22.npz
./data_save/data23.npz
./data_save/data24.npz
./data_save/data25.npz
./data_save/data26.npz
./data_save/data27.npz
./data_save/data28.npz
./data_save/data29.npz
./data_save/data30.npz
./data_save/data31.npz
./data_save/data32.npz
./data_save/data33.npz
./data_save/data34.npz
./data_save/data35.npz
./data_save/data36.npz
./data_save/data37.npz
./data_save/data38.npz
./data_save/data39.npz
./data_save/data40.npz
./data_save/data41.npz
./data_save/data42.npz
./data_save/data43.npz
./data_save/data44.npz
./data_save/data45.npz
./data_save/data46.npz
./data_save/data47.npz
./data_save/data48.npz
./data_save/data49.npz
./data_save/data50.npz
./data_save/data51.npz
./data_save/data52.npz
./data_save/data53.npz
./data_save/data54.npz
./data_save/data55.npz
./data_save/data56.npz
./data_save/data57.npz
./data_save/data58.npz
./data_save/data59.npz
./data_save/data60.npz
./data_save/data61.npz
./data_save/data62.npz
./data_save/data63.npz
./data_save/data64.npz
./data_save/data65.npz
./data_save/data66.npz
./data_save/data67.npz
./data_save/data68.npz
./data_save/data69.npz
./data_save/data70.npz
./data_save/data71.npz
./data_save/data72.npz
./data_save/data73.npz
./data_save/data74.npz
./data_save/data75.npz
./data_save/data76.npz
./data_save/data77.npz
./data_save/data78.npz
./data_save/data79.npz
./data_save/data80.npz
./data_save/data81.npz
./data_save/data82.npz
./data_save/data83.npz
./data_save/data84.npz
./data_save/data85.npz
./data_save/data86.npz
./data_save/data87.npz
./data_save/data88.npz
./data_save/data89.npz
./data_save/data90.npz
./data_save/data91.npz
./data_save/data92.npz
./data_save/data93.npz
./data_save/data94.npz
./data_save/data95.npz
./data_save/data96.npz
./data_save/data97.npz
./data_save/data98.npz
./data_save/data99.npz
./data_save/data100.npz
./data_save/data101.npz
./data_save/data102.npz
./data_save/data103.npz
./data_save/data104.npz
./data_save/data105.npz
./data_save/data106.npz
./data_save/data107.npz
./data_save/data108.npz
./data_save/data109.npz
./data_save/data110.npz
./data_save/data111.npz
./data_save/data112.npz
./data_save/data113.npz
./data_save/data114.npz
./data_save/data115.npz
./data_save/data116.npz
./data_save/data117.npz
./data_save/data118.npz
./data_save/data119.npz
./data_save/data120.npz
./data_save/data121.npz
./data_save/data122.npz
./data_save/data123.npz
./data_save/data124.npz
./data_save/data125.npz
./data_save/data126.npz
./data_save/data127.npz
./data_save/data128.npz
./data_save/data129.npz
./data_save/data130.npz
./data_save/data131.npz
./data_save/data132.npz
./data_save/data133.npz
./data_save/data134.npz
./data_save/data135.npz
./data_save/data136.npz
./data_save/data137.npz
./data_save/data138.npz
./data_save/data139.npz
./data_save/data140.npz
./data_save/data141.npz
./data_save/data142.npz
./data_save/data143.npz
./data_save/data144.npz
./data_save/data145.npz
./data_save/data146.npz
./data_save/data147.npz
./data_save/data148.npz
./data_save/data149.npz
./data_save/data150.npz
./data_save/data151.npz
./data_save/data152.npz
./data_save/data153.npz
./data_save/data154.npz
./data_save/data155.npz
./data_save/data156.npz
./data_save/data157.npz
./data_save/data158.npz
./data_save/data159.npz
./data_save/data160.npz
./data_save/data161.npz
./data_save/data162.npz
./data_save/data163.npz
./data_save/data164.npz
./data_save/data165.npz
./data_save/data166.npz
./data_save/data167.npz
./data_save/data168.npz
./data_save/data169.npz
./data_save/data170.npz
./data_save/data171.npz
./data_save/data172.npz
./data_save/data173.npz
./data_save/data174.npz
./data_save/data175.npz
./data_save/data176.npz
./data_save/data177.npz
./data_save/data178.npz
./data_save/data179.npz
./data_save/data180.npz
./data_save/data181.npz
./data_save/data182.npz
./data_save/data183.npz
./data_save/data184.npz
./data_save/data185.npz
./data_save/data186.npz
./data_save/data187.npz
./data_save/data188.npz
./data_save/data189.npz
./data_save/data190.npz
./data_save/data191.npz
./data_save/data192.npz
./data_save/data193.npz
./data_save/data194.npz
./data_save/data195.npz
./data_save/data196.npz
./data_save/data197.npz
./data_save/data198.npz
./data_save/data199.npz
./data_save/data200.npz
./data_save/data201.npz
./data_save/data202.npz
./data_save/data203.npz
./data_save/data204.npz
./data_save/data205.npz
./data_save/data206.npz
./data_save/data207.npz
./data_save/data208.npz
./data_save/data209.npz
./data_save/data210.npz
./data_save/data211.npz
./data_save/data212.npz
./data_save/data213.npz
./data_save/data214.npz
./data_save/data215.npz
./data_save/data216.npz
./data_save/data217.npz
./data_save/data218.npz
./data_save/data219.npz
./data_save/data220.npz
./data_save/data221.npz
./data_save/data222.npz
./data_save/data223.npz
./data_save/data224.npz
./data_save/data225.npz
torch.Size([30, 360000])
i=  1
loss1 = tensor(0.9914, device='cuda:0')
i=  101
loss1 = tensor(0.8994, device='cuda:0')
i=  201
loss1 = tensor(0.1767, device='cuda:0')
i=  301
loss1 = tensor(0.0408, device='cuda:0')
i=  401
loss1 = tensor(0.7116, device='cuda:0')
i=  501
loss1 = tensor(0.5116, device='cuda:0')
i=  601
loss1 = tensor(0.0461, device='cuda:0')
i=  701
loss1 = tensor(0.0312, device='cuda:0')
i=  801
loss1 = tensor(0.4755, device='cuda:0')
i=  901
loss1 = tensor(0.0722, device='cuda:0')
i=  1001
loss1 = tensor(0.0323, device='cuda:0')
i=  1101
loss1 = tensor(0.4312, device='cuda:0')
i=  1201
loss1 = tensor(0.4339, device='cuda:0')
i=  1301
loss1 = tensor(0.0355, device='cuda:0')
i=  1401
loss1 = tensor(0.0259, device='cuda:0')
i=  1501
loss1 = tensor(0.4148, device='cuda:0')
i=  1601
loss1 = tensor(0.1001, device='cuda:0')
i=  1701
loss1 = tensor(0.0269, device='cuda:0')
i=  1801
loss1 = tensor(0.3891, device='cuda:0')
i=  1901
loss1 = tensor(0.4056, device='cuda:0')
i=  2001
loss1 = tensor(0.0334, device='cuda:0')
i=  2101
loss1 = tensor(0.0225, device='cuda:0')
i=  2201
loss1 = tensor(0.3757, device='cuda:0')
i=  2301
loss1 = tensor(0.3420, device='cuda:0')
i=  2401
loss1 = tensor(0.0249, device='cuda:0')
i=  2501
loss1 = tensor(0.0196, device='cuda:0')
i=  2601
loss1 = tensor(0.3574, device='cuda:0')
i=  2701
loss1 = tensor(0.0376, device='cuda:0')
i=  2801
loss1 = tensor(0.0208, device='cuda:0')
i=  2901
loss1 = tensor(0.3213, device='cuda:0')
i=  3001
loss1 = tensor(0.3440, device='cuda:0')
i=  3101
loss1 = tensor(0.0235, device='cuda:0')
i=  3201
loss1 = tensor(0.0180, device='cuda:0')
i=  3301
loss1 = tensor(0.3363, device='cuda:0')
i=  3401
loss1 = tensor(0.0674, device='cuda:0')
i=  3501
loss1 = tensor(0.0192, device='cuda:0')
i=  3601
loss1 = tensor(0.3173, device='cuda:0')
i=  3701
loss1 = tensor(0.3445, device='cuda:0')
i=  3801
loss1 = tensor(0.0239, device='cuda:0')
i=  3901
loss1 = tensor(0.0167, device='cuda:0')
i=  4001
loss1 = tensor(0.3207, device='cuda:0')
i=  4101
loss1 = tensor(0.2935, device='cuda:0')
i=  4201
loss1 = tensor(0.0185, device='cuda:0')
i=  4301
loss1 = tensor(0.0149, device='cuda:0')
i=  4401
loss1 = tensor(0.3113, device='cuda:0')
i=  4501
loss1 = tensor(0.0281, device='cuda:0')
i=  4601
loss1 = tensor(0.0159, device='cuda:0')
i=  4701
loss1 = tensor(0.2749, device='cuda:0')
i=  4801
loss1 = tensor(0.3008, device='cuda:0')
i=  4901
loss1 = tensor(0.0180, device='cuda:0')
i=  5001
loss1 = tensor(0.0140, device='cuda:0')
i=  5101
loss1 = tensor(0.2931, device='cuda:0')
i=  5201
loss1 = tensor(0.0526, device='cuda:0')
i=  5301
loss1 = tensor(0.0150, device='cuda:0')
i=  5401
loss1 = tensor(0.2807, device='cuda:0')
i=  5501
loss1 = tensor(0.3054, device='cuda:0')
i=  5601
loss1 = tensor(0.0184, device='cuda:0')
i=  5701
loss1 = tensor(0.0132, device='cuda:0')
i=  5801
loss1 = tensor(0.2785, device='cuda:0')
i=  5901
loss1 = tensor(0.2658, device='cuda:0')
i=  6001
loss1 = tensor(0.0145, device='cuda:0')
i=  6101
loss1 = tensor(0.0119, device='cuda:0')
i=  6201
loss1 = tensor(0.2787, device='cuda:0')
i=  6301
loss1 = tensor(0.0223, device='cuda:0')
i=  6401
loss1 = tensor(0.0125, device='cuda:0')
i=  6501
loss1 = tensor(0.2441, device='cuda:0')
i=  6601
loss1 = tensor(0.2688, device='cuda:0')
i=  6701
loss1 = tensor(0.0142, device='cuda:0')
i=  6801
loss1 = tensor(0.0112, device='cuda:0')
i=  6901
loss1 = tensor(0.2651, device='cuda:0')
i=  7001
loss1 = tensor(0.0445, device='cuda:0')
i=  7101
loss1 = tensor(0.0120, device='cuda:0')
i=  7201
loss1 = tensor(0.2476, device='cuda:0')
i=  7301
loss1 = tensor(0.2816, device='cuda:0')
i=  7401
loss1 = tensor(0.0150, device='cuda:0')
i=  7501
loss1 = tensor(0.0106, device='cuda:0')
i=  7601
loss1 = tensor(0.2560, device='cuda:0')
i=  7701
loss1 = tensor(0.2461, device='cuda:0')
i=  7801
loss1 = tensor(0.0117, device='cuda:0')
i=  7901
loss1 = tensor(0.0096, device='cuda:0')
i=  8001
loss1 = tensor(0.2492, device='cuda:0')
i=  8101
loss1 = tensor(0.0191, device='cuda:0')
i=  8201
loss1 = tensor(0.0102, device='cuda:0')
i=  8301
loss1 = tensor(0.2224, device='cuda:0')
i=  8401
loss1 = tensor(0.2474, device='cuda:0')
i=  8501
loss1 = tensor(0.0119, device='cuda:0')
i=  8601
loss1 = tensor(0.0091, device='cuda:0')
i=  8701
loss1 = tensor(0.2475, device='cuda:0')
i=  8801
loss1 = tensor(0.0397, device='cuda:0')
i=  8901
loss1 = tensor(0.0100, device='cuda:0')
i=  9001
loss1 = tensor(0.2294, device='cuda:0')
i=  9101
loss1 = tensor(0.2642, device='cuda:0')
i=  9201
loss1 = tensor(0.0126, device='cuda:0')
i=  9301
loss1 = tensor(0.0089, device='cuda:0')
i=  9401
loss1 = tensor(0.2378, device='cuda:0')
i=  9501
loss1 = tensor(0.2303, device='cuda:0')
i=  9601
loss1 = tensor(0.0098, device='cuda:0')
i=  9701
loss1 = tensor(0.0080, device='cuda:0')
i=  9801
loss1 = tensor(0.2330, device='cuda:0')
i=  9901
loss1 = tensor(0.0167, device='cuda:0')
i=  10001
loss1 = tensor(0.0085, device='cuda:0')
i=  10101
loss1 = tensor(0.2093, device='cuda:0')
i=  10201
loss1 = tensor(0.2331, device='cuda:0')
i=  10301
loss1 = tensor(0.0102, device='cuda:0')
i=  10401
loss1 = tensor(0.0078, device='cuda:0')
i=  10501
loss1 = tensor(0.2326, device='cuda:0')
i=  10601
loss1 = tensor(0.0382, device='cuda:0')
i=  10701
loss1 = tensor(0.0086, device='cuda:0')
i=  10801
loss1 = tensor(0.2178, device='cuda:0')
i=  10901
loss1 = tensor(0.2488, device='cuda:0')
i=  11001
loss1 = tensor(0.0114, device='cuda:0')
i=  11101
loss1 = tensor(0.0078, device='cuda:0')
i=  11201
loss1 = tensor(0.2249, device='cuda:0')
i=  11301
loss1 = tensor(0.2217, device='cuda:0')
i=  11401
loss1 = tensor(0.0088, device='cuda:0')
i=  11501
loss1 = tensor(0.0071, device='cuda:0')
i=  11601
loss1 = tensor(0.2233, device='cuda:0')
i=  11701
loss1 = tensor(0.0161, device='cuda:0')
i=  11801
loss1 = tensor(0.0078, device='cuda:0')
i=  11901
loss1 = tensor(0.2040, device='cuda:0')
i=  12001
loss1 = tensor(0.2259, device='cuda:0')
i=  12101
loss1 = tensor(0.0095, device='cuda:0')
i=  12201
loss1 = tensor(0.0070, device='cuda:0')
i=  12301
loss1 = tensor(0.2251, device='cuda:0')
i=  12401
loss1 = tensor(0.0388, device='cuda:0')
i=  12501
loss1 = tensor(0.0080, device='cuda:0')
i=  12601
loss1 = tensor(0.2147, device='cuda:0')
i=  12701
loss1 = tensor(0.2409, device='cuda:0')
i=  12801
loss1 = tensor(0.0107, device='cuda:0')
i=  12901
loss1 = tensor(0.0071, device='cuda:0')
i=  13001
loss1 = tensor(0.2175, device='cuda:0')
i=  13101
loss1 = tensor(0.2189, device='cuda:0')
i=  13201
loss1 = tensor(0.0082, device='cuda:0')
i=  13301
loss1 = tensor(0.0065, device='cuda:0')
i=  13401
loss1 = tensor(0.2177, device='cuda:0')
i=  13501
loss1 = tensor(0.0153, device='cuda:0')
i=  13601
loss1 = tensor(0.0072, device='cuda:0')
i=  13701
loss1 = tensor(0.1980, device='cuda:0')
i=  13801
loss1 = tensor(0.2173, device='cuda:0')
i=  13901
loss1 = tensor(0.0089, device='cuda:0')
i=  14001
loss1 = tensor(0.0065, device='cuda:0')
i=  14101
loss1 = tensor(0.2209, device='cuda:0')
i=  14201
loss1 = tensor(0.0366, device='cuda:0')
i=  14301
loss1 = tensor(0.0073, device='cuda:0')
i=  14401
loss1 = tensor(0.2065, device='cuda:0')
i=  14501
loss1 = tensor(0.2338, device='cuda:0')
i=  14601
loss1 = tensor(0.0101, device='cuda:0')
i=  14701
loss1 = tensor(0.0066, device='cuda:0')
i=  14801
loss1 = tensor(0.2090, device='cuda:0')
i=  14901
loss1 = tensor(0.2120, device='cuda:0')
i=  15001
loss1 = tensor(0.0075, device='cuda:0')
i=  15101
loss1 = tensor(0.0059, device='cuda:0')
i=  15201
loss1 = tensor(0.2118, device='cuda:0')
i=  15301
loss1 = tensor(0.0146, device='cuda:0')
i=  15401
loss1 = tensor(0.0065, device='cuda:0')
i=  15501
loss1 = tensor(0.1927, device='cuda:0')
i=  15601
loss1 = tensor(0.2152, device='cuda:0')
i=  15701
loss1 = tensor(0.0082, device='cuda:0')
i=  15801
loss1 = tensor(0.0058, device='cuda:0')
i=  15901
loss1 = tensor(0.2146, device='cuda:0')
i=  16001
loss1 = tensor(0.0360, device='cuda:0')
i=  16101
loss1 = tensor(0.0068, device='cuda:0')
i=  16201
loss1 = tensor(0.2002, device='cuda:0')
i=  16301
loss1 = tensor(0.2301, device='cuda:0')
i=  16401
loss1 = tensor(0.0092, device='cuda:0')
i=  16501
loss1 = tensor(0.0060, device='cuda:0')
i=  16601
loss1 = tensor(0.2039, device='cuda:0')
i=  16701
loss1 = tensor(0.2046, device='cuda:0')
i=  16801
loss1 = tensor(0.0069, device='cuda:0')
i=  16901
loss1 = tensor(0.0055, device='cuda:0')
i=  17001
loss1 = tensor(0.2043, device='cuda:0')
i=  17101
loss1 = tensor(0.0137, device='cuda:0')
i=  17201
loss1 = tensor(0.0060, device='cuda:0')
i=  17301
loss1 = tensor(0.1874, device='cuda:0')
i=  17401
loss1 = tensor(0.2076, device='cuda:0')
i=  17501
loss1 = tensor(0.0076, device='cuda:0')
i=  17601
loss1 = tensor(0.0053, device='cuda:0')
i=  17701
loss1 = tensor(0.2047, device='cuda:0')
i=  17801
loss1 = tensor(0.0356, device='cuda:0')
i=  17901
loss1 = tensor(0.0062, device='cuda:0')
i=  18001
loss1 = tensor(0.1962, device='cuda:0')
i=  18101
loss1 = tensor(0.2229, device='cuda:0')
i=  18201
loss1 = tensor(0.0086, device='cuda:0')
i=  18301
loss1 = tensor(0.0055, device='cuda:0')
i=  18401
loss1 = tensor(0.1948, device='cuda:0')
i=  18501
loss1 = tensor(0.1986, device='cuda:0')
i=  18601
loss1 = tensor(0.0062, device='cuda:0')
i=  18701
loss1 = tensor(0.0049, device='cuda:0')
i=  18801
loss1 = tensor(0.1957, device='cuda:0')
i=  18901
loss1 = tensor(0.0128, device='cuda:0')
i=  19001
loss1 = tensor(0.0055, device='cuda:0')
i=  19101
loss1 = tensor(0.1806, device='cuda:0')
i=  19201
loss1 = tensor(0.1991, device='cuda:0')
i=  19301
loss1 = tensor(0.0069, device='cuda:0')
i=  19401
loss1 = tensor(0.0049, device='cuda:0')
i=  19501
loss1 = tensor(0.1981, device='cuda:0')
i=  19601
loss1 = tensor(0.0337, device='cuda:0')
i=  19701
loss1 = tensor(0.0057, device='cuda:0')
i=  19801
loss1 = tensor(0.1907, device='cuda:0')
i=  19901
loss1 = tensor(0.2149, device='cuda:0')
i=  20001
loss1 = tensor(0.0080, device='cuda:0')
i=  20101
loss1 = tensor(0.0051, device='cuda:0')
i=  20201
loss1 = tensor(0.1877, device='cuda:0')
i=  20301
loss1 = tensor(0.1957, device='cuda:0')
i=  20401
loss1 = tensor(0.0058, device='cuda:0')
i=  20501
loss1 = tensor(0.0046, device='cuda:0')
i=  20601
loss1 = tensor(0.1879, device='cuda:0')
i=  20701
loss1 = tensor(0.0121, device='cuda:0')
i=  20801
loss1 = tensor(0.0051, device='cuda:0')
i=  20901
loss1 = tensor(0.1781, device='cuda:0')
i=  21001
loss1 = tensor(0.1951, device='cuda:0')
i=  21101
loss1 = tensor(0.0065, device='cuda:0')
i=  21201
loss1 = tensor(0.0046, device='cuda:0')
i=  21301
loss1 = tensor(0.1898, device='cuda:0')
i=  21401
loss1 = tensor(0.0320, device='cuda:0')
i=  21501
loss1 = tensor(0.0053, device='cuda:0')
i=  21601
loss1 = tensor(0.1849, device='cuda:0')
i=  21701
loss1 = tensor(0.2098, device='cuda:0')
i=  21801
loss1 = tensor(0.0076, device='cuda:0')
i=  21901
loss1 = tensor(0.0048, device='cuda:0')
i=  22001
loss1 = tensor(0.1833, device='cuda:0')
i=  22101
loss1 = tensor(0.1869, device='cuda:0')
i=  22201
loss1 = tensor(0.0054, device='cuda:0')
i=  22301
loss1 = tensor(0.0042, device='cuda:0')
i=  22401
loss1 = tensor(0.1857, device='cuda:0')
i=  22501
loss1 = tensor(0.0117, device='cuda:0')
i=  22601
loss1 = tensor(0.0047, device='cuda:0')
i=  22701
loss1 = tensor(0.1735, device='cuda:0')
i=  22801
loss1 = tensor(0.1910, device='cuda:0')
i=  22901
loss1 = tensor(0.0061, device='cuda:0')
i=  23001
loss1 = tensor(0.0043, device='cuda:0')
i=  23101
loss1 = tensor(0.1888, device='cuda:0')
i=  23201
loss1 = tensor(0.0324, device='cuda:0')
i=  23301
loss1 = tensor(0.0051, device='cuda:0')
i=  23401
loss1 = tensor(0.1817, device='cuda:0')
i=  23501
loss1 = tensor(0.2041, device='cuda:0')
i=  23601
loss1 = tensor(0.0073, device='cuda:0')
i=  23701
loss1 = tensor(0.0045, device='cuda:0')
i=  23801
loss1 = tensor(0.1799, device='cuda:0')
i=  23901
loss1 = tensor(0.1860, device='cuda:0')
i=  24001
loss1 = tensor(0.0053, device='cuda:0')
i=  24101
loss1 = tensor(0.0041, device='cuda:0')
i=  24201
loss1 = tensor(0.1823, device='cuda:0')
i=  24301
loss1 = tensor(0.0115, device='cuda:0')
i=  24401
loss1 = tensor(0.0045, device='cuda:0')
i=  24501
loss1 = tensor(0.1720, device='cuda:0')
i=  24601
loss1 = tensor(0.1890, device='cuda:0')
i=  24701
loss1 = tensor(0.0059, device='cuda:0')
i=  24801
loss1 = tensor(0.0041, device='cuda:0')
i=  24901
loss1 = tensor(0.1849, device='cuda:0')
i=  25001
loss1 = tensor(0.0329, device='cuda:0')
i=  25101
loss1 = tensor(0.0049, device='cuda:0')
i=  25201
loss1 = tensor(0.1780, device='cuda:0')
i=  25301
loss1 = tensor(0.1972, device='cuda:0')
i=  25401
loss1 = tensor(0.0070, device='cuda:0')
i=  25501
loss1 = tensor(0.0043, device='cuda:0')
i=  25601
loss1 = tensor(0.1783, device='cuda:0')
i=  25701
loss1 = tensor(0.1882, device='cuda:0')
i=  25801
loss1 = tensor(0.0050, device='cuda:0')
i=  25901
loss1 = tensor(0.0039, device='cuda:0')
i=  26001
loss1 = tensor(0.1803, device='cuda:0')
i=  26101
loss1 = tensor(0.0115, device='cuda:0')
i=  26201
loss1 = tensor(0.0044, device='cuda:0')
i=  26301
loss1 = tensor(0.1682, device='cuda:0')
i=  26401
loss1 = tensor(0.1810, device='cuda:0')
i=  26501
loss1 = tensor(0.0057, device='cuda:0')
i=  26601
loss1 = tensor(0.0039, device='cuda:0')
i=  26701
loss1 = tensor(0.1843, device='cuda:0')
i=  26801
loss1 = tensor(0.0308, device='cuda:0')
i=  26901
loss1 = tensor(0.0046, device='cuda:0')
i=  27001
loss1 = tensor(0.1748, device='cuda:0')
i=  27101
loss1 = tensor(0.1956, device='cuda:0')
i=  27201
loss1 = tensor(0.0068, device='cuda:0')
i=  27301
loss1 = tensor(0.0040, device='cuda:0')
i=  27401
loss1 = tensor(0.1721, device='cuda:0')
i=  27501
loss1 = tensor(0.1776, device='cuda:0')
i=  27601
loss1 = tensor(0.0048, device='cuda:0')
i=  27701
loss1 = tensor(0.0037, device='cuda:0')
i=  27801
loss1 = tensor(0.1759, device='cuda:0')
i=  27901
loss1 = tensor(0.0107, device='cuda:0')
i=  28001
loss1 = tensor(0.0041, device='cuda:0')
i=  28101
loss1 = tensor(0.1647, device='cuda:0')
i=  28201
loss1 = tensor(0.1783, device='cuda:0')
i=  28301
loss1 = tensor(0.0054, device='cuda:0')
i=  28401
loss1 = tensor(0.0037, device='cuda:0')
i=  28501
loss1 = tensor(0.1811, device='cuda:0')
i=  28601
loss1 = tensor(0.0302, device='cuda:0')
i=  28701
loss1 = tensor(0.0044, device='cuda:0')
i=  28801
loss1 = tensor(0.1732, device='cuda:0')
i=  28901
loss1 = tensor(0.1993, device='cuda:0')
i=  29001
loss1 = tensor(0.0065, device='cuda:0')
i=  29101
loss1 = tensor(0.0039, device='cuda:0')
i=  29201
loss1 = tensor(0.1726, device='cuda:0')
i=  29301
loss1 = tensor(0.1783, device='cuda:0')
i=  29401
loss1 = tensor(0.0047, device='cuda:0')
i=  29501
loss1 = tensor(0.0036, device='cuda:0')
i=  29601
loss1 = tensor(0.1765, device='cuda:0')
i=  29701
loss1 = tensor(0.0110, device='cuda:0')
i=  29801
loss1 = tensor(0.0040, device='cuda:0')
i=  29901
loss1 = tensor(0.1623, device='cuda:0')
i=  30001
loss1 = tensor(0.1798, device='cuda:0')
i=  30101
loss1 = tensor(0.0054, device='cuda:0')
i=  30201
loss1 = tensor(0.0036, device='cuda:0')
i=  30301
loss1 = tensor(0.1788, device='cuda:0')
i=  30401
loss1 = tensor(0.0303, device='cuda:0')
i=  30501
loss1 = tensor(0.0044, device='cuda:0')
i=  30601
loss1 = tensor(0.1722, device='cuda:0')
i=  30701
loss1 = tensor(0.1990, device='cuda:0')
i=  30801
loss1 = tensor(0.0066, device='cuda:0')
i=  30901
loss1 = tensor(0.0038, device='cuda:0')
i=  31001
loss1 = tensor(0.1652, device='cuda:0')
i=  31101
loss1 = tensor(0.1784, device='cuda:0')
i=  31201
loss1 = tensor(0.0046, device='cuda:0')
i=  31301
loss1 = tensor(0.0034, device='cuda:0')
i=  31401
loss1 = tensor(0.1741, device='cuda:0')
i=  31501
loss1 = tensor(0.0107, device='cuda:0')
i=  31601
loss1 = tensor(0.0040, device='cuda:0')
i=  31701
loss1 = tensor(0.1614, device='cuda:0')
i=  31801
loss1 = tensor(0.1861, device='cuda:0')
i=  31901
loss1 = tensor(0.0054, device='cuda:0')
i=  32001
loss1 = tensor(0.0035, device='cuda:0')
i=  32101
loss1 = tensor(0.1786, device='cuda:0')
i=  32201
loss1 = tensor(0.0305, device='cuda:0')
i=  32301
loss1 = tensor(0.0044, device='cuda:0')
i=  32401
loss1 = tensor(0.1703, device='cuda:0')
i=  32501
loss1 = tensor(0.2086, device='cuda:0')
i=  32601
loss1 = tensor(0.0066, device='cuda:0')
i=  32701
loss1 = tensor(0.0039, device='cuda:0')
i=  32801
loss1 = tensor(0.1665, device='cuda:0')
i=  32901
loss1 = tensor(0.1810, device='cuda:0')
i=  33001
loss1 = tensor(0.0047, device='cuda:0')
i=  33101
loss1 = tensor(0.0035, device='cuda:0')
i=  33201
loss1 = tensor(0.1734, device='cuda:0')
i=  33301
loss1 = tensor(0.0113, device='cuda:0')
i=  33401
loss1 = tensor(0.0041, device='cuda:0')
i=  33501
loss1 = tensor(0.1633, device='cuda:0')
i=  33601
loss1 = tensor(0.1904, device='cuda:0')
i=  33701
loss1 = tensor(0.0056, device='cuda:0')
i=  33801
loss1 = tensor(0.0037, device='cuda:0')
i=  33901
loss1 = tensor(0.1740, device='cuda:0')
i=  34001
loss1 = tensor(0.0315, device='cuda:0')
i=  34101
loss1 = tensor(0.0045, device='cuda:0')
i=  34201
loss1 = tensor(0.1748, device='cuda:0')
i=  34301
loss1 = tensor(0.1998, device='cuda:0')
i=  34401
loss1 = tensor(0.0068, device='cuda:0')
i=  34501
loss1 = tensor(0.0039, device='cuda:0')
i=  34601
loss1 = tensor(0.1668, device='cuda:0')
i=  34701
loss1 = tensor(0.1827, device='cuda:0')
i=  34801
loss1 = tensor(0.0048, device='cuda:0')
i=  34901
loss1 = tensor(0.0035, device='cuda:0')
i=  35001
loss1 = tensor(0.1727, device='cuda:0')
i=  35101
loss1 = tensor(0.0109, device='cuda:0')
i=  35201
loss1 = tensor(0.0040, device='cuda:0')
i=  35301
loss1 = tensor(0.1616, device='cuda:0')
i=  35401
loss1 = tensor(0.1915, device='cuda:0')
i=  35501
loss1 = tensor(0.0053, device='cuda:0')
i=  35601
loss1 = tensor(0.0035, device='cuda:0')
i=  35701
loss1 = tensor(0.1731, device='cuda:0')
i=  35801
loss1 = tensor(0.0304, device='cuda:0')
i=  35901
loss1 = tensor(0.0043, device='cuda:0')
i=  36001
loss1 = tensor(0.1699, device='cuda:0')
i=  36101
loss1 = tensor(0.1923, device='cuda:0')
i=  36201
loss1 = tensor(0.0064, device='cuda:0')
i=  36301
loss1 = tensor(0.0037, device='cuda:0')
i=  36401
loss1 = tensor(0.1602, device='cuda:0')
i=  36501
loss1 = tensor(0.1803, device='cuda:0')
i=  36601
loss1 = tensor(0.0045, device='cuda:0')
i=  36701
loss1 = tensor(0.0033, device='cuda:0')
i=  36801
loss1 = tensor(0.1674, device='cuda:0')
i=  36901
loss1 = tensor(0.0105, device='cuda:0')
i=  37001
loss1 = tensor(0.0038, device='cuda:0')
i=  37101
loss1 = tensor(0.1579, device='cuda:0')
i=  37201
loss1 = tensor(0.1774, device='cuda:0')
i=  37301
loss1 = tensor(0.0051, device='cuda:0')
i=  37401
loss1 = tensor(0.0033, device='cuda:0')
i=  37501
loss1 = tensor(0.1718, device='cuda:0')
i=  37601
loss1 = tensor(0.0293, device='cuda:0')
i=  37701
loss1 = tensor(0.0040, device='cuda:0')
i=  37801
loss1 = tensor(0.1673, device='cuda:0')
i=  37901
loss1 = tensor(0.1909, device='cuda:0')
i=  38001
loss1 = tensor(0.0060, device='cuda:0')
i=  38101
loss1 = tensor(0.0035, device='cuda:0')
i=  38201
loss1 = tensor(0.1598, device='cuda:0')
i=  38301
loss1 = tensor(0.1837, device='cuda:0')
i=  38401
loss1 = tensor(0.0042, device='cuda:0')
i=  38501
loss1 = tensor(0.0031, device='cuda:0')
i=  38601
loss1 = tensor(0.1631, device='cuda:0')
i=  38701
loss1 = tensor(0.0103, device='cuda:0')
i=  38801
loss1 = tensor(0.0036, device='cuda:0')
i=  38901
loss1 = tensor(0.1570, device='cuda:0')
i=  39001
loss1 = tensor(0.1734, device='cuda:0')
i=  39101
loss1 = tensor(0.0051, device='cuda:0')
i=  39201
loss1 = tensor(0.0032, device='cuda:0')
i=  39301
loss1 = tensor(0.1645, device='cuda:0')
i=  39401
loss1 = tensor(0.0299, device='cuda:0')
i=  39501
loss1 = tensor(0.0040, device='cuda:0')
i=  39601
loss1 = tensor(0.1667, device='cuda:0')
i=  39701
loss1 = tensor(0.1891, device='cuda:0')
i=  39801
loss1 = tensor(0.0062, device='cuda:0')
i=  39901
loss1 = tensor(0.0034, device='cuda:0')
i=  40001
loss1 = tensor(0.1569, device='cuda:0')
i=  40101
loss1 = tensor(0.1785, device='cuda:0')
i=  40201
loss1 = tensor(0.0042, device='cuda:0')
i=  40301
loss1 = tensor(0.0031, device='cuda:0')
i=  40401
loss1 = tensor(0.1609, device='cuda:0')
i=  40501
loss1 = tensor(0.0104, device='cuda:0')
i=  40601
loss1 = tensor(0.0036, device='cuda:0')
i=  40701
loss1 = tensor(0.1555, device='cuda:0')
i=  40801
loss1 = tensor(0.1766, device='cuda:0')
i=  40901
loss1 = tensor(0.0049, device='cuda:0')
i=  41001
loss1 = tensor(0.0031, device='cuda:0')
i=  41101
loss1 = tensor(0.1643, device='cuda:0')
i=  41201
loss1 = tensor(0.0330, device='cuda:0')
i=  41301
loss1 = tensor(0.0039, device='cuda:0')
i=  41401
loss1 = tensor(0.1638, device='cuda:0')
i=  41501
loss1 = tensor(0.1901, device='cuda:0')
i=  41601
loss1 = tensor(0.0062, device='cuda:0')
i=  41701
loss1 = tensor(0.0034, device='cuda:0')
i=  41801
loss1 = tensor(0.1587, device='cuda:0')
i=  41901
loss1 = tensor(0.1691, device='cuda:0')
i=  42001
loss1 = tensor(0.0041, device='cuda:0')
i=  42101
loss1 = tensor(0.0030, device='cuda:0')
i=  42201
loss1 = tensor(0.1570, device='cuda:0')
i=  42301
loss1 = tensor(0.0108, device='cuda:0')
i=  42401
loss1 = tensor(0.0035, device='cuda:0')
i=  42501
loss1 = tensor(0.1557, device='cuda:0')
i=  42601
loss1 = tensor(0.1767, device='cuda:0')
i=  42701
loss1 = tensor(0.0049, device='cuda:0')
i=  42801
loss1 = tensor(0.0031, device='cuda:0')
i=  42901
loss1 = tensor(0.1651, device='cuda:0')
i=  43001
loss1 = tensor(0.0324, device='cuda:0')
i=  43101
loss1 = tensor(0.0039, device='cuda:0')
i=  43201
loss1 = tensor(0.1603, device='cuda:0')
i=  43301
loss1 = tensor(0.1871, device='cuda:0')
i=  43401
loss1 = tensor(0.0060, device='cuda:0')
i=  43501
loss1 = tensor(0.0033, device='cuda:0')
i=  43601
loss1 = tensor(0.1579, device='cuda:0')
i=  43701
loss1 = tensor(0.1721, device='cuda:0')
i=  43801
loss1 = tensor(0.0042, device='cuda:0')
i=  43901
loss1 = tensor(0.0030, device='cuda:0')
i=  44001
loss1 = tensor(0.1562, device='cuda:0')
i=  44101
loss1 = tensor(0.0109, device='cuda:0')
i=  44201
loss1 = tensor(0.0036, device='cuda:0')
i=  44301
loss1 = tensor(0.1581, device='cuda:0')
i=  44401
loss1 = tensor(0.1794, device='cuda:0')
i=  44501
loss1 = tensor(0.0051, device='cuda:0')
i=  44601
loss1 = tensor(0.0031, device='cuda:0')
i=  44701
loss1 = tensor(0.1635, device='cuda:0')
i=  44801
loss1 = tensor(0.0326, device='cuda:0')
i=  44901
loss1 = tensor(0.0040, device='cuda:0')
i=  45001
loss1 = tensor(0.1648, device='cuda:0')
i=  45101
loss1 = tensor(0.1840, device='cuda:0')
i=  45201
loss1 = tensor(0.0065, device='cuda:0')
i=  45301
loss1 = tensor(0.0035, device='cuda:0')
i=  45401
loss1 = tensor(0.1620, device='cuda:0')
i=  45501
loss1 = tensor(0.1859, device='cuda:0')
i=  45601
loss1 = tensor(0.0043, device='cuda:0')
i=  45701
loss1 = tensor(0.0031, device='cuda:0')
i=  45801
loss1 = tensor(0.1584, device='cuda:0')
i=  45901
loss1 = tensor(0.0108, device='cuda:0')
i=  46001
loss1 = tensor(0.0036, device='cuda:0')
i=  46101
loss1 = tensor(0.1585, device='cuda:0')
i=  46201
loss1 = tensor(0.1743, device='cuda:0')
i=  46301
loss1 = tensor(0.0050, device='cuda:0')
i=  46401
loss1 = tensor(0.0032, device='cuda:0')
i=  46501
loss1 = tensor(0.1667, device='cuda:0')
i=  46601
loss1 = tensor(0.0307, device='cuda:0')
i=  46701
loss1 = tensor(0.0039, device='cuda:0')
i=  46801
loss1 = tensor(0.1655, device='cuda:0')
i=  46901
loss1 = tensor(0.1771, device='cuda:0')
i=  47001
loss1 = tensor(0.0061, device='cuda:0')
i=  47101
loss1 = tensor(0.0033, device='cuda:0')
i=  47201
loss1 = tensor(0.1591, device='cuda:0')
i=  47301
loss1 = tensor(0.1786, device='cuda:0')
i=  47401
loss1 = tensor(0.0041, device='cuda:0')
i=  47501
loss1 = tensor(0.0029, device='cuda:0')
i=  47601
loss1 = tensor(0.1521, device='cuda:0')
i=  47701
loss1 = tensor(0.0100, device='cuda:0')
i=  47801
loss1 = tensor(0.0033, device='cuda:0')
i=  47901
loss1 = tensor(0.1526, device='cuda:0')
i=  48001
loss1 = tensor(0.1655, device='cuda:0')
i=  48101
loss1 = tensor(0.0046, device='cuda:0')
i=  48201
loss1 = tensor(0.0030, device='cuda:0')
i=  48301
loss1 = tensor(0.1594, device='cuda:0')
i=  48401
loss1 = tensor(0.0296, device='cuda:0')
i=  48501
loss1 = tensor(0.0036, device='cuda:0')
i=  48601
loss1 = tensor(0.1577, device='cuda:0')
i=  48701
loss1 = tensor(0.1723, device='cuda:0')
i=  48801
loss1 = tensor(0.0055, device='cuda:0')
i=  48901
loss1 = tensor(0.0031, device='cuda:0')
i=  49001
loss1 = tensor(0.1510, device='cuda:0')
i=  49101
loss1 = tensor(0.1678, device='cuda:0')
i=  49201
loss1 = tensor(0.0037, device='cuda:0')
i=  49301
loss1 = tensor(0.0027, device='cuda:0')
i=  49401
loss1 = tensor(0.1486, device='cuda:0')
i=  49501
loss1 = tensor(0.0094, device='cuda:0')
i=  49601
loss1 = tensor(0.0031, device='cuda:0')
i=  49701
loss1 = tensor(0.1478, device='cuda:0')
i=  49801
loss1 = tensor(0.1564, device='cuda:0')
i=  49901
loss1 = tensor(0.0042, device='cuda:0')
JobID                     Submit  Partition    CPUTime    Elapsed     MaxRSS        NodeList  ReqCPUS 
------------ ------------------- ---------- ---------- ---------- ---------- --------------- -------- 
20534088     2023-08-12T08:25:36 general-s+   00:01:49   00:01:49                    nvf-016        1 
20534088.ba+ 2023-08-18T10:19:57              00:01:49   00:01:49                    nvf-016        1 
20534088.ex+ 2023-08-18T10:19:57              00:01:49   00:01:49                    nvf-016        1 
