30
torch.Size([30, 1600])
./data_save/data2.npz
./data_save/data3.npz
./data_save/data4.npz
./data_save/data5.npz
./data_save/data6.npz
./data_save/data7.npz
./data_save/data8.npz
./data_save/data9.npz
./data_save/data10.npz
./data_save/data11.npz
./data_save/data12.npz
./data_save/data13.npz
./data_save/data14.npz
./data_save/data15.npz
./data_save/data16.npz
./data_save/data17.npz
./data_save/data18.npz
./data_save/data19.npz
./data_save/data20.npz
./data_save/data21.npz
./data_save/data22.npz
./data_save/data23.npz
./data_save/data24.npz
./data_save/data25.npz
./data_save/data26.npz
./data_save/data27.npz
./data_save/data28.npz
./data_save/data29.npz
./data_save/data30.npz
./data_save/data31.npz
./data_save/data32.npz
./data_save/data33.npz
./data_save/data34.npz
./data_save/data35.npz
./data_save/data36.npz
./data_save/data37.npz
./data_save/data38.npz
./data_save/data39.npz
./data_save/data40.npz
./data_save/data41.npz
./data_save/data42.npz
./data_save/data43.npz
./data_save/data44.npz
./data_save/data45.npz
./data_save/data46.npz
./data_save/data47.npz
./data_save/data48.npz
./data_save/data49.npz
./data_save/data50.npz
./data_save/data51.npz
./data_save/data52.npz
./data_save/data53.npz
./data_save/data54.npz
./data_save/data55.npz
./data_save/data56.npz
./data_save/data57.npz
./data_save/data58.npz
./data_save/data59.npz
./data_save/data60.npz
./data_save/data61.npz
./data_save/data62.npz
./data_save/data63.npz
./data_save/data64.npz
./data_save/data65.npz
./data_save/data66.npz
./data_save/data67.npz
./data_save/data68.npz
./data_save/data69.npz
./data_save/data70.npz
./data_save/data71.npz
./data_save/data72.npz
./data_save/data73.npz
./data_save/data74.npz
./data_save/data75.npz
./data_save/data76.npz
./data_save/data77.npz
./data_save/data78.npz
./data_save/data79.npz
./data_save/data80.npz
./data_save/data81.npz
./data_save/data82.npz
./data_save/data83.npz
./data_save/data84.npz
./data_save/data85.npz
./data_save/data86.npz
./data_save/data87.npz
./data_save/data88.npz
./data_save/data89.npz
./data_save/data90.npz
./data_save/data91.npz
./data_save/data92.npz
./data_save/data93.npz
./data_save/data94.npz
./data_save/data95.npz
./data_save/data96.npz
./data_save/data97.npz
./data_save/data98.npz
./data_save/data99.npz
./data_save/data100.npz
./data_save/data101.npz
./data_save/data102.npz
./data_save/data103.npz
./data_save/data104.npz
./data_save/data105.npz
./data_save/data106.npz
./data_save/data107.npz
./data_save/data108.npz
./data_save/data109.npz
./data_save/data110.npz
./data_save/data111.npz
./data_save/data112.npz
./data_save/data113.npz
./data_save/data114.npz
./data_save/data115.npz
./data_save/data116.npz
./data_save/data117.npz
./data_save/data118.npz
./data_save/data119.npz
./data_save/data120.npz
./data_save/data121.npz
./data_save/data122.npz
./data_save/data123.npz
./data_save/data124.npz
./data_save/data125.npz
./data_save/data126.npz
./data_save/data127.npz
./data_save/data128.npz
./data_save/data129.npz
./data_save/data130.npz
./data_save/data131.npz
./data_save/data132.npz
./data_save/data133.npz
./data_save/data134.npz
./data_save/data135.npz
./data_save/data136.npz
./data_save/data137.npz
./data_save/data138.npz
./data_save/data139.npz
./data_save/data140.npz
./data_save/data141.npz
./data_save/data142.npz
./data_save/data143.npz
./data_save/data144.npz
./data_save/data145.npz
./data_save/data146.npz
./data_save/data147.npz
./data_save/data148.npz
./data_save/data149.npz
./data_save/data150.npz
./data_save/data151.npz
./data_save/data152.npz
./data_save/data153.npz
./data_save/data154.npz
./data_save/data155.npz
./data_save/data156.npz
./data_save/data157.npz
./data_save/data158.npz
./data_save/data159.npz
./data_save/data160.npz
./data_save/data161.npz
./data_save/data162.npz
./data_save/data163.npz
./data_save/data164.npz
./data_save/data165.npz
./data_save/data166.npz
./data_save/data167.npz
./data_save/data168.npz
./data_save/data169.npz
./data_save/data170.npz
./data_save/data171.npz
./data_save/data172.npz
./data_save/data173.npz
./data_save/data174.npz
./data_save/data175.npz
./data_save/data176.npz
./data_save/data177.npz
./data_save/data178.npz
./data_save/data179.npz
./data_save/data180.npz
./data_save/data181.npz
./data_save/data182.npz
./data_save/data183.npz
./data_save/data184.npz
./data_save/data185.npz
./data_save/data186.npz
./data_save/data187.npz
./data_save/data188.npz
./data_save/data189.npz
./data_save/data190.npz
./data_save/data191.npz
./data_save/data192.npz
./data_save/data193.npz
./data_save/data194.npz
./data_save/data195.npz
./data_save/data196.npz
./data_save/data197.npz
./data_save/data198.npz
./data_save/data199.npz
./data_save/data200.npz
./data_save/data201.npz
./data_save/data202.npz
./data_save/data203.npz
./data_save/data204.npz
./data_save/data205.npz
./data_save/data206.npz
./data_save/data207.npz
./data_save/data208.npz
./data_save/data209.npz
./data_save/data210.npz
./data_save/data211.npz
./data_save/data212.npz
./data_save/data213.npz
torch.Size([30, 340800])
i=  1
loss1 = tensor(0.9903, device='cuda:0')
i=  101
loss1 = tensor(0.8986, device='cuda:0')
i=  201
loss1 = tensor(0.1703, device='cuda:0')
i=  301
loss1 = tensor(0.0425, device='cuda:0')
i=  401
loss1 = tensor(0.6304, device='cuda:0')
i=  501
loss1 = tensor(0.2110, device='cuda:0')
i=  601
loss1 = tensor(0.0419, device='cuda:0')
i=  701
loss1 = tensor(0.5190, device='cuda:0')
i=  801
loss1 = tensor(0.4625, device='cuda:0')
i=  901
loss1 = tensor(0.0422, device='cuda:0')
i=  1001
loss1 = tensor(0.0300, device='cuda:0')
i=  1101
loss1 = tensor(0.4254, device='cuda:0')
i=  1201
loss1 = tensor(0.0571, device='cuda:0')
i=  1301
loss1 = tensor(0.0296, device='cuda:0')
i=  1401
loss1 = tensor(0.4146, device='cuda:0')
i=  1501
loss1 = tensor(0.3594, device='cuda:0')
i=  1601
loss1 = tensor(0.0305, device='cuda:0')
i=  1701
loss1 = tensor(0.3761, device='cuda:0')
i=  1801
loss1 = tensor(0.4010, device='cuda:0')
i=  1901
loss1 = tensor(0.0346, device='cuda:0')
i=  2001
loss1 = tensor(0.0237, device='cuda:0')
i=  2101
loss1 = tensor(0.3721, device='cuda:0')
i=  2201
loss1 = tensor(0.0807, device='cuda:0')
i=  2301
loss1 = tensor(0.0240, device='cuda:0')
i=  2401
loss1 = tensor(0.3372, device='cuda:0')
i=  2501
loss1 = tensor(0.3464, device='cuda:0')
i=  2601
loss1 = tensor(0.0258, device='cuda:0')
i=  2701
loss1 = tensor(0.0201, device='cuda:0')
i=  2801
loss1 = tensor(0.3296, device='cuda:0')
i=  2901
loss1 = tensor(0.0358, device='cuda:0')
i=  3001
loss1 = tensor(0.0205, device='cuda:0')
i=  3101
loss1 = tensor(0.3287, device='cuda:0')
i=  3201
loss1 = tensor(0.3071, device='cuda:0')
i=  3301
loss1 = tensor(0.0213, device='cuda:0')
i=  3401
loss1 = tensor(0.3073, device='cuda:0')
i=  3501
loss1 = tensor(0.3345, device='cuda:0')
i=  3601
loss1 = tensor(0.0247, device='cuda:0')
i=  3701
loss1 = tensor(0.0174, device='cuda:0')
i=  3801
loss1 = tensor(0.3196, device='cuda:0')
i=  3901
loss1 = tensor(0.0603, device='cuda:0')
i=  4001
loss1 = tensor(0.0180, device='cuda:0')
i=  4101
loss1 = tensor(0.2838, device='cuda:0')
i=  4201
loss1 = tensor(0.2992, device='cuda:0')
i=  4301
loss1 = tensor(0.0194, device='cuda:0')
i=  4401
loss1 = tensor(0.0154, device='cuda:0')
i=  4501
loss1 = tensor(0.2885, device='cuda:0')
i=  4601
loss1 = tensor(0.0271, device='cuda:0')
i=  4701
loss1 = tensor(0.0156, device='cuda:0')
i=  4801
loss1 = tensor(0.2887, device='cuda:0')
i=  4901
loss1 = tensor(0.2680, device='cuda:0')
i=  5001
loss1 = tensor(0.0164, device='cuda:0')
i=  5101
loss1 = tensor(0.2681, device='cuda:0')
i=  5201
loss1 = tensor(0.2966, device='cuda:0')
i=  5301
loss1 = tensor(0.0191, device='cuda:0')
i=  5401
loss1 = tensor(0.0136, device='cuda:0')
i=  5501
loss1 = tensor(0.2836, device='cuda:0')
i=  5601
loss1 = tensor(0.0480, device='cuda:0')
i=  5701
loss1 = tensor(0.0140, device='cuda:0')
i=  5801
loss1 = tensor(0.2483, device='cuda:0')
i=  5901
loss1 = tensor(0.2731, device='cuda:0')
i=  6001
loss1 = tensor(0.0152, device='cuda:0')
i=  6101
loss1 = tensor(0.0121, device='cuda:0')
i=  6201
loss1 = tensor(0.2651, device='cuda:0')
i=  6301
loss1 = tensor(0.0219, device='cuda:0')
i=  6401
loss1 = tensor(0.0125, device='cuda:0')
i=  6501
loss1 = tensor(0.2569, device='cuda:0')
i=  6601
loss1 = tensor(0.2471, device='cuda:0')
i=  6701
loss1 = tensor(0.0131, device='cuda:0')
i=  6801
loss1 = tensor(0.2391, device='cuda:0')
i=  6901
loss1 = tensor(0.2743, device='cuda:0')
i=  7001
loss1 = tensor(0.0153, device='cuda:0')
i=  7101
loss1 = tensor(0.0110, device='cuda:0')
i=  7201
loss1 = tensor(0.2593, device='cuda:0')
i=  7301
loss1 = tensor(0.0426, device='cuda:0')
i=  7401
loss1 = tensor(0.0116, device='cuda:0')
i=  7501
loss1 = tensor(0.2285, device='cuda:0')
i=  7601
loss1 = tensor(0.2523, device='cuda:0')
i=  7701
loss1 = tensor(0.0128, device='cuda:0')
i=  7801
loss1 = tensor(0.0100, device='cuda:0')
i=  7901
loss1 = tensor(0.2463, device='cuda:0')
i=  8001
loss1 = tensor(0.0189, device='cuda:0')
i=  8101
loss1 = tensor(0.0102, device='cuda:0')
i=  8201
loss1 = tensor(0.2410, device='cuda:0')
i=  8301
loss1 = tensor(0.2296, device='cuda:0')
i=  8401
loss1 = tensor(0.0109, device='cuda:0')
i=  8501
loss1 = tensor(0.2234, device='cuda:0')
i=  8601
loss1 = tensor(0.2576, device='cuda:0')
i=  8701
loss1 = tensor(0.0130, device='cuda:0')
i=  8801
loss1 = tensor(0.0093, device='cuda:0')
i=  8901
loss1 = tensor(0.2422, device='cuda:0')
i=  9001
loss1 = tensor(0.0394, device='cuda:0')
i=  9101
loss1 = tensor(0.0099, device='cuda:0')
i=  9201
loss1 = tensor(0.2137, device='cuda:0')
i=  9301
loss1 = tensor(0.2358, device='cuda:0')
i=  9401
loss1 = tensor(0.0110, device='cuda:0')
i=  9501
loss1 = tensor(0.0085, device='cuda:0')
i=  9601
loss1 = tensor(0.2306, device='cuda:0')
i=  9701
loss1 = tensor(0.0171, device='cuda:0')
i=  9801
loss1 = tensor(0.0090, device='cuda:0')
i=  9901
loss1 = tensor(0.2247, device='cuda:0')
i=  10001
loss1 = tensor(0.2176, device='cuda:0')
i=  10101
loss1 = tensor(0.0098, device='cuda:0')
i=  10201
loss1 = tensor(0.2111, device='cuda:0')
i=  10301
loss1 = tensor(0.2485, device='cuda:0')
i=  10401
loss1 = tensor(0.0117, device='cuda:0')
i=  10501
loss1 = tensor(0.0081, device='cuda:0')
i=  10601
loss1 = tensor(0.2327, device='cuda:0')
i=  10701
loss1 = tensor(0.0373, device='cuda:0')
i=  10801
loss1 = tensor(0.0086, device='cuda:0')
i=  10901
loss1 = tensor(0.2070, device='cuda:0')
i=  11001
loss1 = tensor(0.2278, device='cuda:0')
i=  11101
loss1 = tensor(0.0098, device='cuda:0')
i=  11201
loss1 = tensor(0.0075, device='cuda:0')
i=  11301
loss1 = tensor(0.2208, device='cuda:0')
i=  11401
loss1 = tensor(0.0157, device='cuda:0')
i=  11501
loss1 = tensor(0.0079, device='cuda:0')
i=  11601
loss1 = tensor(0.2144, device='cuda:0')
i=  11701
loss1 = tensor(0.2088, device='cuda:0')
i=  11801
loss1 = tensor(0.0086, device='cuda:0')
i=  11901
loss1 = tensor(0.2030, device='cuda:0')
i=  12001
loss1 = tensor(0.2384, device='cuda:0')
i=  12101
loss1 = tensor(0.0107, device='cuda:0')
i=  12201
loss1 = tensor(0.0074, device='cuda:0')
i=  12301
loss1 = tensor(0.2280, device='cuda:0')
i=  12401
loss1 = tensor(0.0367, device='cuda:0')
i=  12501
loss1 = tensor(0.0080, device='cuda:0')
i=  12601
loss1 = tensor(0.1979, device='cuda:0')
i=  12701
loss1 = tensor(0.2180, device='cuda:0')
i=  12801
loss1 = tensor(0.0091, device='cuda:0')
i=  12901
loss1 = tensor(0.0069, device='cuda:0')
i=  13001
loss1 = tensor(0.2147, device='cuda:0')
i=  13101
loss1 = tensor(0.0151, device='cuda:0')
i=  13201
loss1 = tensor(0.0074, device='cuda:0')
i=  13301
loss1 = tensor(0.2085, device='cuda:0')
i=  13401
loss1 = tensor(0.2095, device='cuda:0')
i=  13501
loss1 = tensor(0.0082, device='cuda:0')
i=  13601
loss1 = tensor(0.1974, device='cuda:0')
i=  13701
loss1 = tensor(0.2371, device='cuda:0')
i=  13801
loss1 = tensor(0.0103, device='cuda:0')
i=  13901
loss1 = tensor(0.0069, device='cuda:0')
i=  14001
loss1 = tensor(0.2165, device='cuda:0')
i=  14101
loss1 = tensor(0.0363, device='cuda:0')
i=  14201
loss1 = tensor(0.0075, device='cuda:0')
i=  14301
loss1 = tensor(0.1925, device='cuda:0')
i=  14401
loss1 = tensor(0.2132, device='cuda:0')
i=  14501
loss1 = tensor(0.0086, device='cuda:0')
i=  14601
loss1 = tensor(0.0064, device='cuda:0')
i=  14701
loss1 = tensor(0.2093, device='cuda:0')
i=  14801
loss1 = tensor(0.0146, device='cuda:0')
i=  14901
loss1 = tensor(0.0069, device='cuda:0')
i=  15001
loss1 = tensor(0.1984, device='cuda:0')
i=  15101
loss1 = tensor(0.2067, device='cuda:0')
i=  15201
loss1 = tensor(0.0077, device='cuda:0')
i=  15301
loss1 = tensor(0.1924, device='cuda:0')
i=  15401
loss1 = tensor(0.2282, device='cuda:0')
i=  15501
loss1 = tensor(0.0098, device='cuda:0')
i=  15601
loss1 = tensor(0.0064, device='cuda:0')
i=  15701
loss1 = tensor(0.2075, device='cuda:0')
i=  15801
loss1 = tensor(0.0358, device='cuda:0')
i=  15901
loss1 = tensor(0.0070, device='cuda:0')
i=  16001
loss1 = tensor(0.1876, device='cuda:0')
i=  16101
loss1 = tensor(0.2095, device='cuda:0')
i=  16201
loss1 = tensor(0.0082, device='cuda:0')
i=  16301
loss1 = tensor(0.0060, device='cuda:0')
i=  16401
loss1 = tensor(0.2060, device='cuda:0')
i=  16501
loss1 = tensor(0.0144, device='cuda:0')
i=  16601
loss1 = tensor(0.0065, device='cuda:0')
i=  16701
loss1 = tensor(0.1934, device='cuda:0')
i=  16801
loss1 = tensor(0.2003, device='cuda:0')
i=  16901
loss1 = tensor(0.0073, device='cuda:0')
i=  17001
loss1 = tensor(0.1880, device='cuda:0')
i=  17101
loss1 = tensor(0.2170, device='cuda:0')
i=  17201
loss1 = tensor(0.0094, device='cuda:0')
i=  17301
loss1 = tensor(0.0062, device='cuda:0')
i=  17401
loss1 = tensor(0.2030, device='cuda:0')
i=  17501
loss1 = tensor(0.0348, device='cuda:0')
i=  17601
loss1 = tensor(0.0067, device='cuda:0')
i=  17701
loss1 = tensor(0.1818, device='cuda:0')
i=  17801
loss1 = tensor(0.2063, device='cuda:0')
i=  17901
loss1 = tensor(0.0079, device='cuda:0')
i=  18001
loss1 = tensor(0.0057, device='cuda:0')
i=  18101
loss1 = tensor(0.1945, device='cuda:0')
i=  18201
loss1 = tensor(0.0139, device='cuda:0')
i=  18301
loss1 = tensor(0.0062, device='cuda:0')
i=  18401
loss1 = tensor(0.1840, device='cuda:0')
i=  18501
loss1 = tensor(0.1981, device='cuda:0')
i=  18601
loss1 = tensor(0.0068, device='cuda:0')
i=  18701
loss1 = tensor(0.1863, device='cuda:0')
i=  18801
loss1 = tensor(0.2187, device='cuda:0')
i=  18901
loss1 = tensor(0.0089, device='cuda:0')
i=  19001
loss1 = tensor(0.0057, device='cuda:0')
i=  19101
loss1 = tensor(0.1979, device='cuda:0')
i=  19201
loss1 = tensor(0.0348, device='cuda:0')
i=  19301
loss1 = tensor(0.0062, device='cuda:0')
i=  19401
loss1 = tensor(0.1772, device='cuda:0')
i=  19501
loss1 = tensor(0.1995, device='cuda:0')
i=  19601
loss1 = tensor(0.0072, device='cuda:0')
i=  19701
loss1 = tensor(0.0052, device='cuda:0')
i=  19801
loss1 = tensor(0.1850, device='cuda:0')
i=  19901
loss1 = tensor(0.0126, device='cuda:0')
i=  20001
loss1 = tensor(0.0056, device='cuda:0')
i=  20101
loss1 = tensor(0.1777, device='cuda:0')
i=  20201
loss1 = tensor(0.1930, device='cuda:0')
i=  20301
loss1 = tensor(0.0063, device='cuda:0')
i=  20401
loss1 = tensor(0.1801, device='cuda:0')
i=  20501
loss1 = tensor(0.2096, device='cuda:0')
i=  20601
loss1 = tensor(0.0080, device='cuda:0')
i=  20701
loss1 = tensor(0.0052, device='cuda:0')
i=  20801
loss1 = tensor(0.1915, device='cuda:0')
i=  20901
loss1 = tensor(0.0326, device='cuda:0')
i=  21001
loss1 = tensor(0.0057, device='cuda:0')
i=  21101
loss1 = tensor(0.1719, device='cuda:0')
i=  21201
loss1 = tensor(0.1974, device='cuda:0')
i=  21301
loss1 = tensor(0.0067, device='cuda:0')
i=  21401
loss1 = tensor(0.0048, device='cuda:0')
i=  21501
loss1 = tensor(0.1817, device='cuda:0')
i=  21601
loss1 = tensor(0.0122, device='cuda:0')
i=  21701
loss1 = tensor(0.0052, device='cuda:0')
i=  21801
loss1 = tensor(0.1737, device='cuda:0')
i=  21901
loss1 = tensor(0.1902, device='cuda:0')
i=  22001
loss1 = tensor(0.0059, device='cuda:0')
i=  22101
loss1 = tensor(0.1776, device='cuda:0')
i=  22201
loss1 = tensor(0.2039, device='cuda:0')
i=  22301
loss1 = tensor(0.0078, device='cuda:0')
i=  22401
loss1 = tensor(0.0049, device='cuda:0')
i=  22501
loss1 = tensor(0.1876, device='cuda:0')
i=  22601
loss1 = tensor(0.0325, device='cuda:0')
i=  22701
loss1 = tensor(0.0055, device='cuda:0')
i=  22801
loss1 = tensor(0.1678, device='cuda:0')
i=  22901
loss1 = tensor(0.1949, device='cuda:0')
i=  23001
loss1 = tensor(0.0065, device='cuda:0')
i=  23101
loss1 = tensor(0.0046, device='cuda:0')
i=  23201
loss1 = tensor(0.1802, device='cuda:0')
i=  23301
loss1 = tensor(0.0120, device='cuda:0')
i=  23401
loss1 = tensor(0.0050, device='cuda:0')
i=  23501
loss1 = tensor(0.1748, device='cuda:0')
i=  23601
loss1 = tensor(0.1888, device='cuda:0')
i=  23701
loss1 = tensor(0.0057, device='cuda:0')
i=  23801
loss1 = tensor(0.1723, device='cuda:0')
i=  23901
loss1 = tensor(0.2028, device='cuda:0')
i=  24001
loss1 = tensor(0.0078, device='cuda:0')
i=  24101
loss1 = tensor(0.0048, device='cuda:0')
i=  24201
loss1 = tensor(0.1868, device='cuda:0')
i=  24301
loss1 = tensor(0.0342, device='cuda:0')
i=  24401
loss1 = tensor(0.0054, device='cuda:0')
i=  24501
loss1 = tensor(0.1716, device='cuda:0')
i=  24601
loss1 = tensor(0.1919, device='cuda:0')
i=  24701
loss1 = tensor(0.0065, device='cuda:0')
i=  24801
loss1 = tensor(0.0046, device='cuda:0')
i=  24901
loss1 = tensor(0.1796, device='cuda:0')
i=  25001
loss1 = tensor(0.0125, device='cuda:0')
i=  25101
loss1 = tensor(0.0050, device='cuda:0')
i=  25201
loss1 = tensor(0.1743, device='cuda:0')
i=  25301
loss1 = tensor(0.1948, device='cuda:0')
i=  25401
loss1 = tensor(0.0058, device='cuda:0')
i=  25501
loss1 = tensor(0.1748, device='cuda:0')
i=  25601
loss1 = tensor(0.2010, device='cuda:0')
i=  25701
loss1 = tensor(0.0080, device='cuda:0')
i=  25801
loss1 = tensor(0.0048, device='cuda:0')
i=  25901
loss1 = tensor(0.1858, device='cuda:0')
i=  26001
loss1 = tensor(0.0350, device='cuda:0')
i=  26101
loss1 = tensor(0.0054, device='cuda:0')
i=  26201
loss1 = tensor(0.1687, device='cuda:0')
i=  26301
loss1 = tensor(0.1878, device='cuda:0')
i=  26401
loss1 = tensor(0.0065, device='cuda:0')
i=  26501
loss1 = tensor(0.0045, device='cuda:0')
i=  26601
loss1 = tensor(0.1757, device='cuda:0')
i=  26701
loss1 = tensor(0.0122, device='cuda:0')
i=  26801
loss1 = tensor(0.0048, device='cuda:0')
i=  26901
loss1 = tensor(0.1691, device='cuda:0')
i=  27001
loss1 = tensor(0.1836, device='cuda:0')
i=  27101
loss1 = tensor(0.0056, device='cuda:0')
i=  27201
loss1 = tensor(0.1722, device='cuda:0')
i=  27301
loss1 = tensor(0.1958, device='cuda:0')
i=  27401
loss1 = tensor(0.0076, device='cuda:0')
i=  27501
loss1 = tensor(0.0046, device='cuda:0')
i=  27601
loss1 = tensor(0.1811, device='cuda:0')
i=  27701
loss1 = tensor(0.0348, device='cuda:0')
i=  27801
loss1 = tensor(0.0051, device='cuda:0')
i=  27901
loss1 = tensor(0.1668, device='cuda:0')
i=  28001
loss1 = tensor(0.1917, device='cuda:0')
i=  28101
loss1 = tensor(0.0062, device='cuda:0')
i=  28201
loss1 = tensor(0.0042, device='cuda:0')
i=  28301
loss1 = tensor(0.1751, device='cuda:0')
i=  28401
loss1 = tensor(0.0122, device='cuda:0')
i=  28501
loss1 = tensor(0.0047, device='cuda:0')
i=  28601
loss1 = tensor(0.1693, device='cuda:0')
i=  28701
loss1 = tensor(0.1821, device='cuda:0')
i=  28801
loss1 = tensor(0.0054, device='cuda:0')
i=  28901
loss1 = tensor(0.1711, device='cuda:0')
i=  29001
loss1 = tensor(0.1909, device='cuda:0')
i=  29101
loss1 = tensor(0.0074, device='cuda:0')
i=  29201
loss1 = tensor(0.0045, device='cuda:0')
i=  29301
loss1 = tensor(0.1800, device='cuda:0')
i=  29401
loss1 = tensor(0.0336, device='cuda:0')
i=  29501
loss1 = tensor(0.0051, device='cuda:0')
i=  29601
loss1 = tensor(0.1634, device='cuda:0')
i=  29701
loss1 = tensor(0.1842, device='cuda:0')
i=  29801
loss1 = tensor(0.0061, device='cuda:0')
i=  29901
loss1 = tensor(0.0042, device='cuda:0')
i=  30001
loss1 = tensor(0.1729, device='cuda:0')
i=  30101
loss1 = tensor(0.0117, device='cuda:0')
i=  30201
loss1 = tensor(0.0045, device='cuda:0')
i=  30301
loss1 = tensor(0.1674, device='cuda:0')
i=  30401
loss1 = tensor(0.1807, device='cuda:0')
i=  30501
loss1 = tensor(0.0053, device='cuda:0')
i=  30601
loss1 = tensor(0.1702, device='cuda:0')
i=  30701
loss1 = tensor(0.1869, device='cuda:0')
i=  30801
loss1 = tensor(0.0071, device='cuda:0')
i=  30901
loss1 = tensor(0.0042, device='cuda:0')
i=  31001
loss1 = tensor(0.1771, device='cuda:0')
i=  31101
loss1 = tensor(0.0312, device='cuda:0')
i=  31201
loss1 = tensor(0.0047, device='cuda:0')
i=  31301
loss1 = tensor(0.1617, device='cuda:0')
i=  31401
loss1 = tensor(0.1753, device='cuda:0')
i=  31501
loss1 = tensor(0.0057, device='cuda:0')
i=  31601
loss1 = tensor(0.0040, device='cuda:0')
i=  31701
loss1 = tensor(0.1704, device='cuda:0')
i=  31801
loss1 = tensor(0.0109, device='cuda:0')
i=  31901
loss1 = tensor(0.0043, device='cuda:0')
i=  32001
loss1 = tensor(0.1637, device='cuda:0')
i=  32101
loss1 = tensor(0.1763, device='cuda:0')
i=  32201
loss1 = tensor(0.0050, device='cuda:0')
i=  32301
loss1 = tensor(0.1672, device='cuda:0')
i=  32401
loss1 = tensor(0.1888, device='cuda:0')
i=  32501
loss1 = tensor(0.0068, device='cuda:0')
i=  32601
loss1 = tensor(0.0041, device='cuda:0')
i=  32701
loss1 = tensor(0.1738, device='cuda:0')
i=  32801
loss1 = tensor(0.0305, device='cuda:0')
i=  32901
loss1 = tensor(0.0046, device='cuda:0')
i=  33001
loss1 = tensor(0.1596, device='cuda:0')
i=  33101
loss1 = tensor(0.1754, device='cuda:0')
i=  33201
loss1 = tensor(0.0055, device='cuda:0')
i=  33301
loss1 = tensor(0.0038, device='cuda:0')
i=  33401
loss1 = tensor(0.1663, device='cuda:0')
i=  33501
loss1 = tensor(0.0108, device='cuda:0')
i=  33601
loss1 = tensor(0.0042, device='cuda:0')
i=  33701
loss1 = tensor(0.1609, device='cuda:0')
i=  33801
loss1 = tensor(0.1785, device='cuda:0')
i=  33901
loss1 = tensor(0.0048, device='cuda:0')
i=  34001
loss1 = tensor(0.1639, device='cuda:0')
i=  34101
loss1 = tensor(0.1909, device='cuda:0')
i=  34201
loss1 = tensor(0.0068, device='cuda:0')
i=  34301
loss1 = tensor(0.0039, device='cuda:0')
i=  34401
loss1 = tensor(0.1744, device='cuda:0')
i=  34501
loss1 = tensor(0.0311, device='cuda:0')
i=  34601
loss1 = tensor(0.0044, device='cuda:0')
i=  34701
loss1 = tensor(0.1569, device='cuda:0')
i=  34801
loss1 = tensor(0.1812, device='cuda:0')
i=  34901
loss1 = tensor(0.0054, device='cuda:0')
i=  35001
loss1 = tensor(0.0037, device='cuda:0')
i=  35101
loss1 = tensor(0.1648, device='cuda:0')
i=  35201
loss1 = tensor(0.0111, device='cuda:0')
i=  35301
loss1 = tensor(0.0041, device='cuda:0')
i=  35401
loss1 = tensor(0.1596, device='cuda:0')
i=  35501
loss1 = tensor(0.1714, device='cuda:0')
i=  35601
loss1 = tensor(0.0047, device='cuda:0')
i=  35701
loss1 = tensor(0.1596, device='cuda:0')
i=  35801
loss1 = tensor(0.1824, device='cuda:0')
i=  35901
loss1 = tensor(0.0066, device='cuda:0')
i=  36001
loss1 = tensor(0.0038, device='cuda:0')
i=  36101
loss1 = tensor(0.1687, device='cuda:0')
i=  36201
loss1 = tensor(0.0303, device='cuda:0')
i=  36301
loss1 = tensor(0.0043, device='cuda:0')
i=  36401
loss1 = tensor(0.1569, device='cuda:0')
i=  36501
loss1 = tensor(0.1739, device='cuda:0')
i=  36601
loss1 = tensor(0.0052, device='cuda:0')
i=  36701
loss1 = tensor(0.0035, device='cuda:0')
i=  36801
loss1 = tensor(0.1600, device='cuda:0')
i=  36901
loss1 = tensor(0.0102, device='cuda:0')
i=  37001
loss1 = tensor(0.0039, device='cuda:0')
i=  37101
loss1 = tensor(0.1532, device='cuda:0')
i=  37201
loss1 = tensor(0.1724, device='cuda:0')
i=  37301
loss1 = tensor(0.0045, device='cuda:0')
i=  37401
loss1 = tensor(0.1557, device='cuda:0')
i=  37501
loss1 = tensor(0.1827, device='cuda:0')
i=  37601
loss1 = tensor(0.0061, device='cuda:0')
i=  37701
loss1 = tensor(0.0036, device='cuda:0')
i=  37801
loss1 = tensor(0.1661, device='cuda:0')
i=  37901
loss1 = tensor(0.0271, device='cuda:0')
i=  38001
loss1 = tensor(0.0040, device='cuda:0')
i=  38101
loss1 = tensor(0.1527, device='cuda:0')
i=  38201
loss1 = tensor(0.1698, device='cuda:0')
i=  38301
loss1 = tensor(0.0048, device='cuda:0')
i=  38401
loss1 = tensor(0.0033, device='cuda:0')
i=  38501
loss1 = tensor(0.1573, device='cuda:0')
i=  38601
loss1 = tensor(0.0098, device='cuda:0')
i=  38701
loss1 = tensor(0.0037, device='cuda:0')
i=  38801
loss1 = tensor(0.1519, device='cuda:0')
i=  38901
loss1 = tensor(0.1701, device='cuda:0')
i=  39001
loss1 = tensor(0.0042, device='cuda:0')
i=  39101
loss1 = tensor(0.1537, device='cuda:0')
i=  39201
loss1 = tensor(0.1823, device='cuda:0')
i=  39301
loss1 = tensor(0.0058, device='cuda:0')
i=  39401
loss1 = tensor(0.0034, device='cuda:0')
i=  39501
loss1 = tensor(0.1640, device='cuda:0')
i=  39601
loss1 = tensor(0.0253, device='cuda:0')
i=  39701
loss1 = tensor(0.0038, device='cuda:0')
i=  39801
loss1 = tensor(0.1476, device='cuda:0')
i=  39901
loss1 = tensor(0.1697, device='cuda:0')
i=  40001
loss1 = tensor(0.0046, device='cuda:0')
i=  40101
loss1 = tensor(0.0031, device='cuda:0')
i=  40201
loss1 = tensor(0.1548, device='cuda:0')
i=  40301
loss1 = tensor(0.0091, device='cuda:0')
i=  40401
loss1 = tensor(0.0034, device='cuda:0')
i=  40501
loss1 = tensor(0.1499, device='cuda:0')
i=  40601
loss1 = tensor(0.1629, device='cuda:0')
i=  40701
loss1 = tensor(0.0039, device='cuda:0')
i=  40801
loss1 = tensor(0.1493, device='cuda:0')
i=  40901
loss1 = tensor(0.1744, device='cuda:0')
i=  41001
loss1 = tensor(0.0054, device='cuda:0')
i=  41101
loss1 = tensor(0.0031, device='cuda:0')
i=  41201
loss1 = tensor(0.1590, device='cuda:0')
i=  41301
loss1 = tensor(0.0261, device='cuda:0')
i=  41401
loss1 = tensor(0.0035, device='cuda:0')
i=  41501
loss1 = tensor(0.1445, device='cuda:0')
i=  41601
loss1 = tensor(0.1660, device='cuda:0')
i=  41701
loss1 = tensor(0.0044, device='cuda:0')
i=  41801
loss1 = tensor(0.0030, device='cuda:0')
i=  41901
loss1 = tensor(0.1541, device='cuda:0')
i=  42001
loss1 = tensor(0.0090, device='cuda:0')
i=  42101
loss1 = tensor(0.0033, device='cuda:0')
i=  42201
loss1 = tensor(0.1461, device='cuda:0')
i=  42301
loss1 = tensor(0.1596, device='cuda:0')
i=  42401
loss1 = tensor(0.0039, device='cuda:0')
i=  42501
loss1 = tensor(0.1498, device='cuda:0')
i=  42601
loss1 = tensor(0.1684, device='cuda:0')
i=  42701
loss1 = tensor(0.0054, device='cuda:0')
i=  42801
loss1 = tensor(0.0031, device='cuda:0')
i=  42901
loss1 = tensor(0.1592, device='cuda:0')
i=  43001
loss1 = tensor(0.0269, device='cuda:0')
i=  43101
loss1 = tensor(0.0036, device='cuda:0')
i=  43201
loss1 = tensor(0.1446, device='cuda:0')
i=  43301
loss1 = tensor(0.1629, device='cuda:0')
i=  43401
loss1 = tensor(0.0044, device='cuda:0')
i=  43501
loss1 = tensor(0.0030, device='cuda:0')
i=  43601
loss1 = tensor(0.1521, device='cuda:0')
i=  43701
loss1 = tensor(0.0093, device='cuda:0')
i=  43801
loss1 = tensor(0.0033, device='cuda:0')
i=  43901
loss1 = tensor(0.1438, device='cuda:0')
i=  44001
loss1 = tensor(0.1615, device='cuda:0')
i=  44101
loss1 = tensor(0.0038, device='cuda:0')
i=  44201
loss1 = tensor(0.1509, device='cuda:0')
i=  44301
loss1 = tensor(0.1702, device='cuda:0')
i=  44401
loss1 = tensor(0.0054, device='cuda:0')
i=  44501
loss1 = tensor(0.0031, device='cuda:0')
i=  44601
loss1 = tensor(0.1556, device='cuda:0')
i=  44701
loss1 = tensor(0.0274, device='cuda:0')
i=  44801
loss1 = tensor(0.0035, device='cuda:0')
i=  44901
loss1 = tensor(0.1421, device='cuda:0')
i=  45001
loss1 = tensor(0.1612, device='cuda:0')
i=  45101
loss1 = tensor(0.0044, device='cuda:0')
i=  45201
loss1 = tensor(0.0029, device='cuda:0')
i=  45301
loss1 = tensor(0.1521, device='cuda:0')
i=  45401
loss1 = tensor(0.0089, device='cuda:0')
i=  45501
loss1 = tensor(0.0032, device='cuda:0')
i=  45601
loss1 = tensor(0.1438, device='cuda:0')
i=  45701
loss1 = tensor(0.1653, device='cuda:0')
i=  45801
loss1 = tensor(0.0038, device='cuda:0')
i=  45901
loss1 = tensor(0.1518, device='cuda:0')
i=  46001
loss1 = tensor(0.1756, device='cuda:0')
i=  46101
loss1 = tensor(0.0053, device='cuda:0')
i=  46201
loss1 = tensor(0.0030, device='cuda:0')
i=  46301
loss1 = tensor(0.1571, device='cuda:0')
i=  46401
loss1 = tensor(0.0280, device='cuda:0')
i=  46501
loss1 = tensor(0.0035, device='cuda:0')
i=  46601
loss1 = tensor(0.1447, device='cuda:0')
i=  46701
loss1 = tensor(0.1639, device='cuda:0')
i=  46801
loss1 = tensor(0.0044, device='cuda:0')
i=  46901
loss1 = tensor(0.0028, device='cuda:0')
i=  47001
loss1 = tensor(0.1466, device='cuda:0')
i=  47101
loss1 = tensor(0.0097, device='cuda:0')
i=  47201
loss1 = tensor(0.0033, device='cuda:0')
i=  47301
loss1 = tensor(0.1446, device='cuda:0')
i=  47401
loss1 = tensor(0.1597, device='cuda:0')
i=  47501
loss1 = tensor(0.0038, device='cuda:0')
i=  47601
loss1 = tensor(0.1505, device='cuda:0')
i=  47701
loss1 = tensor(0.1713, device='cuda:0')
i=  47801
loss1 = tensor(0.0054, device='cuda:0')
i=  47901
loss1 = tensor(0.0030, device='cuda:0')
i=  48001
loss1 = tensor(0.1546, device='cuda:0')
i=  48101
loss1 = tensor(0.0287, device='cuda:0')
i=  48201
loss1 = tensor(0.0034, device='cuda:0')
i=  48301
loss1 = tensor(0.1427, device='cuda:0')
i=  48401
loss1 = tensor(0.1631, device='cuda:0')
i=  48501
loss1 = tensor(0.0042, device='cuda:0')
i=  48601
loss1 = tensor(0.0028, device='cuda:0')
i=  48701
loss1 = tensor(0.1447, device='cuda:0')
i=  48801
loss1 = tensor(0.0091, device='cuda:0')
i=  48901
loss1 = tensor(0.0031, device='cuda:0')
i=  49001
loss1 = tensor(0.1420, device='cuda:0')
i=  49101
loss1 = tensor(0.1571, device='cuda:0')
i=  49201
loss1 = tensor(0.0036, device='cuda:0')
i=  49301
loss1 = tensor(0.1440, device='cuda:0')
i=  49401
loss1 = tensor(0.1632, device='cuda:0')
i=  49501
loss1 = tensor(0.0050, device='cuda:0')
i=  49601
loss1 = tensor(0.0028, device='cuda:0')
i=  49701
loss1 = tensor(0.1486, device='cuda:0')
i=  49801
loss1 = tensor(0.0266, device='cuda:0')
i=  49901
loss1 = tensor(0.0032, device='cuda:0')
JobID                     Submit  Partition    CPUTime    Elapsed     MaxRSS        NodeList  ReqCPUS 
------------ ------------------- ---------- ---------- ---------- ---------- --------------- -------- 
20534043     2023-08-12T08:25:23 multiscal+   00:03:04   00:03:04                    nvf-017        1 
20534043.ba+ 2023-08-18T09:37:28              00:03:04   00:03:04                    nvf-017        1 
20534043.ex+ 2023-08-18T09:37:28              00:03:04   00:03:04                    nvf-017        1 
