The following modules were not unloaded:
  (Use "module --force purge" to unload all):

  1) xalt/2.10.45
             :-) GROMACS - gmx mdrun, 2023.2-plumed_2.10.0_dev (-:

Executable:   /home/x-lyuliyao/gromacs/bin/gmx_mpi
Data prefix:  /home/x-lyuliyao/gromacs
Working dir:  /anvil/projects/x-mth210005/Liyao/AIMZ/ala16/example_2D_12
Command line:
  gmx_mpi mdrun -s ./ala16.tpr -plumed plumed_phi13_phi14.dat -nsteps 10000000 -ntomp 1


Sorry couldn't backup md.log to ./#md.log.23#
Reading file ./ala16.tpr, VERSION 2023.2-plumed_2.10.0_dev (single precision)
Overriding nsteps with value passed on the command line: 10000000 steps, 2e+04 ps
Can not increase nstlist because verlet-buffer-tolerance is not set or used

Using 4 MPI processes

Non-default thread affinity set, disabling internal thread affinity

Using 1 OpenMP thread per MPI process


Sorry couldn't backup traj_comp.xtc to ./#traj_comp.xtc.20#

Sorry couldn't backup traj.trr to ./#traj.trr.19#

Sorry couldn't backup ener.edr to ./#ener.edr.19#

WARNING: This run will generate roughly 4792 Mb of data

starting mdrun 'Protein in water'
10000000 steps,  20000.0 ps.
srun: Job step aborted: Waiting up to 32 seconds for job step to finish.
slurmstepd: error: *** STEP 2737207.0 ON a007 CANCELLED AT 2023-09-20T23:21:38 DUE TO TIME LIMIT ***
slurmstepd: error: *** JOB 2737207 ON a007 CANCELLED AT 2023-09-20T23:21:38 DUE TO TIME LIMIT ***


Received the TERM signal, stopping within 10 steps



Received the TERM signal, stopping within 10 steps



Received the TERM signal, stopping within 10 steps



Received the TERM signal, stopping within 10 steps

