The following modules were not unloaded:
  (Use "module --force purge" to unload all):

  1) xalt/2.10.45
             :-) GROMACS - gmx mdrun, 2023.2-plumed_2.10.0_dev (-:

Executable:   /home/x-lyuliyao/gromacs/bin/gmx_mpi
Data prefix:  /home/x-lyuliyao/gromacs
Working dir:  /anvil/projects/x-mth210005/Liyao/AIMZ/ala16/example_2D_12
Command line:
  gmx_mpi mdrun -s ./ala16.tpr -plumed plumed_psi9_psi10.dat -nsteps 10000000 -ntomp 1


Back Off! I just backed up md.log to ./#md.log.9#
Reading file ./ala16.tpr, VERSION 2023.2-plumed_2.10.0_dev (single precision)
Overriding nsteps with value passed on the command line: 10000000 steps, 2e+04 ps
Can not increase nstlist because verlet-buffer-tolerance is not set or used

Using 4 MPI processes

Non-default thread affinity set, disabling internal thread affinity

Using 1 OpenMP thread per MPI process


Back Off! I just backed up traj_comp.xtc to ./#traj_comp.xtc.7#

Back Off! I just backed up traj.trr to ./#traj.trr.7#

Back Off! I just backed up ener.edr to ./#ener.edr.7#

WARNING: This run will generate roughly 4792 Mb of data

starting mdrun 'Protein in water'
10000000 steps,  20000.0 ps.
slurmstepd: error: *** STEP 2737127.0 ON a004 CANCELLED AT 2023-09-20T23:16:39 DUE TO TIME LIMIT ***
slurmstepd: error: *** JOB 2737127 ON a004 CANCELLED AT 2023-09-20T23:16:39 DUE TO TIME LIMIT ***
srun: Job step aborted: Waiting up to 32 seconds for job step to finish.


Received the TERM signal, stopping within 10 steps



Received the TERM signal, stopping within 10 steps



Received the TERM signal, stopping within 10 steps



Received the TERM signal, stopping within 10 steps

