Restoring modules from user's plumed2_torch
                :-) GROMACS - gmx mdrun, 2020.7-plumed-2.8.1 (-:

                            GROMACS is written by:
     Emile Apol      Rossen Apostolov      Paul Bauer     Herman J.C. Berendsen
    Par Bjelkmar      Christian Blau   Viacheslav Bolnykh     Kevin Boyd    
 Aldert van Buuren   Rudi van Drunen     Anton Feenstra       Alan Gray     
  Gerrit Groenhof     Anca Hamuraru    Vincent Hindriksen  M. Eric Irrgang  
  Aleksei Iupinov   Christoph Junghans     Joe Jordan     Dimitrios Karkoulis
    Peter Kasson        Jiri Kraus      Carsten Kutzner      Per Larsson    
  Justin A. Lemkul    Viveca Lindahl    Magnus Lundborg     Erik Marklund   
    Pascal Merz     Pieter Meulenhoff    Teemu Murtola       Szilard Pall   
    Sander Pronk      Roland Schulz      Michael Shirts    Alexey Shvetsov  
   Alfons Sijbers     Peter Tieleman      Jon Vincent      Teemu Virolainen 
 Christian Wennberg    Maarten Wolf      Artem Zhmurov   
                           and the project leaders:
        Mark Abraham, Berk Hess, Erik Lindahl, and David van der Spoel

Copyright (c) 1991-2000, University of Groningen, The Netherlands.
Copyright (c) 2001-2022, The GROMACS development team at
Uppsala University, Stockholm University and
the Royal Institute of Technology, Sweden.
check out http://www.gromacs.org for more information.

GROMACS is free software; you can redistribute it and/or modify it
under the terms of the GNU Lesser General Public License
as published by the Free Software Foundation; either version 2.1
of the License, or (at your option) any later version.

GROMACS:      gmx mdrun, version 2020.7-plumed-2.8.1
Executable:   /mnt/home/lyuliyao/gromacs_2020/bin/gmx_mpi
Data prefix:  /mnt/home/lyuliyao/gromacs_2020
Working dir:  /mnt/ufs18/rs-003/MultiscaleML_group/Liyao/consensus_base_enerfy_surface/ala2_sol/2D
Command line:
  gmx_mpi mdrun -s ala2.tpr -plumed plmd-ala2_ref.dat -nsteps 500000


Back Off! I just backed up md.log to ./#md.log.4#
Compiled SIMD: AVX2_256, but for this host/run AVX_512 might be better (see
log).
Reading file ala2.tpr, VERSION 2020.7-plumed-2.8.1 (single precision)
Overriding nsteps with value passed on the command line: 500000 steps, 1e+03 ps
Can not increase nstlist because verlet-buffer-tolerance is not set or used

Using 1 MPI process

Non-default thread affinity set, disabling internal thread affinity

Using 48 OpenMP threads 


Back Off! I just backed up traj_comp.xtc to ./#traj_comp.xtc.1#

Back Off! I just backed up traj.trr to ./#traj.trr.2#

Back Off! I just backed up ener.edr to ./#ener.edr.2#
starting mdrun 'Protein'
500000 steps,   1000.0 ps.
