               :-) GROMACS - gmx mdrun, 2023-plumed_2.9.0_dev (-:

Copyright 1991-2023 The GROMACS Authors.
GROMACS is free software; you can redistribute it and/or modify it
under the terms of the GNU Lesser General Public License
as published by the Free Software Foundation; either version 2.1
of the License, or (at your option) any later version.

                         Current GROMACS contributors:
       Mark Abraham           Andrey Alekseenko           Cathrine Bergh      
      Christian Blau            Eliane Briand             Mahesh Doijade      
    Stefan Fleischmann           Vytas Gapsys              Gaurav Garg        
      Sergey Gorelov         Gilles Gouaillardet            Alan Gray         
     M. Eric Irrgang         Farzaneh Jalalypour            Joe Jordan        
    Christoph Junghans        Prashanth Kanduri          Sebastian Keller     
     Carsten Kutzner           Justin A. Lemkul          Magnus Lundborg      
       Pascal Merz              Vedran Miletic            Dmitry Morozov      
       Szilard Pall             Roland Schulz             Michael Shirts      
     Alexey Shvetsov            Balint Soproni         David van der Spoel    
      Philip Turner             Carsten Uphoff           Alessandra Villa     
 Sebastian Wingbermuehle        Artem Zhmurov       

                         Previous GROMACS contributors:
        Emile Apol             Rossen Apostolov           James Barnett       
  Herman J.C. Berendsen          Par Bjelkmar           Viacheslav Bolnykh    
        Kevin Boyd            Aldert van Buuren          Carlo Camilloni      
     Rudi van Drunen            Anton Feenstra           Oliver Fleetwood     
     Gerrit Groenhof            Bert de Groot             Anca Hamuraru       
    Vincent Hindriksen          Victor Holanda           Aleksei Iupinov      
   Dimitrios Karkoulis           Peter Kasson             Sebastian Kehl      
        Jiri Kraus               Per Larsson              Viveca Lindahl      
      Erik Marklund           Pieter Meulenhoff           Teemu Murtola       
       Sander Pronk             Alfons Sijbers            Peter Tieleman      
       Jon Vincent             Teemu Virolainen         Christian Wennberg    
       Maarten Wolf       

                  Coordinated by the GROMACS project leaders:
                    Paul Bauer, Berk Hess, and Erik Lindahl

GROMACS:      gmx mdrun, version 2023-plumed_2.9.0_dev
Executable:   /anvil/projects/x-mth210005/Liyao/plumed/gromacslib/bin/gmx_mpi
Data prefix:  /anvil/projects/x-mth210005/Liyao/plumed/gromacslib
Working dir:  /anvil/projects/x-mth210005/Liyao/consensus/chi3_ref/example2D2
Process ID:   1337603
Command line:
  gmx_mpi mdrun -s ../chi3.tpr -plumed plumed_ome3_psi3.dat -nsteps 25000000 -ntomp 1

GROMACS version:    2023-plumed_2.9.0_dev
Precision:          mixed
Memory model:       64 bit
MPI library:        MPI
OpenMP support:     enabled (GMX_OPENMP_MAX_THREADS = 128)
GPU support:        disabled
SIMD instructions:  AVX2_256
CPU FFT library:    fftw-3.3.8-sse2-avx-avx2-avx2_128
GPU FFT library:    none
Multi-GPU FFT:      none
RDTSCP usage:       enabled
TNG support:        enabled
Hwloc support:      disabled
Tracing support:    disabled
C compiler:         /apps/spack/anvil/apps/openmpi/4.0.6-gcc-11.2.0-3navcwb/bin/mpicc GNU 11.2.0
C compiler flags:   -fexcess-precision=fast -funroll-all-loops -mavx2 -mfma -Wno-missing-field-initializers -O3 -DNDEBUG
C++ compiler:       /apps/spack/anvil/apps/openmpi/4.0.6-gcc-11.2.0-3navcwb/bin/mpiCC GNU 11.2.0
C++ compiler flags: -fexcess-precision=fast -funroll-all-loops -mavx2 -mfma -Wno-missing-field-initializers -Wno-cast-function-type-strict -fopenmp -O3 -DNDEBUG
BLAS library:       External - detected on the system
LAPACK library:     External - detected on the system


Running on 1 node with total 8 cores, 8 processing units
Hardware detected on host a015.anvil.rcac.purdue.edu (the node of MPI rank 0):
  CPU info:
    Vendor: AMD
    Brand:  AMD EPYC 7763 64-Core Processor                
    Family: 25   Model: 1   Stepping: 1
    Features: aes amd apic avx avx2 clfsh cmov cx8 cx16 f16c fma htt lahf misalignsse mmx msr nonstop_tsc pcid pclmuldq pdpe1gb popcnt pse rdrnd rdtscp sha sse2 sse3 sse4a sse4.1 sse4.2 ssse3 x2apic
  Hardware topology: Basic
    Packages, cores, and logical processors:
    [indices refer to OS logical processors]
      Package  0: [  48] [  49] [  50] [  51]
      Package  1: [ 112] [ 113] [ 114] [ 115]
    CPU limit set by OS: -1   Recommended max number of threads: 8


++++ PLEASE READ AND CITE THE FOLLOWING REFERENCE ++++
M. J. Abraham, T. Murtola, R. Schulz, S. Páll, J. C. Smith, B. Hess, E.
Lindahl
GROMACS: High performance molecular simulations through multi-level
parallelism from laptops to supercomputers
SoftwareX 1 (2015) pp. 19-25
-------- -------- --- Thank You --- -------- --------


++++ PLEASE READ AND CITE THE FOLLOWING REFERENCE ++++
S. Páll, M. J. Abraham, C. Kutzner, B. Hess, E. Lindahl
Tackling Exascale Software Challenges in Molecular Dynamics Simulations with
GROMACS
In S. Markidis & E. Laure (Eds.), Solving Software Challenges for Exascale 8759 (2015) pp. 3-27
-------- -------- --- Thank You --- -------- --------


++++ PLEASE READ AND CITE THE FOLLOWING REFERENCE ++++
S. Pronk, S. Páll, R. Schulz, P. Larsson, P. Bjelkmar, R. Apostolov, M. R.
Shirts, J. C. Smith, P. M. Kasson, D. van der Spoel, B. Hess, and E. Lindahl
GROMACS 4.5: a high-throughput and highly parallel open source molecular
simulation toolkit
Bioinformatics 29 (2013) pp. 845-54
-------- -------- --- Thank You --- -------- --------


++++ PLEASE READ AND CITE THE FOLLOWING REFERENCE ++++
B. Hess and C. Kutzner and D. van der Spoel and E. Lindahl
GROMACS 4: Algorithms for highly efficient, load-balanced, and scalable
molecular simulation
J. Chem. Theory Comput. 4 (2008) pp. 435-447
-------- -------- --- Thank You --- -------- --------


++++ PLEASE READ AND CITE THE FOLLOWING REFERENCE ++++
D. van der Spoel, E. Lindahl, B. Hess, G. Groenhof, A. E. Mark and H. J. C.
Berendsen
GROMACS: Fast, Flexible and Free
J. Comp. Chem. 26 (2005) pp. 1701-1719
-------- -------- --- Thank You --- -------- --------


++++ PLEASE READ AND CITE THE FOLLOWING REFERENCE ++++
E. Lindahl and B. Hess and D. van der Spoel
GROMACS 3.0: A package for molecular simulation and trajectory analysis
J. Mol. Mod. 7 (2001) pp. 306-317
-------- -------- --- Thank You --- -------- --------


++++ PLEASE READ AND CITE THE FOLLOWING REFERENCE ++++
H. J. C. Berendsen, D. van der Spoel and R. van Drunen
GROMACS: A message-passing parallel molecular dynamics implementation
Comp. Phys. Comm. 91 (1995) pp. 43-56
-------- -------- --- Thank You --- -------- --------


The number of OpenMP threads was set by environment variable OMP_NUM_THREADS to 1 (and the command-line setting agreed with that)

Input Parameters:
   integrator                     = md
   tinit                          = 0
   dt                             = 0.001
   nsteps                         = 50000
   init-step                      = 0
   simulation-part                = 1
   mts                            = false
   comm-mode                      = Linear
   nstcomm                        = 1000
   bd-fric                        = 0
   ld-seed                        = -671095297
   emtol                          = 10
   emstep                         = 0.01
   niter                          = 20
   fcstep                         = 0
   nstcgsteep                     = 1000
   nbfgscorr                      = 10
   rtpi                           = 0.05
   nstxout                        = 0
   nstvout                        = 0
   nstfout                        = 0
   nstlog                         = 0
   nstcalcenergy                  = 500
   nstenergy                      = 500
   nstxout-compressed             = 500
   compressed-x-precision         = 1000
   cutoff-scheme                  = Verlet
   nstlist                        = 10
   pbc                            = xyz
   periodic-molecules             = false
   verlet-buffer-tolerance        = -1
   rlist                          = 1
   coulombtype                    = PME
   coulomb-modifier               = Potential-shift
   rcoulomb-switch                = 0
   rcoulomb                       = 1
   epsilon-r                      = 1
   epsilon-rf                     = 80
   vdw-type                       = Cut-off
   vdw-modifier                   = Potential-shift
   rvdw-switch                    = 0
   rvdw                           = 1
   DispCorr                       = EnerPres
   table-extension                = 1
   fourierspacing                 = 0.12
   fourier-nx                     = 32
   fourier-ny                     = 32
   fourier-nz                     = 32
   pme-order                      = 4
   ewald-rtol                     = 1e-05
   ewald-rtol-lj                  = 0.001
   lj-pme-comb-rule               = Geometric
   ewald-geometry                 = 3d
   epsilon-surface                = 0
   ensemble-temperature-setting   = constant
   ensemble-temperature           = 298
   tcoupl                         = V-rescale
   nsttcouple                     = 25
   nh-chain-length                = 0
   print-nose-hoover-chain-variables = false
   pcoupl                         = Parrinello-Rahman
   pcoupltype                     = Isotropic
   nstpcouple                     = 50
   tau-p                          = 1.5
   compressibility (3x3):
      compressibility[    0]={ 4.50000e-05,  0.00000e+00,  0.00000e+00}
      compressibility[    1]={ 0.00000e+00,  4.50000e-05,  0.00000e+00}
      compressibility[    2]={ 0.00000e+00,  0.00000e+00,  4.50000e-05}
   ref-p (3x3):
      ref-p[    0]={ 1.00000e+00,  0.00000e+00,  0.00000e+00}
      ref-p[    1]={ 0.00000e+00,  1.00000e+00,  0.00000e+00}
      ref-p[    2]={ 0.00000e+00,  0.00000e+00,  1.00000e+00}
   refcoord-scaling               = No
   posres-com (3):
      posres-com[0]= 0.00000e+00
      posres-com[1]= 0.00000e+00
      posres-com[2]= 0.00000e+00
   posres-comB (3):
      posres-comB[0]= 0.00000e+00
      posres-comB[1]= 0.00000e+00
      posres-comB[2]= 0.00000e+00
   QMMM                           = false
qm-opts:
   ngQM                           = 0
   constraint-algorithm           = Lincs
   continuation                   = false
   Shake-SOR                      = false
   shake-tol                      = 0.0001
   lincs-order                    = 4
   lincs-iter                     = 1
   lincs-warnangle                = 30
   nwall                          = 0
   wall-type                      = 9-3
   wall-r-linpot                  = -1
   wall-atomtype[0]               = -1
   wall-atomtype[1]               = -1
   wall-density[0]                = 0
   wall-density[1]                = 0
   wall-ewald-zfac                = 3
   pull                           = false
   awh                            = false
   rotation                       = false
   interactiveMD                  = false
   disre                          = No
   disre-weighting                = Conservative
   disre-mixed                    = false
   dr-fc                          = 1000
   dr-tau                         = 0
   nstdisreout                    = 100
   orire-fc                       = 0
   orire-tau                      = 0
   nstorireout                    = 100
   free-energy                    = no
   cos-acceleration               = 0
   deform (3x3):
      deform[    0]={ 0.00000e+00,  0.00000e+00,  0.00000e+00}
      deform[    1]={ 0.00000e+00,  0.00000e+00,  0.00000e+00}
      deform[    2]={ 0.00000e+00,  0.00000e+00,  0.00000e+00}
   simulated-tempering            = false
   swapcoords                     = no
   userint1                       = 0
   userint2                       = 0
   userint3                       = 0
   userint4                       = 0
   userreal1                      = 0
   userreal2                      = 0
   userreal3                      = 0
   userreal4                      = 0
   applied-forces:
     electric-field:
       x:
         E0                       = 0
         omega                    = 0
         t0                       = 0
         sigma                    = 0
       y:
         E0                       = 0
         omega                    = 0
         t0                       = 0
         sigma                    = 0
       z:
         E0                       = 0
         omega                    = 0
         t0                       = 0
         sigma                    = 0
     density-guided-simulation:
       active                     = false
       group                      = protein
       similarity-measure         = inner-product
       atom-spreading-weight      = unity
       force-constant             = 1e+09
       gaussian-transform-spreading-width = 0.2
       gaussian-transform-spreading-range-in-multiples-of-width = 4
       reference-density-filename = reference.mrc
       nst                        = 1
       normalize-densities        = true
       adaptive-force-scaling     = false
       adaptive-force-scaling-time-constant = 4
       shift-vector               = 
       transformation-matrix      = 
     qmmm-cp2k:
       active                     = false
       qmgroup                    = System
       qmmethod                   = PBE
       qmfilenames                = 
       qmcharge                   = 0
       qmmultiplicity             = 1
grpopts:
   nrdf:      5835.1     209.896
   ref-t:         298         298
   tau-t:         0.2         0.2
annealing:          No          No
annealing-npoints:           0           0
   acc:	           0           0           0
   nfreeze:           N           N           N
   energygrp-flags[  0]: 0

The -nsteps functionality is deprecated, and may be removed in a future version. Consider using gmx convert-tpr -nsteps or changing the appropriate .mdp file field.

Overriding nsteps with value passed on the command line: 25000000 steps, 2.5e+04 ps
Can not increase nstlist because verlet-buffer-tolerance is not set or used

Update groups can not be used for this system because atoms that are (in)directly constrained together are interdispersed with other atoms

Update task can not run on the GPU, because the following condition(s) were not satisfied:

Domain decomposition is only supported with constraints when update groups are used. This means constraining all bonds is not supported, except for small molecules, and box sizes close to half the pair-list cutoff are not supported.
 Either PME or short-ranged non-bonded interaction tasks must run on the GPU.
Compatible GPUs must have been found.
Only CUDA and SYCL builds are supported.
PLUMED is not supported.
The number of coupled constraints is higher than supported in the GPU LINCS code.
Chosen GPU implementation does not support constraints.

Initializing Domain Decomposition on 8 ranks
Dynamic load balancing: auto
Minimum cell size due to atom displacement: 0.028 nm
Initial maximum distances in bonded interactions:
    two-body bonded interactions: 0.398 nm, LJ-14, atoms 16 24
  multi-body bonded interactions: 0.398 nm, Proper Dih., atoms 16 24
Minimum cell size due to bonded interactions: 0.438 nm
Maximum distance for 5 constraints, at 120 deg. angles, all-trans: 0.222 nm
Estimated maximum distance required for P-LINCS: 0.222 nm
Scaling the initial minimum size with 1/0.8 (option -dds) = 1.25
Using 0 separate PME ranks because: there are too few total ranks for efficient splitting
Optimizing the DD grid for 8 cells with a minimum initial size of 0.548 nm
The maximum allowed number of cells is: X 5 Y 5 Z 4
Domain decomposition grid 4 x 2 x 1, separate PME ranks 0
PME domain decomposition: 4 x 2 x 1
Domain decomposition rank 0, coordinates 0 0 0

The initial number of communication pulses is: X 2 Y 1
The initial domain decomposition cell size is: X 0.71 nm Y 1.43 nm

The maximum allowed distance for atoms involved in interactions is:
                 non-bonded interactions           1.000 nm
(the following are initial values, they could change due to box deformation)
            two-body bonded interactions  (-rdd)   1.000 nm
          multi-body bonded interactions  (-rdd)   0.713 nm
  atoms separated by up to 5 constraints  (-rcon)  0.713 nm

When dynamic load balancing gets turned on, these settings will change to:
The maximum number of communication pulses is: X 2 Y 1
The minimum size for domain decomposition cells is 0.570 nm
The requested allowed shrink of DD cells (option -dds) is: 0.80
The allowed shrink of domain decomposition cells is: X 0.80 Y 0.70
The maximum allowed distance for atoms involved in interactions is:
                 non-bonded interactions           1.000 nm
            two-body bonded interactions  (-rdd)   1.000 nm
          multi-body bonded interactions  (-rdd)   0.570 nm
  atoms separated by up to 5 constraints  (-rcon)  0.570 nm

Using 8 MPI processes

Non-default thread affinity set, disabling internal thread affinity

Using 1 OpenMP thread per MPI process

System total charge: 0.000
Will do PME sum in reciprocal space for electrostatic interactions.

++++ PLEASE READ AND CITE THE FOLLOWING REFERENCE ++++
U. Essmann, L. Perera, M. L. Berkowitz, T. Darden, H. Lee and L. G. Pedersen 
A smooth particle mesh Ewald method
J. Chem. Phys. 103 (1995) pp. 8577-8592
-------- -------- --- Thank You --- -------- --------

Using a Gaussian width (1/beta) of 0.320163 nm for Ewald
Potential shift: LJ r^-12: -1.000e+00 r^-6: -1.000e+00, Ewald -1.000e-05
Initialized non-bonded Coulomb Ewald tables, spacing: 9.33e-04 size: 1073

Generated table with 1000 data points for 1-4 COUL.
Tabscale = 500 points/nm
Generated table with 1000 data points for 1-4 LJ6.
Tabscale = 500 points/nm
Generated table with 1000 data points for 1-4 LJ12.
Tabscale = 500 points/nm
Long Range LJ corr.: <C6> 3.0898e-04


Using SIMD 4x8 nonbonded short-range kernels

Using a 4x8 pair-list setup:
  updated every 10 steps, buffer 0.000 nm, rlist 1.000 nm

Using Lorentz-Berthelot Lennard-Jones combination rule
Removing pbc first time

Linking all bonded interactions to atoms


Initializing Parallel LINear Constraint Solver

++++ PLEASE READ AND CITE THE FOLLOWING REFERENCE ++++
B. Hess
P-LINCS: A Parallel Linear Constraint Solver for molecular simulation
J. Chem. Theory Comput. 4 (2008) pp. 116-122
-------- -------- --- Thank You --- -------- --------

The number of constraints is 42
There are constraints between atoms in different decomposition domains,
will communicate selected coordinates each lincs iteration

++++ PLEASE READ AND CITE THE FOLLOWING REFERENCE ++++
S. Miyamoto and P. A. Kollman
SETTLE: An Analytical Version of the SHAKE and RATTLE Algorithms for Rigid
Water Models
J. Comp. Chem. 13 (1992) pp. 952-962
-------- -------- --- Thank You --- -------- --------


Intra-simulation communication will occur every 25 steps.

++++ PLEASE READ AND CITE THE FOLLOWING REFERENCE ++++
G. Bussi, D. Donadio and M. Parrinello
Canonical sampling through velocity rescaling
J. Chem. Phys. 126 (2007) pp. 014101
-------- -------- --- Thank You --- -------- --------

There are: 3003 Atoms
Atom distribution over 8 domains: av 375 stddev 21 min 354 max 393

Constraining the starting coordinates (step 0)

Constraining the coordinates at t0-dt (step 0)
Center of mass motion removal mode is Linear
We have the following groups for center of mass motion removal:
  0:  rest
RMS relative constraint deviation after constraining: 4.49e-07
Initial temperature: 299.193 K

PLUMED: PLUMED is starting
PLUMED: Version: 2.9.0-dev (git: 9e54402d7) compiled on Feb 23 2023 at 17:49:02
PLUMED: Please cite these papers when using PLUMED [1][2]
PLUMED: For further information see the PLUMED web page at http://www.plumed.org
PLUMED: Root: /anvil/projects/x-mth210005/Liyao/plumed/plumed2/
PLUMED: For installed feature, see /anvil/projects/x-mth210005/Liyao/plumed/plumed2//src/config/config.txt
PLUMED: Molecular dynamics engine: gromacs
PLUMED: Precision of reals: 4
PLUMED: Running over 8 nodes
PLUMED: Number of threads: 1
PLUMED: Cache line size: 512
PLUMED: Number of atoms: 3003
PLUMED: File suffix: 
PLUMED: FILE: plumed_ome3_psi3.dat
PLUMED: Action TORSION
PLUMED:   with label ome1
PLUMED:   between atoms 6 1 7 8
PLUMED:   using periodic boundary conditions
PLUMED: Action TORSION
PLUMED:   with label phi1
PLUMED:   between atoms 1 7 8 11
PLUMED:   using periodic boundary conditions
PLUMED: Action TORSION
PLUMED:   with label psi1
PLUMED:   between atoms 7 8 11 30
PLUMED:   using periodic boundary conditions
PLUMED: Action TORSION
PLUMED:   with label ome2
PLUMED:   between atoms 8 11 30 31
PLUMED:   using periodic boundary conditions
PLUMED: Action TORSION
PLUMED:   with label phi2
PLUMED:   between atoms 11 30 31 34
PLUMED:   using periodic boundary conditions
PLUMED: Action TORSION
PLUMED:   with label psi2
PLUMED:   between atoms 30 31 34 53
PLUMED:   using periodic boundary conditions
PLUMED: Action TORSION
PLUMED:   with label ome3
PLUMED:   between atoms 31 34 53 54
PLUMED:   using periodic boundary conditions
PLUMED: Action TORSION
PLUMED:   with label phi3
PLUMED:   between atoms 34 53 54 57
PLUMED:   using periodic boundary conditions
PLUMED: Action TORSION
PLUMED:   with label psi3
PLUMED:   between atoms 53 54 57 76
PLUMED:   using periodic boundary conditions
PLUMED: Action RESTRAINT
PLUMED:   with label restraintome1
PLUMED:   with arguments ome1
PLUMED:   added component to this action:  restraintome1.bias 
PLUMED:   at 0.000000
PLUMED:   with harmonic force constant 500.000000
PLUMED:   and linear force constant 0.000000
PLUMED:   added component to this action:  restraintome1.force2 
PLUMED: Action RESTRAINT
PLUMED:   with label restraintphi1
PLUMED:   with arguments phi1
PLUMED:   added component to this action:  restraintphi1.bias 
PLUMED:   at 2.000000
PLUMED:   with harmonic force constant 500.000000
PLUMED:   and linear force constant 0.000000
PLUMED:   added component to this action:  restraintphi1.force2 
PLUMED: Action RESTRAINT
PLUMED:   with label restraintpsi1
PLUMED:   with arguments psi1
PLUMED:   added component to this action:  restraintpsi1.bias 
PLUMED:   at 3.000000
PLUMED:   with harmonic force constant 500.000000
PLUMED:   and linear force constant 0.000000
PLUMED:   added component to this action:  restraintpsi1.force2 
PLUMED: Action RESTRAINT
PLUMED:   with label restraintome2
PLUMED:   with arguments ome2
PLUMED:   added component to this action:  restraintome2.bias 
PLUMED:   at 0.000000
PLUMED:   with harmonic force constant 500.000000
PLUMED:   and linear force constant 0.000000
PLUMED:   added component to this action:  restraintome2.force2 
PLUMED: Action RESTRAINT
PLUMED:   with label restraintphi2
PLUMED:   with arguments phi2
PLUMED:   added component to this action:  restraintphi2.bias 
PLUMED:   at 2.000000
PLUMED:   with harmonic force constant 500.000000
PLUMED:   and linear force constant 0.000000
PLUMED:   added component to this action:  restraintphi2.force2 
PLUMED: Action RESTRAINT
PLUMED:   with label restraintpsi2
PLUMED:   with arguments psi2
PLUMED:   added component to this action:  restraintpsi2.bias 
PLUMED:   at 3.000000
PLUMED:   with harmonic force constant 500.000000
PLUMED:   and linear force constant 0.000000
PLUMED:   added component to this action:  restraintpsi2.force2 
PLUMED: Action RESTRAINT
PLUMED:   with label restraintphi3
PLUMED:   with arguments phi3
PLUMED:   added component to this action:  restraintphi3.bias 
PLUMED:   at 2.000000
PLUMED:   with harmonic force constant 500.000000
PLUMED:   and linear force constant 0.000000
PLUMED:   added component to this action:  restraintphi3.force2 
PLUMED: Action METAD
PLUMED:   with label metad_ome3_psi3
PLUMED:   with arguments ome3 psi3
PLUMED:   added component to this action:  metad_ome3_psi3.bias 
PLUMED:   Gaussian width  0.200000 0.200000  Gaussian height 0.500000
PLUMED:   Gaussian deposition pace 500
PLUMED:   Gaussian file HILLS_ome3_psi3
PLUMED:   Well-Tempered Bias Factor 10.000000
PLUMED:   Hills relaxation time (tau) 22.449048
PLUMED:   KbT 2.494339
PLUMED:   Grid min -pi -pi
PLUMED:   Grid max pi pi
PLUMED:   Grid bin 300 300
PLUMED:   Grid uses spline interpolation
PLUMED:   added component to this action:  metad_ome3_psi3.rbias 
PLUMED:   added component to this action:  metad_ome3_psi3.rct 
PLUMED:   The c(t) reweighting factor will be calculated every 1 hills
PLUMED:   Bibliography [3][4][5]
PLUMED: END FILE: plumed_ome3_psi3.dat
PLUMED: Timestep: 0.001000
PLUMED: KbT: 2.477710
PLUMED: Relevant bibliography:
PLUMED:   [1] The PLUMED consortium, Nat. Methods 16, 670 (2019)
PLUMED:   [2] Tribello, Bonomi, Branduardi, Camilloni, and Bussi, Comput. Phys. Commun. 185, 604 (2014)
PLUMED:   [3] Laio and Parrinello, PNAS 99, 12562 (2002)
PLUMED:   [4] Barducci, Bussi, and Parrinello, Phys. Rev. Lett. 100, 020603 (2008)
PLUMED:   [5] Pratyush and Parrinello, J. Phys. Chem. B, 119, 736 (2015)
PLUMED: Please read and cite where appropriate!
PLUMED: Finished setup
Started mdrun on rank 0 Fri Mar  3 10:52:33 2023

           Step           Time
              0        0.00000

   Energies (kJ/mol)
           Bond            U-B    Proper Dih.  Improper Dih.          LJ-14
    1.01388e+02    2.40173e+02    1.47743e+02    8.27977e+00    1.90609e+02
     Coulomb-14        LJ (SR)  Disper. corr.   Coulomb (SR)   Coul. recip.
    6.76738e+02    4.27843e+03   -3.86833e+02   -4.51193e+04    2.48204e+02
      Potential    Kinetic En.   Total Energy  Conserved En.    Temperature
   -3.96146e+04    7.64887e+03   -3.19657e+04   -3.19639e+04    3.04367e+02
 Pres. DC (bar) Pressure (bar)   Constr. rmsd
   -2.13409e+02   -3.82053e+02    7.97567e-07


DD  step 9 load imb.: force 18.0%

step 20 Turning on dynamic load balancing, because the performance loss due to load imbalance is 4.5 %.
Writing checkpoint, step 1521730 at Fri Mar  3 11:07:33 2023


Writing checkpoint, step 3040960 at Fri Mar  3 11:22:33 2023


Writing checkpoint, step 4561980 at Fri Mar  3 11:37:33 2023


Writing checkpoint, step 6083680 at Fri Mar  3 11:52:33 2023


Writing checkpoint, step 7601510 at Fri Mar  3 12:07:33 2023


Writing checkpoint, step 9121530 at Fri Mar  3 12:22:33 2023


Writing checkpoint, step 10636130 at Fri Mar  3 12:37:33 2023


